#
# There is insufficient memory for the Java Runtime Environment to continue.
# Native memory allocation (malloc) failed to allocate 1004896 bytes for Chunk::new
# Possible reasons:
#   The system is out of physical RAM or swap space
#   The process is running with CompressedOops enabled, and the Java Heap may be blocking the growth of the native heap
# Possible solutions:
#   Reduce memory load on the system
#   Increase physical memory or swap space
#   Check if swap backing store is full
#   Decrease Java heap size (-Xmx/-Xms)
#   Decrease number of Java threads
#   Decrease Java thread stack sizes (-Xss)
#   Set larger code cache with -XX:ReservedCodeCacheSize=
#   JVM is running with Unscaled Compressed Oops mode in which the Java heap is
#     placed in the first 4GB address space. The Java Heap base address is the
#     maximum limit for the native heap growth. Please use -XX:HeapBaseMinAddress
#     to set the Java Heap base and to place the Java Heap above 4GB virtual address.
# This output file may be truncated or incomplete.
#
#  Out of Memory Error (arena.cpp:184), pid=10252, tid=20844
#
# JRE version: Java(TM) SE Runtime Environment (18.0.1.1+2) (build 18.0.1.1+2-6)
# Java VM: Java HotSpot(TM) 64-Bit Server VM (18.0.1.1+2-6, mixed mode, sharing, tiered, compressed oops, compressed class ptrs, g1 gc, windows-amd64)
# No core dump will be written. Minidumps are not enabled by default on client versions of Windows
#

---------------  S U M M A R Y ------------

Command Line: -javaagent:E:\IntelliJ IDEA Community Edition 2023.3.3\lib\idea_rt.jar=20751:E:\IntelliJ IDEA Community Edition 2023.3.3\bin -Dfile.encoding=UTF-8 -Dsun.stdout.encoding=UTF-8 -Dsun.stderr.encoding=UTF-8 --module-path=C:\Users\Win10\.m2\repository\org\apache\logging\log4j\log4j-api\2.14.1\log4j-api-2.14.1.jar;C:\Users\Win10\.m2\repository\com\dlsc\formsfx\formsfx-core\11.6.0\formsfx-core-11.6.0.jar;C:\Users\Win10\.m2\repository\org\openjfx\javafx-graphics\18.0.2\javafx-graphics-18.0.2-win.jar;C:\Users\Win10\.m2\repository\com\mysql\mysql-connector-j\8.0.33\mysql-connector-j-8.0.33.jar;C:\Users\Win10\.m2\repository\org\kordamp\bootstrapfx\bootstrapfx-core\0.4.0\bootstrapfx-core-0.4.0.jar;C:\Users\Win10\.m2\repository\org\openjfx\javafx-fxml\18.0.2\javafx-fxml-18.0.2-win.jar;E:\IntelijFiles\WMS\target\classes;C:\Users\Win10\.m2\repository\org\openjfx\javafx-controls\18.0.2\javafx-controls-18.0.2-win.jar;C:\Users\Win10\.m2\repository\org\mindrot\jbcrypt\0.4\jbcrypt-0.4.jar;C:\Users\Win10\.m2\repository\org\openjfx\javafx-base\18.0.2\javafx-base-18.0.2-win.jar -Djdk.module.main=org.wms org.wms/org.wms.main

Host: Intel(R) Core(TM) i5-10300H CPU @ 2.50GHz, 8 cores, 7G,  Windows 11 , 64 bit Build 22621 (10.0.22621.3085)
Time: Mon Feb 19 16:35:41 2024 India Standard Time elapsed time: 11.501836 seconds (0d 0h 0m 11s)

---------------  T H R E A D  ---------------

Current thread (0x0000029d40345f10):  JavaThread "C2 CompilerThread1" daemon [_thread_in_native, id=20844, stack(0x000000f833f00000,0x000000f834000000)]


Current CompileTask:
C2:  11501 4993   !   4       javafx.scene.CssStyleHelper::transitionToState (1031 bytes)

Stack: [0x000000f833f00000,0x000000f834000000]
Native frames: (J=compiled Java code, j=interpreted, Vv=VM code, C=native code)
V  [jvm.dll+0x69887a]
V  [jvm.dll+0x7f38bd]
V  [jvm.dll+0x7f51ce]
V  [jvm.dll+0x7f5883]
V  [jvm.dll+0x25ca3f]
V  [jvm.dll+0xb8c2f]
V  [jvm.dll+0xb8fa5]
V  [jvm.dll+0x2c794f]
V  [jvm.dll+0x5a05b0]
V  [jvm.dll+0x238398]
V  [jvm.dll+0x2319c5]
V  [jvm.dll+0x22eeeb]
V  [jvm.dll+0x1b9cfc]
V  [jvm.dll+0x23e8ca]
V  [jvm.dll+0x23cbb5]
V  [jvm.dll+0x7a5fb1]
V  [jvm.dll+0x7a03ea]
V  [jvm.dll+0x697725]
C  [ucrtbase.dll+0x29363]
C  [KERNEL32.DLL+0x1257d]
C  [ntdll.dll+0x5aa58]


---------------  P R O C E S S  ---------------

Threads class SMR info:
_java_thread_list=0x0000029d45902330, length=22, elements={
0x0000029d1d41b060, 0x0000029d3b52c320, 0x0000029d3b52cf80, 0x0000029d3b547700,
0x0000029d3b5490b0, 0x0000029d3b549a50, 0x0000029d3b54a3f0, 0x0000029d3b54e9d0,
0x0000029d3b5773d0, 0x0000029d3b579dc0, 0x0000029d3f8a8590, 0x0000029d3fc97d20,
0x0000029d3ff34810, 0x0000029d40142f80, 0x0000029d40219320, 0x0000029d40223000,
0x0000029d4022d330, 0x0000029d4022d7f0, 0x0000029d44d52110, 0x0000029d44d52f80,
0x0000029d44d50dd0, 0x0000029d40345f10
}

Java Threads: ( => current thread )
  0x0000029d1d41b060 JavaThread "main" [_thread_blocked, id=21472, stack(0x000000f832300000,0x000000f832400000)]
  0x0000029d3b52c320 JavaThread "Reference Handler" daemon [_thread_blocked, id=1316, stack(0x000000f832a00000,0x000000f832b00000)]
  0x0000029d3b52cf80 JavaThread "Finalizer" daemon [_thread_blocked, id=23384, stack(0x000000f832b00000,0x000000f832c00000)]
  0x0000029d3b547700 JavaThread "Signal Dispatcher" daemon [_thread_blocked, id=13580, stack(0x000000f832c00000,0x000000f832d00000)]
  0x0000029d3b5490b0 JavaThread "Attach Listener" daemon [_thread_blocked, id=15856, stack(0x000000f832d00000,0x000000f832e00000)]
  0x0000029d3b549a50 JavaThread "Service Thread" daemon [_thread_blocked, id=15024, stack(0x000000f832e00000,0x000000f832f00000)]
  0x0000029d3b54a3f0 JavaThread "Monitor Deflation Thread" daemon [_thread_blocked, id=18424, stack(0x000000f832f00000,0x000000f833000000)]
  0x0000029d3b54e9d0 JavaThread "C2 CompilerThread0" daemon [_thread_in_native, id=15368, stack(0x000000f833000000,0x000000f833100000)]
  0x0000029d3b5773d0 JavaThread "C1 CompilerThread0" daemon [_thread_blocked, id=20668, stack(0x000000f833100000,0x000000f833200000)]
  0x0000029d3b579dc0 JavaThread "Sweeper thread" daemon [_thread_blocked, id=20444, stack(0x000000f833200000,0x000000f833300000)]
  0x0000029d3f8a8590 JavaThread "Common-Cleaner" daemon [_thread_blocked, id=11540, stack(0x000000f833300000,0x000000f833400000)]
  0x0000029d3fc97d20 JavaThread "Monitor Ctrl-Break" daemon [_thread_in_native, id=18312, stack(0x000000f833500000,0x000000f833600000)]
  0x0000029d3ff34810 JavaThread "Notification Thread" daemon [_thread_blocked, id=10008, stack(0x000000f833600000,0x000000f833700000)]
  0x0000029d40142f80 JavaThread "QuantumRenderer-0" daemon [_thread_blocked, id=10092, stack(0x000000f833400000,0x000000f833500000)]
  0x0000029d40219320 JavaThread "InvokeLaterDispatcher" daemon [_thread_blocked, id=5500, stack(0x000000f833800000,0x000000f833900000)]
  0x0000029d40223000 JavaThread "JavaFX Application Thread" [_thread_in_Java, id=5460, stack(0x000000f833900000,0x000000f833a00000)]
  0x0000029d4022d330 JavaThread "Thread-1" daemon [_thread_in_native, id=18280, stack(0x000000f833d00000,0x000000f833e00000)]
  0x0000029d4022d7f0 JavaThread "JavaFX-Launcher" [_thread_blocked, id=7412, stack(0x000000f833e00000,0x000000f833f00000)]
  0x0000029d44d52110 JavaThread "mysql-cj-abandoned-connection-cleanup" daemon [_thread_blocked, id=20684, stack(0x000000f834500000,0x000000f834600000)]
  0x0000029d44d52f80 JavaThread "Prism Font Disposer" daemon [_thread_blocked, id=744, stack(0x000000f834c00000,0x000000f834d00000)]
  0x0000029d44d50dd0 JavaThread "Cleaner-0" daemon [_thread_blocked, id=4092, stack(0x000000f834e00000,0x000000f834f00000)]
=>0x0000029d40345f10 JavaThread "C2 CompilerThread1" daemon [_thread_in_native, id=20844, stack(0x000000f833f00000,0x000000f834000000)]

Other Threads:
  0x0000029d3b529960 VMThread "VM Thread" [stack: 0x000000f832900000,0x000000f832a00000] [id=23236]
  0x0000029d3ff35150 WatcherThread "VM Periodic Task Thread" [stack: 0x000000f833700000,0x000000f833800000] [id=11980]
  0x0000029d1d47d400 WorkerThread "GC Thread#0" [stack: 0x000000f832400000,0x000000f832500000] [id=16192]
  0x0000029d4034f730 WorkerThread "GC Thread#1" [stack: 0x000000f834000000,0x000000f834100000] [id=4872]
  0x0000029d4034fc70 WorkerThread "GC Thread#2" [stack: 0x000000f834100000,0x000000f834200000] [id=13320]
  0x0000029d403501b0 WorkerThread "GC Thread#3" [stack: 0x000000f834200000,0x000000f834300000] [id=16096]
  0x0000029d44df9f60 WorkerThread "GC Thread#4" [stack: 0x000000f834300000,0x000000f834400000] [id=2044]
  0x0000029d44df8fa0 WorkerThread "GC Thread#5" [stack: 0x000000f834400000,0x000000f834500000] [id=16468]
  0x0000029d44dfa200 WorkerThread "GC Thread#6" [stack: 0x000000f834600000,0x000000f834700000] [id=12672]
  0x0000029d44dfac80 WorkerThread "GC Thread#7" [stack: 0x000000f834700000,0x000000f834800000] [id=22340]
  0x0000029d1d48df30 ConcurrentGCThread "G1 Main Marker" [stack: 0x000000f832500000,0x000000f832600000] [id=20848]
  0x0000029d1d4910e0 WorkerThread "G1 Conc#0" [stack: 0x000000f832600000,0x000000f832700000] [id=21040]
  0x0000029d44df94e0 WorkerThread "G1 Conc#1" [stack: 0x000000f834800000,0x000000f834900000] [id=18996]
  0x0000029d1d4ce1a0 ConcurrentGCThread "G1 Refine#0" [stack: 0x000000f832700000,0x000000f832800000] [id=604]
  0x0000029d44eddd40 ConcurrentGCThread "G1 Refine#1" [stack: 0x000000f834f00000,0x000000f835000000] [id=21364]
  0x0000029d1d4ceab0 ConcurrentGCThread "G1 Service" [stack: 0x000000f832800000,0x000000f832900000] [id=6692]

Threads with active compile tasks:
C2 CompilerThread0    11548 5171       4       javafx.scene.Parent::updateBounds (44 bytes)
C2 CompilerThread1    11548 4993   !   4       javafx.scene.CssStyleHelper::transitionToState (1031 bytes)

VM state: not at safepoint (normal execution)

VM Mutex/Monitor currently owned by a thread: None

Heap address: 0x0000000082000000, size: 2016 MB, Compressed Oops mode: 32-bit

CDS archive(s) mapped at: [0x0000000800000000-0x0000000800ba0000-0x0000000800ba0000), size 12189696, SharedBaseAddress: 0x0000000800000000, ArchiveRelocationMode: 0.
Compressed class space mapped at: 0x0000000800c00000-0x0000000840c00000, reserved size: 1073741824
Narrow klass base: 0x0000000800000000, Narrow klass shift: 0, Narrow klass range: 0x100000000

GC Precious Log:
 CardTable entry size: 512
 Card Set container configuration: InlinePtr #cards 5 size 8 Array Of Cards #cards 12 size 40 Howl #buckets 4 coarsen threshold 1843 Howl Bitmap #cards 512 size 80 coarsen threshold 460 Card regions per heap region 1 cards per card region 2048
 CPUs: 8 total, 8 available
 Memory: 8059M
 Large Page Support: Disabled
 NUMA Support: Disabled
 Compressed Oops: Enabled (32-bit)
 Heap Region Size: 1M
 Heap Min Capacity: 8M
 Heap Initial Capacity: 126M
 Heap Max Capacity: 2016M
 Pre-touch: Disabled
 Parallel Workers: 8
 Concurrent Workers: 2
 Concurrent Refinement Workers: 8
 Periodic GC: Disabled

Heap:
 garbage-first heap   total 116736K, used 74274K [0x0000000082000000, 0x0000000100000000)
  region size 1024K, 4 young (4096K), 3 survivors (3072K)
 Metaspace       used 34066K, committed 34432K, reserved 1114112K
  class space    used 4567K, committed 4736K, reserved 1048576K

Heap Regions: E=young(eden), S=young(survivor), O=old, HS=humongous(starts), HC=humongous(continues), CS=collection set, F=free, OA=open archive, CA=closed archive, TAMS=top-at-mark-start (previous, next)
|   0|0x0000000082000000, 0x0000000082100000, 0x0000000082100000|100%| O|  |TAMS 0x0000000082100000, 0x0000000082100000| Untracked 
|   1|0x0000000082100000, 0x0000000082200000, 0x0000000082200000|100%| O|  |TAMS 0x0000000082200000, 0x0000000082200000| Untracked 
|   2|0x0000000082200000, 0x0000000082300000, 0x0000000082300000|100%| O|  |TAMS 0x0000000082300000, 0x0000000082300000| Untracked 
|   3|0x0000000082300000, 0x0000000082400000, 0x0000000082400000|100%| O|  |TAMS 0x0000000082400000, 0x0000000082400000| Untracked 
|   4|0x0000000082400000, 0x0000000082500000, 0x0000000082500000|100%|HS|  |TAMS 0x0000000082500000, 0x0000000082500000| Complete 
|   5|0x0000000082500000, 0x0000000082600000, 0x0000000082600000|100%|HC|  |TAMS 0x0000000082600000, 0x0000000082600000| Complete 
|   6|0x0000000082600000, 0x0000000082700000, 0x0000000082700000|100%|HC|  |TAMS 0x0000000082700000, 0x0000000082700000| Complete 
|   7|0x0000000082700000, 0x0000000082800000, 0x0000000082800000|100%|HC|  |TAMS 0x0000000082800000, 0x0000000082800000| Complete 
|   8|0x0000000082800000, 0x0000000082900000, 0x0000000082900000|100%|HC|  |TAMS 0x0000000082900000, 0x0000000082900000| Complete 
|   9|0x0000000082900000, 0x0000000082a00000, 0x0000000082a00000|100%| O|  |TAMS 0x0000000082a00000, 0x0000000082a00000| Untracked 
|  10|0x0000000082a00000, 0x0000000082b00000, 0x0000000082b00000|100%| O|  |TAMS 0x0000000082b00000, 0x0000000082b00000| Untracked 
|  11|0x0000000082b00000, 0x0000000082c00000, 0x0000000082c00000|100%| O|  |TAMS 0x0000000082c00000, 0x0000000082c00000| Untracked 
|  12|0x0000000082c00000, 0x0000000082d00000, 0x0000000082d00000|100%|HS|  |TAMS 0x0000000082d00000, 0x0000000082d00000| Complete 
|  13|0x0000000082d00000, 0x0000000082e00000, 0x0000000082e00000|100%|HC|  |TAMS 0x0000000082e00000, 0x0000000082e00000| Complete 
|  14|0x0000000082e00000, 0x0000000082f00000, 0x0000000082f00000|100%| O|  |TAMS 0x0000000082f00000, 0x0000000082f00000| Untracked 
|  15|0x0000000082f00000, 0x0000000083000000, 0x0000000083000000|100%| O|  |TAMS 0x0000000083000000, 0x0000000083000000| Untracked 
|  16|0x0000000083000000, 0x0000000083100000, 0x0000000083100000|100%| O|  |TAMS 0x0000000083100000, 0x0000000083100000| Untracked 
|  17|0x0000000083100000, 0x0000000083200000, 0x0000000083200000|100%| O|  |TAMS 0x0000000083100000, 0x0000000083100000| Untracked 
|  18|0x0000000083200000, 0x0000000083300000, 0x0000000083300000|100%|HS|  |TAMS 0x0000000083300000, 0x0000000083300000| Complete 
|  19|0x0000000083300000, 0x0000000083400000, 0x0000000083400000|100%|HC|  |TAMS 0x0000000083400000, 0x0000000083400000| Complete 
|  20|0x0000000083400000, 0x0000000083500000, 0x0000000083500000|100%|HC|  |TAMS 0x0000000083500000, 0x0000000083500000| Complete 
|  21|0x0000000083500000, 0x0000000083600000, 0x0000000083600000|100%|HC|  |TAMS 0x0000000083600000, 0x0000000083600000| Complete 
|  22|0x0000000083600000, 0x0000000083700000, 0x0000000083700000|100%|HC|  |TAMS 0x0000000083700000, 0x0000000083700000| Complete 
|  23|0x0000000083700000, 0x0000000083800000, 0x0000000083800000|100%|HS|  |TAMS 0x0000000083800000, 0x0000000083800000| Complete 
|  24|0x0000000083800000, 0x0000000083900000, 0x0000000083900000|100%|HC|  |TAMS 0x0000000083900000, 0x0000000083900000| Complete 
|  25|0x0000000083900000, 0x0000000083a00000, 0x0000000083a00000|100%|HC|  |TAMS 0x0000000083a00000, 0x0000000083a00000| Complete 
|  26|0x0000000083a00000, 0x0000000083b00000, 0x0000000083b00000|100%|HC|  |TAMS 0x0000000083b00000, 0x0000000083b00000| Complete 
|  27|0x0000000083b00000, 0x0000000083c00000, 0x0000000083c00000|100%|HC|  |TAMS 0x0000000083c00000, 0x0000000083c00000| Complete 
|  28|0x0000000083c00000, 0x0000000083d00000, 0x0000000083d00000|100%| O|  |TAMS 0x0000000083d00000, 0x0000000083d00000| Untracked 
|  29|0x0000000083d00000, 0x0000000083e00000, 0x0000000083e00000|100%|HS|  |TAMS 0x0000000083e00000, 0x0000000083e00000| Complete 
|  30|0x0000000083e00000, 0x0000000083f00000, 0x0000000083f00000|100%|HC|  |TAMS 0x0000000083f00000, 0x0000000083f00000| Complete 
|  31|0x0000000083f00000, 0x0000000084000000, 0x0000000084000000|100%|HC|  |TAMS 0x0000000084000000, 0x0000000084000000| Complete 
|  32|0x0000000084000000, 0x0000000084100000, 0x0000000084100000|100%|HC|  |TAMS 0x0000000084100000, 0x0000000084100000| Complete 
|  33|0x0000000084100000, 0x0000000084200000, 0x0000000084200000|100%|HC|  |TAMS 0x0000000084200000, 0x0000000084200000| Complete 
|  34|0x0000000084200000, 0x0000000084300000, 0x0000000084300000|100%|HS|  |TAMS 0x0000000084300000, 0x0000000084300000| Complete 
|  35|0x0000000084300000, 0x0000000084400000, 0x0000000084400000|100%|HC|  |TAMS 0x0000000084400000, 0x0000000084400000| Complete 
|  36|0x0000000084400000, 0x0000000084500000, 0x0000000084500000|100%|HC|  |TAMS 0x0000000084500000, 0x0000000084500000| Complete 
|  37|0x0000000084500000, 0x0000000084600000, 0x0000000084600000|100%|HC|  |TAMS 0x0000000084600000, 0x0000000084600000| Complete 
|  38|0x0000000084600000, 0x0000000084700000, 0x0000000084700000|100%|HC|  |TAMS 0x0000000084700000, 0x0000000084700000| Complete 
|  39|0x0000000084700000, 0x0000000084800000, 0x0000000084800000|100%|HS|  |TAMS 0x0000000084800000, 0x0000000084800000| Complete 
|  40|0x0000000084800000, 0x0000000084900000, 0x0000000084900000|100%|HC|  |TAMS 0x0000000084900000, 0x0000000084900000| Complete 
|  41|0x0000000084900000, 0x0000000084a00000, 0x0000000084a00000|100%|HC|  |TAMS 0x0000000084a00000, 0x0000000084a00000| Complete 
|  42|0x0000000084a00000, 0x0000000084b00000, 0x0000000084b00000|100%|HC|  |TAMS 0x0000000084b00000, 0x0000000084b00000| Complete 
|  43|0x0000000084b00000, 0x0000000084c00000, 0x0000000084c00000|100%|HC|  |TAMS 0x0000000084c00000, 0x0000000084c00000| Complete 
|  44|0x0000000084c00000, 0x0000000084d00000, 0x0000000084d00000|100%|HS|  |TAMS 0x0000000084d00000, 0x0000000084d00000| Complete 
|  45|0x0000000084d00000, 0x0000000084e00000, 0x0000000084e00000|100%|HC|  |TAMS 0x0000000084e00000, 0x0000000084e00000| Complete 
|  46|0x0000000084e00000, 0x0000000084f00000, 0x0000000084f00000|100%|HC|  |TAMS 0x0000000084f00000, 0x0000000084f00000| Complete 
|  47|0x0000000084f00000, 0x0000000085000000, 0x0000000085000000|100%|HC|  |TAMS 0x0000000085000000, 0x0000000085000000| Complete 
|  48|0x0000000085000000, 0x0000000085100000, 0x0000000085100000|100%|HC|  |TAMS 0x0000000085100000, 0x0000000085100000| Complete 
|  49|0x0000000085100000, 0x0000000085200000, 0x0000000085200000|100%|HS|  |TAMS 0x0000000085200000, 0x0000000085200000| Complete 
|  50|0x0000000085200000, 0x0000000085300000, 0x0000000085300000|100%|HC|  |TAMS 0x0000000085300000, 0x0000000085300000| Complete 
|  51|0x0000000085300000, 0x0000000085400000, 0x0000000085400000|100%|HC|  |TAMS 0x0000000085400000, 0x0000000085400000| Complete 
|  52|0x0000000085400000, 0x0000000085500000, 0x0000000085500000|100%|HC|  |TAMS 0x0000000085500000, 0x0000000085500000| Complete 
|  53|0x0000000085500000, 0x0000000085600000, 0x0000000085600000|100%|HC|  |TAMS 0x0000000085600000, 0x0000000085600000| Complete 
|  54|0x0000000085600000, 0x0000000085700000, 0x0000000085700000|100%|HS|  |TAMS 0x0000000085700000, 0x0000000085700000| Complete 
|  55|0x0000000085700000, 0x0000000085800000, 0x0000000085800000|100%|HC|  |TAMS 0x0000000085800000, 0x0000000085800000| Complete 
|  56|0x0000000085800000, 0x0000000085900000, 0x0000000085900000|100%|HC|  |TAMS 0x0000000085900000, 0x0000000085900000| Complete 
|  57|0x0000000085900000, 0x0000000085a00000, 0x0000000085a00000|100%|HC|  |TAMS 0x0000000085a00000, 0x0000000085a00000| Complete 
|  58|0x0000000085a00000, 0x0000000085b00000, 0x0000000085b00000|100%|HC|  |TAMS 0x0000000085b00000, 0x0000000085b00000| Complete 
|  59|0x0000000085b00000, 0x0000000085c00000, 0x0000000085c00000|100%| O|  |TAMS 0x0000000085b00000, 0x0000000085b00000| Untracked 
|  60|0x0000000085c00000, 0x0000000085d00000, 0x0000000085d00000|100%| O|  |TAMS 0x0000000085c00000, 0x0000000085c00000| Untracked 
|  61|0x0000000085d00000, 0x0000000085d88a00, 0x0000000085e00000| 53%| O|  |TAMS 0x0000000085d00000, 0x0000000085d00000| Untracked 
|  62|0x0000000085e00000, 0x0000000085e00000, 0x0000000085f00000|  0%| F|  |TAMS 0x0000000085e00000, 0x0000000085e00000| Untracked 
|  63|0x0000000085f00000, 0x0000000085f00000, 0x0000000086000000|  0%| F|  |TAMS 0x0000000085f00000, 0x0000000085f00000| Untracked 
|  64|0x0000000086000000, 0x0000000086000000, 0x0000000086100000|  0%| F|  |TAMS 0x0000000086000000, 0x0000000086000000| Untracked 
|  65|0x0000000086100000, 0x0000000086100000, 0x0000000086200000|  0%| F|  |TAMS 0x0000000086100000, 0x0000000086100000| Untracked 
|  66|0x0000000086200000, 0x0000000086200000, 0x0000000086300000|  0%| F|  |TAMS 0x0000000086200000, 0x0000000086200000| Untracked 
|  67|0x0000000086300000, 0x0000000086300000, 0x0000000086400000|  0%| F|  |TAMS 0x0000000086300000, 0x0000000086300000| Untracked 
|  68|0x0000000086400000, 0x0000000086400000, 0x0000000086500000|  0%| F|  |TAMS 0x0000000086400000, 0x0000000086400000| Untracked 
|  69|0x0000000086500000, 0x0000000086500000, 0x0000000086600000|  0%| F|  |TAMS 0x0000000086500000, 0x0000000086500000| Untracked 
|  70|0x0000000086600000, 0x0000000086600000, 0x0000000086700000|  0%| F|  |TAMS 0x0000000086600000, 0x0000000086600000| Untracked 
|  71|0x0000000086700000, 0x0000000086700000, 0x0000000086800000|  0%| F|  |TAMS 0x0000000086700000, 0x0000000086700000| Untracked 
|  72|0x0000000086800000, 0x0000000086800000, 0x0000000086900000|  0%| F|  |TAMS 0x0000000086800000, 0x0000000086800000| Untracked 
|  73|0x0000000086900000, 0x0000000086900000, 0x0000000086a00000|  0%| F|  |TAMS 0x0000000086900000, 0x0000000086900000| Untracked 
|  74|0x0000000086a00000, 0x0000000086a00000, 0x0000000086b00000|  0%| F|  |TAMS 0x0000000086a00000, 0x0000000086a00000| Untracked 
|  75|0x0000000086b00000, 0x0000000086b00000, 0x0000000086c00000|  0%| F|  |TAMS 0x0000000086b00000, 0x0000000086b00000| Untracked 
|  76|0x0000000086c00000, 0x0000000086c00000, 0x0000000086d00000|  0%| F|  |TAMS 0x0000000086c00000, 0x0000000086c00000| Untracked 
|  77|0x0000000086d00000, 0x0000000086d00000, 0x0000000086e00000|  0%| F|  |TAMS 0x0000000086d00000, 0x0000000086d00000| Untracked 
|  78|0x0000000086e00000, 0x0000000086e00000, 0x0000000086f00000|  0%| F|  |TAMS 0x0000000086e00000, 0x0000000086e00000| Untracked 
|  79|0x0000000086f00000, 0x0000000087000000, 0x0000000087000000|100%| S|CS|TAMS 0x0000000086f00000, 0x0000000086f00000| Complete 
|  80|0x0000000087000000, 0x0000000087100000, 0x0000000087100000|100%| S|CS|TAMS 0x0000000087000000, 0x0000000087000000| Complete 
|  81|0x0000000087100000, 0x0000000087200000, 0x0000000087200000|100%| S|CS|TAMS 0x0000000087100000, 0x0000000087100000| Complete 
|  82|0x0000000087200000, 0x0000000087200000, 0x0000000087300000|  0%| F|  |TAMS 0x0000000087200000, 0x0000000087200000| Untracked 
|  83|0x0000000087300000, 0x0000000087300000, 0x0000000087400000|  0%| F|  |TAMS 0x0000000087300000, 0x0000000087300000| Untracked 
|  84|0x0000000087400000, 0x0000000087400000, 0x0000000087500000|  0%| F|  |TAMS 0x0000000087400000, 0x0000000087400000| Untracked 
|  85|0x0000000087500000, 0x0000000087500000, 0x0000000087600000|  0%| F|  |TAMS 0x0000000087500000, 0x0000000087500000| Untracked 
|  86|0x0000000087600000, 0x0000000087600000, 0x0000000087700000|  0%| F|  |TAMS 0x0000000087600000, 0x0000000087600000| Untracked 
|  87|0x0000000087700000, 0x0000000087700000, 0x0000000087800000|  0%| F|  |TAMS 0x0000000087700000, 0x0000000087700000| Untracked 
|  88|0x0000000087800000, 0x0000000087800000, 0x0000000087900000|  0%| F|  |TAMS 0x0000000087800000, 0x0000000087800000| Untracked 
|  89|0x0000000087900000, 0x0000000087900000, 0x0000000087a00000|  0%| F|  |TAMS 0x0000000087900000, 0x0000000087900000| Untracked 
|  90|0x0000000087a00000, 0x0000000087a00000, 0x0000000087b00000|  0%| F|  |TAMS 0x0000000087a00000, 0x0000000087a00000| Untracked 
|  91|0x0000000087b00000, 0x0000000087b00000, 0x0000000087c00000|  0%| F|  |TAMS 0x0000000087b00000, 0x0000000087b00000| Untracked 
|  92|0x0000000087c00000, 0x0000000087c00000, 0x0000000087d00000|  0%| F|  |TAMS 0x0000000087c00000, 0x0000000087c00000| Untracked 
|  93|0x0000000087d00000, 0x0000000087d00000, 0x0000000087e00000|  0%| F|  |TAMS 0x0000000087d00000, 0x0000000087d00000| Untracked 
|  94|0x0000000087e00000, 0x0000000087e00000, 0x0000000087f00000|  0%| F|  |TAMS 0x0000000087e00000, 0x0000000087e00000| Untracked 
|  95|0x0000000087f00000, 0x0000000087f00000, 0x0000000088000000|  0%| F|  |TAMS 0x0000000087f00000, 0x0000000087f00000| Untracked 
|  96|0x0000000088000000, 0x0000000088000000, 0x0000000088100000|  0%| F|  |TAMS 0x0000000088000000, 0x0000000088000000| Untracked 
|  97|0x0000000088100000, 0x0000000088100000, 0x0000000088200000|  0%| F|  |TAMS 0x0000000088100000, 0x0000000088100000| Untracked 
|  98|0x0000000088200000, 0x0000000088200000, 0x0000000088300000|  0%| F|  |TAMS 0x0000000088200000, 0x0000000088200000| Untracked 
|  99|0x0000000088300000, 0x0000000088300000, 0x0000000088400000|  0%| F|  |TAMS 0x0000000088300000, 0x0000000088300000| Untracked 
| 100|0x0000000088400000, 0x0000000088400000, 0x0000000088500000|  0%| F|  |TAMS 0x0000000088400000, 0x0000000088400000| Untracked 
| 101|0x0000000088500000, 0x0000000088500000, 0x0000000088600000|  0%| F|  |TAMS 0x0000000088500000, 0x0000000088500000| Untracked 
| 102|0x0000000088600000, 0x0000000088600000, 0x0000000088700000|  0%| F|  |TAMS 0x0000000088600000, 0x0000000088600000| Untracked 
| 103|0x0000000088700000, 0x0000000088700000, 0x0000000088800000|  0%| F|  |TAMS 0x0000000088700000, 0x0000000088700000| Untracked 
| 114|0x0000000089200000, 0x0000000089300000, 0x0000000089300000|100%|HS|  |TAMS 0x0000000089300000, 0x0000000089300000| Complete 
| 115|0x0000000089300000, 0x0000000089400000, 0x0000000089400000|100%|HC|  |TAMS 0x0000000089400000, 0x0000000089400000| Complete 
| 116|0x0000000089400000, 0x0000000089500000, 0x0000000089500000|100%|HC|  |TAMS 0x0000000089500000, 0x0000000089500000| Complete 
| 117|0x0000000089500000, 0x0000000089600000, 0x0000000089600000|100%|HC|  |TAMS 0x0000000089600000, 0x0000000089600000| Complete 
| 118|0x0000000089600000, 0x0000000089700000, 0x0000000089700000|100%|HC|  |TAMS 0x0000000089700000, 0x0000000089700000| Complete 
| 119|0x0000000089700000, 0x00000000897134d0, 0x0000000089800000|  7%| E|  |TAMS 0x0000000089700000, 0x0000000089700000| Complete 
| 125|0x0000000089d00000, 0x0000000089e00000, 0x0000000089e00000|100%| E|CS|TAMS 0x0000000089d00000, 0x0000000089d00000| Complete 
|2013|0x00000000ffd00000, 0x00000000ffe00000, 0x00000000ffe00000|100%| O|  |TAMS 0x00000000ffdabe00, 0x00000000ffdd7000| Untracked 
|2014|0x00000000ffe00000, 0x00000000fff00000, 0x00000000fff00000|100%| O|  |TAMS 0x00000000fff00000, 0x00000000fff00000| Untracked 
|2015|0x00000000fff00000, 0x0000000100000000, 0x0000000100000000|100%| O|  |TAMS 0x0000000100000000, 0x0000000100000000| Untracked 

Card table byte_map: [0x0000029d34460000,0x0000029d34850000] _byte_map_base: 0x0000029d34050000

Marking Bits (Prev, Next): (CMBitMap*) 0x0000029d1d47da00, (CMBitMap*) 0x0000029d1d47da40
 Prev Bits: [0x0000029d34c40000, 0x0000029d36bc0000)
 Next Bits: [0x0000029d36bc0000, 0x0000029d38b40000)

Polling page: 0x0000029d1b3e0000

Metaspace:

Usage:
  Non-class:     28.81 MB used.
      Class:      4.46 MB used.
       Both:     33.27 MB used.

Virtual space:
  Non-class space:       64.00 MB reserved,      29.00 MB ( 45%) committed,  1 nodes.
      Class space:        1.00 GB reserved,       4.62 MB ( <1%) committed,  1 nodes.
             Both:        1.06 GB reserved,      33.62 MB (  3%) committed. 

Chunk freelists:
   Non-Class:  2.95 MB
       Class:  3.23 MB
        Both:  6.18 MB

MaxMetaspaceSize: unlimited
CompressedClassSpaceSize: 1.00 GB
Initial GC threshold: 21.00 MB
Current GC threshold: 51.88 MB
CDS: on
MetaspaceReclaimPolicy: balanced
 - commit_granule_bytes: 65536.
 - commit_granule_words: 8192.
 - virtual_space_node_default_size: 8388608.
 - enlarge_chunks_in_place: 1.
 - new_chunks_are_fully_committed: 0.
 - uncommit_free_chunks: 1.
 - use_allocation_guard: 0.


Internal statistics:

num_allocs_failed_limit: 3.
num_arena_births: 416.
num_arena_deaths: 0.
num_vsnodes_births: 2.
num_vsnodes_deaths: 0.
num_space_committed: 538.
num_space_uncommitted: 0.
num_chunks_returned_to_freelist: 3.
num_chunks_taken_from_freelist: 1341.
num_chunk_merges: 3.
num_chunk_splits: 959.
num_chunks_enlarged: 766.
num_inconsistent_stats: 0.

CodeHeap 'non-profiled nmethods': size=120000Kb used=1971Kb max_used=1971Kb free=118028Kb
 bounds [0x0000029d2c810000, 0x0000029d2ca80000, 0x0000029d33d40000]
CodeHeap 'profiled nmethods': size=120000Kb used=11149Kb max_used=11149Kb free=108850Kb
 bounds [0x0000029d252e0000, 0x0000029d25dd0000, 0x0000029d2c810000]
CodeHeap 'non-nmethods': size=5760Kb used=1560Kb max_used=1617Kb free=4200Kb
 bounds [0x0000029d24d40000, 0x0000029d24fb0000, 0x0000029d252e0000]
 total_blobs=6170 nmethods=5231 adapters=851
 compilation: enabled
              stopped_count=0, restarted_count=0
 full_count=0

Compilation events (20 events):
Event: 11.485 Thread 0x0000029d3b5773d0 5112       3       java.nio.CharBuffer::position (6 bytes)
Event: 11.486 Thread 0x0000029d3b5773d0 nmethod 5112 0x0000029d25d8e490 code [0x0000029d25d8e640, 0x0000029d25d8e7e8]
Event: 11.486 Thread 0x0000029d3b5773d0 5113       3       jdk.internal.misc.VM::isModuleSystemInited (13 bytes)
Event: 11.486 Thread 0x0000029d3b5773d0 nmethod 5113 0x0000029d25d8e890 code [0x0000029d25d8ea20, 0x0000029d25d8eb78]
Event: 11.486 Thread 0x0000029d3b5773d0 5114       3       java.nio.charset.CoderResult::isOverflow (14 bytes)
Event: 11.486 Thread 0x0000029d3b5773d0 nmethod 5114 0x0000029d25d8ec10 code [0x0000029d25d8eda0, 0x0000029d25d8ef18]
Event: 11.487 Thread 0x0000029d3b5773d0 5115       3       javafx.animation.Animation::syncClipEnvelope (56 bytes)
Event: 11.488 Thread 0x0000029d3b5773d0 nmethod 5115 0x0000029d25d8ef90 code [0x0000029d25d8f1e0, 0x0000029d25d8fe78]
Event: 11.488 Thread 0x0000029d3b5773d0 5116       3       com.sun.scenario.animation.shared.ClipEnvelope::updateCycleTicks (9 bytes)
Event: 11.488 Thread 0x0000029d3b5773d0 nmethod 5116 0x0000029d25d90190 code [0x0000029d25d90360, 0x0000029d25d90588]
Event: 11.489 Thread 0x0000029d3b5773d0 5119       3       java.io.BufferedWriter::ensureOpen (18 bytes)
Event: 11.490 Thread 0x0000029d3b5773d0 nmethod 5119 0x0000029d25d90690 code [0x0000029d25d90840, 0x0000029d25d90a48]
Event: 11.490 Thread 0x0000029d3b5773d0 5121       3       com.sun.javafx.scene.shape.ShapeHelper::updatePeerImpl (15 bytes)
Event: 11.491 Thread 0x0000029d3b5773d0 nmethod 5121 0x0000029d25d90b10 code [0x0000029d25d90d00, 0x0000029d25d91198]
Event: 11.491 Thread 0x0000029d3b5773d0 5122       3       javafx.scene.shape.Shape$1::doUpdatePeer (8 bytes)
Event: 11.491 Thread 0x0000029d3b5773d0 nmethod 5122 0x0000029d25d91410 code [0x0000029d25d915c0, 0x0000029d25d91868]
Event: 11.491 Thread 0x0000029d3b5773d0 5123       3       javafx.scene.shape.Shape::doUpdatePeer (5 bytes)
Event: 11.491 Thread 0x0000029d3b5773d0 nmethod 5123 0x0000029d25d91990 code [0x0000029d25d91b20, 0x0000029d25d91c68]
Event: 11.491 Thread 0x0000029d3b5773d0 5124       3       javafx.scene.shape.Shape::updatePGShape (201 bytes)
Event: 11.495 Thread 0x0000029d3b5773d0 nmethod 5124 0x0000029d25d91d10 code [0x0000029d25d92480, 0x0000029d25d97208]

GC Heap History (20 events):
Event: 1.507 GC heap before
{Heap before GC invocations=2 (full 0):
 garbage-first heap   total 129024K, used 13728K [0x0000000082000000, 0x0000000100000000)
  region size 1024K, 11 young (11264K), 5 survivors (5120K)
 Metaspace       used 21229K, committed 21504K, reserved 1114112K
  class space    used 2497K, committed 2624K, reserved 1048576K
}
Event: 1.512 GC heap after
{Heap after GC invocations=3 (full 0):
 garbage-first heap   total 129024K, used 9166K [0x0000000082000000, 0x0000000100000000)
  region size 1024K, 6 young (6144K), 6 survivors (6144K)
 Metaspace       used 21229K, committed 21504K, reserved 1114112K
  class space    used 2497K, committed 2624K, reserved 1048576K
}
Event: 1.856 GC heap before
{Heap before GC invocations=4 (full 0):
 garbage-first heap   total 37888K, used 31694K [0x0000000082000000, 0x0000000100000000)
  region size 1024K, 23 young (23552K), 6 survivors (6144K)
 Metaspace       used 24977K, committed 25280K, reserved 1114112K
  class space    used 3076K, committed 3264K, reserved 1048576K
}
Event: 1.862 GC heap after
{Heap after GC invocations=5 (full 0):
 garbage-first heap   total 40960K, used 16613K [0x0000000082000000, 0x0000000100000000)
  region size 1024K, 3 young (3072K), 3 survivors (3072K)
 Metaspace       used 24977K, committed 25280K, reserved 1114112K
  class space    used 3076K, committed 3264K, reserved 1048576K
}
Event: 1.905 GC heap before
{Heap before GC invocations=5 (full 0):
 garbage-first heap   total 40960K, used 17637K [0x0000000082000000, 0x0000000100000000)
  region size 1024K, 4 young (4096K), 3 survivors (3072K)
 Metaspace       used 25237K, committed 25600K, reserved 1114112K
  class space    used 3121K, committed 3264K, reserved 1048576K
}
Event: 1.909 GC heap after
{Heap after GC invocations=6 (full 0):
 garbage-first heap   total 40960K, used 17250K [0x0000000082000000, 0x0000000100000000)
  region size 1024K, 1 young (1024K), 1 survivors (1024K)
 Metaspace       used 25237K, committed 25600K, reserved 1114112K
  class space    used 3121K, committed 3264K, reserved 1048576K
}
Event: 2.162 GC heap before
{Heap before GC invocations=6 (full 0):
 garbage-first heap   total 40960K, used 28514K [0x0000000082000000, 0x0000000100000000)
  region size 1024K, 13 young (13312K), 1 survivors (1024K)
 Metaspace       used 28296K, committed 28608K, reserved 1114112K
  class space    used 3706K, committed 3840K, reserved 1048576K
}
Event: 2.164 GC heap after
{Heap after GC invocations=7 (full 0):
 garbage-first heap   total 53248K, used 17774K [0x0000000082000000, 0x0000000100000000)
  region size 1024K, 2 young (2048K), 2 survivors (2048K)
 Metaspace       used 28296K, committed 28608K, reserved 1114112K
  class space    used 3706K, committed 3840K, reserved 1048576K
}
Event: 10.104 GC heap before
{Heap before GC invocations=7 (full 0):
 garbage-first heap   total 53248K, used 36206K [0x0000000082000000, 0x0000000100000000)
  region size 1024K, 14 young (14336K), 2 survivors (2048K)
 Metaspace       used 30790K, committed 31104K, reserved 1114112K
  class space    used 4057K, committed 4224K, reserved 1048576K
}
Event: 10.107 GC heap after
{Heap after GC invocations=8 (full 0):
 garbage-first heap   total 53248K, used 26455K [0x0000000082000000, 0x0000000100000000)
  region size 1024K, 3 young (3072K), 3 survivors (3072K)
 Metaspace       used 30790K, committed 31104K, reserved 1114112K
  class space    used 4057K, committed 4224K, reserved 1048576K
}
Event: 10.145 GC heap before
{Heap before GC invocations=9 (full 0):
 garbage-first heap   total 56320K, used 31575K [0x0000000082000000, 0x0000000100000000)
  region size 1024K, 4 young (4096K), 3 survivors (3072K)
 Metaspace       used 30792K, committed 31104K, reserved 1114112K
  class space    used 4057K, committed 4224K, reserved 1048576K
}
Event: 10.147 GC heap after
{Heap after GC invocations=10 (full 0):
 garbage-first heap   total 56320K, used 31861K [0x0000000082000000, 0x0000000100000000)
  region size 1024K, 1 young (1024K), 1 survivors (1024K)
 Metaspace       used 30792K, committed 31104K, reserved 1114112K
  class space    used 4057K, committed 4224K, reserved 1048576K
}
Event: 10.417 GC heap before
{Heap before GC invocations=11 (full 0):
 garbage-first heap   total 69632K, used 68725K [0x0000000082000000, 0x0000000100000000)
  region size 1024K, 2 young (2048K), 1 survivors (1024K)
 Metaspace       used 30919K, committed 31232K, reserved 1114112K
  class space    used 4082K, committed 4224K, reserved 1048576K
}
Event: 10.418 GC heap after
{Heap after GC invocations=12 (full 0):
 garbage-first heap   total 70656K, used 67592K [0x0000000082000000, 0x0000000100000000)
  region size 1024K, 1 young (1024K), 1 survivors (1024K)
 Metaspace       used 30919K, committed 31232K, reserved 1114112K
  class space    used 4082K, committed 4224K, reserved 1048576K
}
Event: 10.750 GC heap before
{Heap before GC invocations=12 (full 0):
 garbage-first heap   total 70656K, used 69640K [0x0000000082000000, 0x0000000100000000)
  region size 1024K, 3 young (3072K), 1 survivors (1024K)
 Metaspace       used 31280K, committed 31680K, reserved 1114112K
  class space    used 4112K, committed 4288K, reserved 1048576K
}
Event: 10.753 GC heap after
{Heap after GC invocations=13 (full 0):
 garbage-first heap   total 72704K, used 67555K [0x0000000082000000, 0x0000000100000000)
  region size 1024K, 1 young (1024K), 1 survivors (1024K)
 Metaspace       used 31280K, committed 31680K, reserved 1114112K
  class space    used 4112K, committed 4288K, reserved 1048576K
}
Event: 10.976 GC heap before
{Heap before GC invocations=13 (full 0):
 garbage-first heap   total 72704K, used 69603K [0x0000000082000000, 0x0000000100000000)
  region size 1024K, 3 young (3072K), 1 survivors (1024K)
 Metaspace       used 31500K, committed 31872K, reserved 1114112K
  class space    used 4140K, committed 4288K, reserved 1048576K
}
Event: 10.978 GC heap after
{Heap after GC invocations=14 (full 0):
 garbage-first heap   total 72704K, used 67885K [0x0000000082000000, 0x0000000100000000)
  region size 1024K, 1 young (1024K), 1 survivors (1024K)
 Metaspace       used 31500K, committed 31872K, reserved 1114112K
  class space    used 4140K, committed 4288K, reserved 1048576K
}
Event: 11.026 GC heap before
{Heap before GC invocations=15 (full 0):
 garbage-first heap   total 116736K, used 69933K [0x0000000082000000, 0x0000000100000000)
  region size 1024K, 3 young (3072K), 1 survivors (1024K)
 Metaspace       used 31885K, committed 32256K, reserved 1114112K
  class space    used 4199K, committed 4352K, reserved 1048576K
}
Event: 11.028 GC heap after
{Heap after GC invocations=16 (full 0):
 garbage-first heap   total 116736K, used 68363K [0x0000000082000000, 0x0000000100000000)
  region size 1024K, 1 young (1024K), 1 survivors (1024K)
 Metaspace       used 31885K, committed 32256K, reserved 1114112K
  class space    used 4199K, committed 4352K, reserved 1048576K
}

Deoptimization events (20 events):
Event: 11.306 Thread 0x0000029d40223000 Uncommon trap: trap_request=0xffffffbe fr.pc=0x0000029d2c9c992c relative=0x0000000000001a0c
Event: 11.306 Thread 0x0000029d40223000 Uncommon trap: reason=profile_predicate action=maybe_recompile pc=0x0000029d2c9c992c method=javafx.css.CompoundSelector.applies(Ljavafx/css/Styleable;[Ljava/util/Set;I)Z @ 89 c2
Event: 11.306 Thread 0x0000029d40223000 DEOPT PACKING pc=0x0000029d2c9c992c sp=0x000000f8339fc710
Event: 11.306 Thread 0x0000029d40223000 DEOPT UNPACKING pc=0x0000029d24d923a3 sp=0x000000f8339fc710 mode 2
Event: 11.306 Thread 0x0000029d40223000 Uncommon trap: trap_request=0xffffffbe fr.pc=0x0000029d2c9c992c relative=0x0000000000001a0c
Event: 11.306 Thread 0x0000029d40223000 Uncommon trap: reason=profile_predicate action=maybe_recompile pc=0x0000029d2c9c992c method=javafx.css.CompoundSelector.applies(Ljavafx/css/Styleable;[Ljava/util/Set;I)Z @ 89 c2
Event: 11.306 Thread 0x0000029d40223000 DEOPT PACKING pc=0x0000029d2c9c992c sp=0x000000f8339fc710
Event: 11.306 Thread 0x0000029d40223000 DEOPT UNPACKING pc=0x0000029d24d923a3 sp=0x000000f8339fc710 mode 2
Event: 11.307 Thread 0x0000029d40223000 Uncommon trap: trap_request=0xffffffbe fr.pc=0x0000029d2c9c992c relative=0x0000000000001a0c
Event: 11.307 Thread 0x0000029d40223000 Uncommon trap: reason=profile_predicate action=maybe_recompile pc=0x0000029d2c9c992c method=javafx.css.CompoundSelector.applies(Ljavafx/css/Styleable;[Ljava/util/Set;I)Z @ 89 c2
Event: 11.307 Thread 0x0000029d40223000 DEOPT PACKING pc=0x0000029d2c9c992c sp=0x000000f8339fc710
Event: 11.307 Thread 0x0000029d40223000 DEOPT UNPACKING pc=0x0000029d24d923a3 sp=0x000000f8339fc710 mode 2
Event: 11.481 Thread 0x0000029d40142f80 Uncommon trap: trap_request=0xffffff45 fr.pc=0x0000029d2c985670 relative=0x0000000000000070
Event: 11.481 Thread 0x0000029d40142f80 Uncommon trap: reason=unstable_if action=reinterpret pc=0x0000029d2c985670 method=com.sun.javafx.font.CompositeStrike.getStrikeSlot(I)Lcom/sun/javafx/font/FontStrike; @ 8 c2
Event: 11.481 Thread 0x0000029d40142f80 DEOPT PACKING pc=0x0000029d2c985670 sp=0x000000f8334fddb0
Event: 11.481 Thread 0x0000029d40142f80 DEOPT UNPACKING pc=0x0000029d24d923a3 sp=0x000000f8334fdd38 mode 2
Event: 11.481 Thread 0x0000029d40142f80 Uncommon trap: trap_request=0xfffffff4 fr.pc=0x0000029d2c98d224 relative=0x0000000000000344
Event: 11.481 Thread 0x0000029d40142f80 Uncommon trap: reason=null_check action=make_not_entrant pc=0x0000029d2c98d224 method=com.sun.prism.impl.GlyphCache.getCachedGlyph(II)Lcom/sun/prism/impl/GlyphCache$GlyphData; @ 28 c2
Event: 11.481 Thread 0x0000029d40142f80 DEOPT PACKING pc=0x0000029d2c98d224 sp=0x000000f8334fd9d0
Event: 11.481 Thread 0x0000029d40142f80 DEOPT UNPACKING pc=0x0000029d24d923a3 sp=0x000000f8334fd8d0 mode 2

Classes loaded (20 events):
Event: 11.374 Loading class sun/util/resources/BreakIteratorResourceBundle done
Event: 11.374 Loading class sun/text/resources/BreakIteratorResources done
Event: 11.374 Loading class sun/text/resources/BreakIteratorResources_en
Event: 11.374 Loading class sun/text/resources/BreakIteratorResources_en done
Event: 11.374 Loading class sun/text/resources/BreakIteratorResources_en_US
Event: 11.374 Loading class sun/text/resources/BreakIteratorResources_en_US done
Event: 11.374 Loading class sun/text/RuleBasedBreakIterator
Event: 11.375 Loading class sun/text/RuleBasedBreakIterator done
Event: 11.375 Loading class sun/text/CompactByteArray
Event: 11.375 Loading class sun/text/CompactByteArray done
Event: 11.375 Loading class sun/text/SupplementaryCharacterData
Event: 11.375 Loading class sun/text/SupplementaryCharacterData done
Event: 11.375 Loading class java/text/BreakIterator$BreakIteratorCache
Event: 11.375 Loading class java/text/BreakIterator$BreakIteratorCache done
Event: 11.376 Loading class java/text/FieldPosition$Delegate
Event: 11.376 Loading class java/text/FieldPosition$Delegate done
Event: 11.485 Loading class java/lang/Throwable$WrappedPrintStream
Event: 11.485 Loading class java/lang/Throwable$PrintStreamOrWriter
Event: 11.485 Loading class java/lang/Throwable$PrintStreamOrWriter done
Event: 11.485 Loading class java/lang/Throwable$WrappedPrintStream done

Classes unloaded (0 events):
No events

Classes redefined (0 events):
No events

Internal exceptions (20 events):
Event: 2.081 Thread 0x0000029d40223000 Exception <a 'java/lang/NoSuchMethodError'{0x0000000083bdf7b8}: 'long java.lang.invoke.DirectMethodHandle$Holder.invokeStatic(java.lang.Object, java.lang.Object, java.lang.Object)'> (0x0000000083bdf7b8) 
thrown [s\open\src\hotspot\share\interpreter\linkResolver.cpp, line 766]
Event: 2.082 Thread 0x0000029d40223000 Exception <a 'java/lang/NoSuchMethodError'{0x0000000083be2f58}: 'long java.lang.invoke.DirectMethodHandle$Holder.invokeStaticInit(java.lang.Object, java.lang.Object, java.lang.Object)'> (0x0000000083be2f58) 
thrown [s\open\src\hotspot\share\interpreter\linkResolver.cpp, line 766]
Event: 2.083 Thread 0x0000029d40223000 Exception <a 'java/lang/NoSuchMethodError'{0x0000000083a0c870}: 'java.lang.Object java.lang.invoke.DirectMethodHandle$Holder.newInvokeSpecial(java.lang.Object, java.lang.Object, long)'> (0x0000000083a0c870) 
thrown [s\open\src\hotspot\share\interpreter\linkResolver.cpp, line 766]
Event: 2.084 Thread 0x0000029d40223000 Exception <a 'java/lang/NoSuchMethodError'{0x0000000083a1d8f0}: 'java.lang.Object java.lang.invoke.Invokers$Holder.linkToTargetMethod(java.lang.Object, long, java.lang.Object)'> (0x0000000083a1d8f0) 
thrown [s\open\src\hotspot\share\interpreter\linkResolver.cpp, line 766]
Event: 9.988 Thread 0x0000029d40223000 Exception <a 'java/io/FileNotFoundException'{0x0000000084a03300}> (0x0000000084a03300) 
thrown [s\open\src\hotspot\share\prims\jni.cpp, line 516]
Event: 10.022 Thread 0x0000029d40223000 Exception <a 'java/io/FileNotFoundException'{0x0000000084969f98}> (0x0000000084969f98) 
thrown [s\open\src\hotspot\share\prims\jni.cpp, line 516]
Event: 10.026 Thread 0x0000029d40223000 Exception <a 'java/io/FileNotFoundException'{0x0000000084984bf8}> (0x0000000084984bf8) 
thrown [s\open\src\hotspot\share\prims\jni.cpp, line 516]
Event: 10.027 Thread 0x0000029d40223000 Exception <a 'java/io/FileNotFoundException'{0x000000008498a440}> (0x000000008498a440) 
thrown [s\open\src\hotspot\share\prims\jni.cpp, line 516]
Event: 10.029 Thread 0x0000029d40223000 Exception <a 'java/io/FileNotFoundException'{0x00000000849945f0}> (0x00000000849945f0) 
thrown [s\open\src\hotspot\share\prims\jni.cpp, line 516]
Event: 10.032 Thread 0x0000029d40223000 Exception <a 'java/io/FileNotFoundException'{0x00000000849ae810}> (0x00000000849ae810) 
thrown [s\open\src\hotspot\share\prims\jni.cpp, line 516]
Event: 10.033 Thread 0x0000029d40223000 Exception <a 'java/io/FileNotFoundException'{0x00000000849bb998}> (0x00000000849bb998) 
thrown [s\open\src\hotspot\share\prims\jni.cpp, line 516]
Event: 10.035 Thread 0x0000029d40223000 Exception <a 'java/io/FileNotFoundException'{0x00000000849c79e8}> (0x00000000849c79e8) 
thrown [s\open\src\hotspot\share\prims\jni.cpp, line 516]
Event: 10.382 Thread 0x0000029d40223000 Implicit null exception at 0x0000029d2c857f52 to 0x0000029d2c858490
Event: 10.396 Thread 0x0000029d40223000 Implicit null exception at 0x0000029d2c86d352 to 0x0000029d2c86d880
Event: 10.415 Thread 0x0000029d40223000 Exception <a 'java/lang/NoSuchMethodError'{0x0000000089df18f8}: 'java.lang.Object java.lang.invoke.DirectMethodHandle$Holder.invokeSpecial(java.lang.Object, java.lang.Object, java.lang.Object, double)'> (0x0000000089df18f8) 
thrown [s\open\src\hotspot\share\interpreter\linkResolver.cpp, line 766]
Event: 10.430 Thread 0x0000029d40223000 Implicit null exception at 0x0000029d2c940d50 to 0x0000029d2c940db4
Event: 11.065 Thread 0x0000029d40223000 Exception <a 'java/lang/NoSuchMethodError'{0x0000000088612cd0}: 'int java.lang.invoke.DirectMethodHandle$Holder.invokeVirtual(java.lang.Object, java.lang.Object)'> (0x0000000088612cd0) 
thrown [s\open\src\hotspot\share\interpreter\linkResolver.cpp, line 766]
Event: 11.177 Thread 0x0000029d40223000 Implicit null exception at 0x0000029d2c8cdc56 to 0x0000029d2c8cdec8
Event: 11.178 Thread 0x0000029d40223000 Exception <a 'java/lang/NoSuchMethodError'{0x000000008810b578}: 'void java.lang.invoke.DirectMethodHandle$Holder.invokeSpecialIFC(java.lang.Object, java.lang.Object, java.lang.Object, java.lang.Object)'> (0x000000008810b578) 
thrown [s\open\src\hotspot\share\interpreter\linkResolver.cpp, line 766]
Event: 11.481 Thread 0x0000029d40142f80 Implicit null exception at 0x0000029d2c98cf80 to 0x0000029d2c98d210

VM Operations (20 events):
Event: 10.995 Executing VM operation: G1Concurrent
Event: 10.997 Executing VM operation: G1Concurrent done
Event: 11.004 Executing VM operation: G1Concurrent
Event: 11.005 Executing VM operation: G1Concurrent done
Event: 11.009 Executing VM operation: HandshakeAllThreads
Event: 11.009 Executing VM operation: HandshakeAllThreads done
Event: 11.009 Executing VM operation: HandshakeAllThreads
Event: 11.009 Executing VM operation: HandshakeAllThreads done
Event: 11.014 Executing VM operation: HandshakeAllThreads
Event: 11.014 Executing VM operation: HandshakeAllThreads done
Event: 11.018 Executing VM operation: HandshakeAllThreads
Event: 11.018 Executing VM operation: HandshakeAllThreads done
Event: 11.026 Executing VM operation: G1CollectForAllocation
Event: 11.028 Executing VM operation: G1CollectForAllocation done
Event: 11.227 Executing VM operation: HandshakeAllThreads
Event: 11.227 Executing VM operation: HandshakeAllThreads done
Event: 11.246 Executing VM operation: ICBufferFull
Event: 11.246 Executing VM operation: ICBufferFull done
Event: 11.426 Executing VM operation: ICBufferFull
Event: 11.426 Executing VM operation: ICBufferFull done

Events (20 events):
Event: 0.575 Thread 0x0000029d40219320 Thread added: 0x0000029d40219320
Event: 0.579 Thread 0x0000029d40223000 Thread added: 0x0000029d40223000
Event: 0.651 Thread 0x0000029d4022d330 Thread added: 0x0000029d4022d330
Event: 0.652 Thread 0x0000029d4022d7f0 Thread added: 0x0000029d4022d7f0
Event: 0.668 Loaded shared library C:\Program Files\Java\jdk-18.0.1.1\bin\jimage.dll
Event: 0.671 Thread 0x0000029d44c672a0 Thread added: 0x0000029d44c672a0
Event: 0.717 Loaded shared library C:\Program Files\Java\jdk-18.0.1.1\bin\management.dll
Event: 0.719 Loaded shared library C:\Program Files\Java\jdk-18.0.1.1\bin\management_ext.dll
Event: 0.879 Thread 0x0000029d44d52ab0 Thread added: 0x0000029d44d52ab0
Event: 0.880 Thread 0x0000029d44d52ab0 Thread exited: 0x0000029d44d52ab0
Event: 1.148 Thread 0x0000029d44d52110 Thread added: 0x0000029d44d52110
Event: 1.281 Loaded shared library C:\Program Files\Java\jdk-18.0.1.1\bin\sunmscapi.dll
Event: 1.567 Loaded shared library C:\Users\Win10\.openjfx\cache\18.0.2+2\javafx_font.dll
Event: 1.915 Thread 0x0000029d44d52f80 Thread added: 0x0000029d44d52f80
Event: 2.147 Thread 0x0000029d44d50dd0 Thread added: 0x0000029d44d50dd0
Event: 2.330 Thread 0x0000029d44c672a0 Thread exited: 0x0000029d44c672a0
Event: 9.819 Loaded shared library C:\Program Files\Java\jdk-18.0.1.1\bin\verify.dll
Event: 9.924 Thread 0x0000029d45b211f0 Thread added: 0x0000029d45b211f0
Event: 10.381 Thread 0x0000029d45b211f0 Thread exited: 0x0000029d45b211f0
Event: 10.964 Thread 0x0000029d40345f10 Thread added: 0x0000029d40345f10


Dynamic libraries:
0x00007ff6f8fd0000 - 0x00007ff6f8fe0000 	C:\Program Files\Java\jdk-18.0.1.1\bin\java.exe
0x00007ff9a2a70000 - 0x00007ff9a2c87000 	C:\WINDOWS\SYSTEM32\ntdll.dll
0x00007ff9a1ff0000 - 0x00007ff9a20b4000 	C:\WINDOWS\System32\KERNEL32.DLL
0x00007ff99ff90000 - 0x00007ff9a0336000 	C:\WINDOWS\System32\KERNELBASE.dll
0x00007ff9a04c0000 - 0x00007ff9a05d1000 	C:\WINDOWS\System32\ucrtbase.dll
0x00007ff996370000 - 0x00007ff99638a000 	C:\Program Files\Java\jdk-18.0.1.1\bin\VCRUNTIME140.dll
0x00007ff98fb70000 - 0x00007ff98fb88000 	C:\Program Files\Java\jdk-18.0.1.1\bin\jli.dll
0x00007ff9a10d0000 - 0x00007ff9a1183000 	C:\WINDOWS\System32\ADVAPI32.dll
0x00007ff9a23e0000 - 0x00007ff9a2487000 	C:\WINDOWS\System32\msvcrt.dll
0x00007ff9a1020000 - 0x00007ff9a10c8000 	C:\WINDOWS\System32\sechost.dll
0x00007ff9a03f0000 - 0x00007ff9a0418000 	C:\WINDOWS\System32\bcrypt.dll
0x00007ff9a1d00000 - 0x00007ff9a1e17000 	C:\WINDOWS\System32\RPCRT4.dll
0x00007ff9a1b50000 - 0x00007ff9a1cfe000 	C:\WINDOWS\System32\USER32.dll
0x00007ff9a03c0000 - 0x00007ff9a03e6000 	C:\WINDOWS\System32\win32u.dll
0x00007ff9814e0000 - 0x00007ff981773000 	C:\WINDOWS\WinSxS\amd64_microsoft.windows.common-controls_6595b64144ccf1df_6.0.22621.2506_none_270c5ae97388e100\COMCTL32.dll
0x00007ff9a2830000 - 0x00007ff9a2859000 	C:\WINDOWS\System32\GDI32.dll
0x00007ff9a06a0000 - 0x00007ff9a07b8000 	C:\WINDOWS\System32\gdi32full.dll
0x00007ff9a0420000 - 0x00007ff9a04ba000 	C:\WINDOWS\System32\msvcp_win.dll
0x00007ff997cd0000 - 0x00007ff997cda000 	C:\WINDOWS\SYSTEM32\VERSION.dll
0x00007ff9a28e0000 - 0x00007ff9a2911000 	C:\WINDOWS\System32\IMM32.DLL
0x00007ff998000000 - 0x00007ff99800c000 	C:\Program Files\Java\jdk-18.0.1.1\bin\vcruntime140_1.dll
0x00007ff972c70000 - 0x00007ff972cfd000 	C:\Program Files\Java\jdk-18.0.1.1\bin\msvcp140.dll
0x00007ff94c7c0000 - 0x00007ff94d3d0000 	C:\Program Files\Java\jdk-18.0.1.1\bin\server\jvm.dll
0x00007ff9a1fe0000 - 0x00007ff9a1fe8000 	C:\WINDOWS\System32\PSAPI.DLL
0x00007ff99ccc0000 - 0x00007ff99ccc9000 	C:\WINDOWS\SYSTEM32\WSOCK32.dll
0x00007ff9992b0000 - 0x00007ff9992e4000 	C:\WINDOWS\SYSTEM32\WINMM.dll
0x00007ff9a1e80000 - 0x00007ff9a1ef1000 	C:\WINDOWS\System32\WS2_32.dll
0x00007ff99eee0000 - 0x00007ff99eef8000 	C:\WINDOWS\SYSTEM32\kernel.appcore.dll
0x00007ff996c60000 - 0x00007ff996c6a000 	C:\Program Files\Java\jdk-18.0.1.1\bin\jimage.dll
0x00007ff99d480000 - 0x00007ff99d6b3000 	C:\WINDOWS\SYSTEM32\DBGHELP.DLL
0x00007ff9a1190000 - 0x00007ff9a1519000 	C:\WINDOWS\System32\combase.dll
0x00007ff9a1f00000 - 0x00007ff9a1fd7000 	C:\WINDOWS\System32\OLEAUT32.dll
0x00007ff9976d0000 - 0x00007ff997702000 	C:\WINDOWS\SYSTEM32\dbgcore.DLL
0x00007ff9a0340000 - 0x00007ff9a03ba000 	C:\WINDOWS\System32\bcryptPrimitives.dll
0x00007ff999b70000 - 0x00007ff999b7e000 	C:\Program Files\Java\jdk-18.0.1.1\bin\instrument.dll
0x00007ff9812f0000 - 0x00007ff981315000 	C:\Program Files\Java\jdk-18.0.1.1\bin\java.dll
0x00007ff972610000 - 0x00007ff9726e6000 	C:\Program Files\Java\jdk-18.0.1.1\bin\jsvml.dll
0x00007ff9a07c0000 - 0x00007ff9a101b000 	C:\WINDOWS\System32\SHELL32.dll
0x00007ff99dd20000 - 0x00007ff99e616000 	C:\WINDOWS\SYSTEM32\windows.storage.dll
0x00007ff99dbe0000 - 0x00007ff99dd1e000 	C:\WINDOWS\SYSTEM32\wintypes.dll
0x00007ff9a22e0000 - 0x00007ff9a23d3000 	C:\WINDOWS\System32\SHCORE.dll
0x00007ff9a2280000 - 0x00007ff9a22de000 	C:\WINDOWS\System32\shlwapi.dll
0x00007ff99fce0000 - 0x00007ff99fd06000 	C:\WINDOWS\SYSTEM32\profapi.dll
0x00007ff9807c0000 - 0x00007ff9807d3000 	C:\Program Files\Java\jdk-18.0.1.1\bin\net.dll
0x00007ff998f20000 - 0x00007ff999057000 	C:\WINDOWS\SYSTEM32\WINHTTP.dll
0x00007ff99f360000 - 0x00007ff99f3c9000 	C:\WINDOWS\system32\mswsock.dll
0x00007ff9807a0000 - 0x00007ff9807b6000 	C:\Program Files\Java\jdk-18.0.1.1\bin\nio.dll
0x00007ff97e9b0000 - 0x00007ff97e9c8000 	C:\Program Files\Java\jdk-18.0.1.1\bin\zip.dll
0x00007ff97e510000 - 0x00007ff97e52a000 	E:\IntelliJ IDEA Community Edition 2023.3.3\bin\breakgen64.dll
0x0000029d3b6d0000 - 0x0000029d3b6d3000 	C:\Users\Win10\.openjfx\cache\18.0.2+2\api-ms-win-core-console-l1-1-0.dll
0x0000029d3b6e0000 - 0x0000029d3b6e3000 	C:\Users\Win10\.openjfx\cache\18.0.2+2\api-ms-win-core-console-l1-2-0.dll
0x0000029d3b6f0000 - 0x0000029d3b6f3000 	C:\Users\Win10\.openjfx\cache\18.0.2+2\api-ms-win-core-datetime-l1-1-0.dll
0x0000029d3b700000 - 0x0000029d3b703000 	C:\Users\Win10\.openjfx\cache\18.0.2+2\api-ms-win-core-debug-l1-1-0.dll
0x0000029d3b710000 - 0x0000029d3b713000 	C:\Users\Win10\.openjfx\cache\18.0.2+2\api-ms-win-core-errorhandling-l1-1-0.dll
0x0000029d3b720000 - 0x0000029d3b724000 	C:\Users\Win10\.openjfx\cache\18.0.2+2\api-ms-win-core-file-l1-1-0.dll
0x0000029d3b730000 - 0x0000029d3b733000 	C:\Users\Win10\.openjfx\cache\18.0.2+2\api-ms-win-core-file-l1-2-0.dll
0x0000029d3b740000 - 0x0000029d3b743000 	C:\Users\Win10\.openjfx\cache\18.0.2+2\api-ms-win-core-file-l2-1-0.dll
0x0000029d3b750000 - 0x0000029d3b753000 	C:\Users\Win10\.openjfx\cache\18.0.2+2\api-ms-win-core-handle-l1-1-0.dll
0x0000029d3b760000 - 0x0000029d3b763000 	C:\Users\Win10\.openjfx\cache\18.0.2+2\api-ms-win-core-heap-l1-1-0.dll
0x0000029d3b770000 - 0x0000029d3b773000 	C:\Users\Win10\.openjfx\cache\18.0.2+2\api-ms-win-core-interlocked-l1-1-0.dll
0x0000029d3b780000 - 0x0000029d3b783000 	C:\Users\Win10\.openjfx\cache\18.0.2+2\api-ms-win-core-libraryloader-l1-1-0.dll
0x0000029d3b790000 - 0x0000029d3b793000 	C:\Users\Win10\.openjfx\cache\18.0.2+2\api-ms-win-core-localization-l1-2-0.dll
0x0000029d3b7a0000 - 0x0000029d3b7a3000 	C:\Users\Win10\.openjfx\cache\18.0.2+2\api-ms-win-core-memory-l1-1-0.dll
0x0000029d3b7b0000 - 0x0000029d3b7b3000 	C:\Users\Win10\.openjfx\cache\18.0.2+2\api-ms-win-core-namedpipe-l1-1-0.dll
0x0000029d3b7c0000 - 0x0000029d3b7c3000 	C:\Users\Win10\.openjfx\cache\18.0.2+2\api-ms-win-core-processenvironment-l1-1-0.dll
0x0000029d3b7d0000 - 0x0000029d3b7d3000 	C:\Users\Win10\.openjfx\cache\18.0.2+2\api-ms-win-core-processthreads-l1-1-0.dll
0x0000029d3b7e0000 - 0x0000029d3b7e3000 	C:\Users\Win10\.openjfx\cache\18.0.2+2\api-ms-win-core-processthreads-l1-1-1.dll
0x0000029d3b7f0000 - 0x0000029d3b7f3000 	C:\Users\Win10\.openjfx\cache\18.0.2+2\api-ms-win-core-profile-l1-1-0.dll
0x0000029d40400000 - 0x0000029d40403000 	C:\Users\Win10\.openjfx\cache\18.0.2+2\api-ms-win-core-rtlsupport-l1-1-0.dll
0x0000029d40410000 - 0x0000029d40413000 	C:\Users\Win10\.openjfx\cache\18.0.2+2\api-ms-win-core-string-l1-1-0.dll
0x0000029d40420000 - 0x0000029d40423000 	C:\Users\Win10\.openjfx\cache\18.0.2+2\api-ms-win-core-synch-l1-1-0.dll
0x0000029d40430000 - 0x0000029d40433000 	C:\Users\Win10\.openjfx\cache\18.0.2+2\api-ms-win-core-synch-l1-2-0.dll
0x0000029d40440000 - 0x0000029d40443000 	C:\Users\Win10\.openjfx\cache\18.0.2+2\api-ms-win-core-sysinfo-l1-1-0.dll
0x0000029d40450000 - 0x0000029d40453000 	C:\Users\Win10\.openjfx\cache\18.0.2+2\api-ms-win-core-timezone-l1-1-0.dll
0x0000029d40460000 - 0x0000029d40463000 	C:\Users\Win10\.openjfx\cache\18.0.2+2\api-ms-win-core-util-l1-1-0.dll
0x0000029d40470000 - 0x0000029d40473000 	C:\Users\Win10\.openjfx\cache\18.0.2+2\api-ms-win-crt-conio-l1-1-0.dll
0x0000029d40480000 - 0x0000029d40484000 	C:\Users\Win10\.openjfx\cache\18.0.2+2\api-ms-win-crt-convert-l1-1-0.dll
0x0000029d40490000 - 0x0000029d40493000 	C:\Users\Win10\.openjfx\cache\18.0.2+2\api-ms-win-crt-environment-l1-1-0.dll
0x0000029d404a0000 - 0x0000029d404a3000 	C:\Users\Win10\.openjfx\cache\18.0.2+2\api-ms-win-crt-filesystem-l1-1-0.dll
0x0000029d404b0000 - 0x0000029d404b3000 	C:\Users\Win10\.openjfx\cache\18.0.2+2\api-ms-win-crt-heap-l1-1-0.dll
0x0000029d404c0000 - 0x0000029d404c3000 	C:\Users\Win10\.openjfx\cache\18.0.2+2\api-ms-win-crt-locale-l1-1-0.dll
0x0000029d404d0000 - 0x0000029d404d5000 	C:\Users\Win10\.openjfx\cache\18.0.2+2\api-ms-win-crt-math-l1-1-0.dll
0x0000029d404e0000 - 0x0000029d404e5000 	C:\Users\Win10\.openjfx\cache\18.0.2+2\api-ms-win-crt-multibyte-l1-1-0.dll
0x0000029d404f0000 - 0x0000029d40500000 	C:\Users\Win10\.openjfx\cache\18.0.2+2\api-ms-win-crt-private-l1-1-0.dll
0x0000029d40500000 - 0x0000029d40503000 	C:\Users\Win10\.openjfx\cache\18.0.2+2\api-ms-win-crt-process-l1-1-0.dll
0x0000029d40510000 - 0x0000029d40514000 	C:\Users\Win10\.openjfx\cache\18.0.2+2\api-ms-win-crt-runtime-l1-1-0.dll
0x0000029d40520000 - 0x0000029d40524000 	C:\Users\Win10\.openjfx\cache\18.0.2+2\api-ms-win-crt-stdio-l1-1-0.dll
0x0000029d40530000 - 0x0000029d40534000 	C:\Users\Win10\.openjfx\cache\18.0.2+2\api-ms-win-crt-string-l1-1-0.dll
0x0000029d40540000 - 0x0000029d40543000 	C:\Users\Win10\.openjfx\cache\18.0.2+2\api-ms-win-crt-time-l1-1-0.dll
0x0000029d40550000 - 0x0000029d40553000 	C:\Users\Win10\.openjfx\cache\18.0.2+2\api-ms-win-crt-utility-l1-1-0.dll
0x00007ff974810000 - 0x00007ff97490c000 	C:\Users\Win10\.openjfx\cache\18.0.2+2\ucrtbase.dll
0x00007ff97e1e0000 - 0x00007ff97e1fa000 	C:\Users\Win10\.openjfx\cache\18.0.2+2\vcruntime140.dll
0x00007ff999a30000 - 0x00007ff999a3c000 	C:\Users\Win10\.openjfx\cache\18.0.2+2\vcruntime140_1.dll
0x00007ff969090000 - 0x00007ff96911d000 	C:\Users\Win10\.openjfx\cache\18.0.2+2\msvcp140.dll
0x00007ff97e1b0000 - 0x00007ff97e1dc000 	C:\Users\Win10\.openjfx\cache\18.0.2+2\prism_d3d.dll
0x00007ff934080000 - 0x00007ff934229000 	C:\WINDOWS\system32\d3d9.dll
0x00007ff99d190000 - 0x00007ff99d1bb000 	C:\WINDOWS\SYSTEM32\dwmapi.dll
0x00007ff99d030000 - 0x00007ff99d069000 	C:\WINDOWS\SYSTEM32\dxcore.dll
0x00007ff99cec0000 - 0x00007ff99cf6b000 	C:\WINDOWS\system32\uxtheme.dll
0x00007ff916e70000 - 0x00007ff916fd5000 	C:\WINDOWS\System32\DriverStore\FileRepository\iigd_dch.inf_amd64_e6980897e3126266\igdumdim64.dll
0x00007ff9a1520000 - 0x00007ff9a16c0000 	C:\WINDOWS\System32\ole32.dll
0x00007ff900130000 - 0x00007ff903dbb000 	C:\WINDOWS\System32\DriverStore\FileRepository\iigd_dch.inf_amd64_e6980897e3126266\igd9dxva64.dll
0x00007ff9a16c0000 - 0x00007ff9a1b34000 	C:\WINDOWS\System32\SETUPAPI.dll
0x00007ff99faa0000 - 0x00007ff99faee000 	C:\WINDOWS\SYSTEM32\cfgmgr32.dll
0x00007ff986900000 - 0x00007ff986c36000 	C:\WINDOWS\System32\DriverStore\FileRepository\iigd_dch.inf_amd64_e6980897e3126266\igdgmm64.dll
0x00007ff991620000 - 0x00007ff99166a000 	C:\WINDOWS\SYSTEM32\directxdatabasehelper.dll
0x00007ff96ed60000 - 0x00007ff96eda2000 	C:\Users\Win10\.openjfx\cache\18.0.2+2\glass.dll
0x00007ff9a20c0000 - 0x00007ff9a21b9000 	C:\WINDOWS\System32\COMDLG32.dll
0x00007ff9a26d0000 - 0x00007ff9a2821000 	C:\WINDOWS\System32\MSCTF.dll
0x00007ff977620000 - 0x00007ff977647000 	C:\WINDOWS\System32\DriverStore\FileRepository\iigd_dch.inf_amd64_e6980897e3126266\igdinfo64.dll
0x00007ff99f5c0000 - 0x00007ff99f5db000 	C:\WINDOWS\SYSTEM32\CRYPTSP.dll
0x00007ff99ee40000 - 0x00007ff99ee75000 	C:\WINDOWS\system32\rsaenh.dll
0x00007ff99f5b0000 - 0x00007ff99f5bc000 	C:\WINDOWS\SYSTEM32\CRYPTBASE.dll
0x00007ff981df0000 - 0x00007ff984b7f000 	C:\WINDOWS\System32\DriverStore\FileRepository\iigd_dch.inf_amd64_e6980897e3126266\igc64.dll
0x00007ff999b60000 - 0x00007ff999b69000 	C:\Program Files\Java\jdk-18.0.1.1\bin\management.dll
0x00007ff999a40000 - 0x00007ff999a4b000 	C:\Program Files\Java\jdk-18.0.1.1\bin\management_ext.dll
0x00007ff981270000 - 0x00007ff981287000 	C:\WINDOWS\system32\napinsp.dll
0x00007ff97f650000 - 0x00007ff97f66b000 	C:\WINDOWS\system32\pnrpnsp.dll
0x00007ff99e960000 - 0x00007ff99ea59000 	C:\WINDOWS\SYSTEM32\DNSAPI.dll
0x00007ff99e8f0000 - 0x00007ff99e91d000 	C:\WINDOWS\SYSTEM32\IPHLPAPI.DLL
0x00007ff9a2250000 - 0x00007ff9a2259000 	C:\WINDOWS\System32\NSI.dll
0x00007ff97f8e0000 - 0x00007ff97f8f1000 	C:\WINDOWS\System32\winrnr.dll
0x00007ff998b20000 - 0x00007ff998b35000 	C:\WINDOWS\system32\wshbth.dll
0x00007ff97f860000 - 0x00007ff97f881000 	C:\WINDOWS\system32\nlansp_c.dll
0x00007ff997f70000 - 0x00007ff997f7a000 	C:\Windows\System32\rasadhlp.dll
0x00007ff998460000 - 0x00007ff9984e3000 	C:\WINDOWS\System32\fwpuclnt.dll
0x00007ff999490000 - 0x00007ff99949e000 	C:\Program Files\Java\jdk-18.0.1.1\bin\sunmscapi.dll
0x00007ff99fe20000 - 0x00007ff99ff86000 	C:\WINDOWS\System32\CRYPT32.dll

dbghelp: loaded successfully - version: 4.0.5 - missing functions: none
symbol engine: initialized successfully - sym options: 0x614 - pdb path: .;C:\Program Files\Java\jdk-18.0.1.1\bin;C:\WINDOWS\SYSTEM32;C:\WINDOWS\WinSxS\amd64_microsoft.windows.common-controls_6595b64144ccf1df_6.0.22621.2506_none_270c5ae97388e100;C:\Program Files\Java\jdk-18.0.1.1\bin\server;E:\IntelliJ IDEA Community Edition 2023.3.3\bin;C:\Users\Win10\.openjfx\cache\18.0.2+2;C:\WINDOWS\System32\DriverStore\FileRepository\iigd_dch.inf_amd64_e6980897e3126266;C:\Program Files\Common Files\Microsoft Shared\Ink

VM Arguments:
jvm_args: -javaagent:E:\IntelliJ IDEA Community Edition 2023.3.3\lib\idea_rt.jar=20751:E:\IntelliJ IDEA Community Edition 2023.3.3\bin -Dfile.encoding=UTF-8 -Dsun.stdout.encoding=UTF-8 -Dsun.stderr.encoding=UTF-8 --module-path=C:\Users\Win10\.m2\repository\org\apache\logging\log4j\log4j-api\2.14.1\log4j-api-2.14.1.jar;C:\Users\Win10\.m2\repository\com\dlsc\formsfx\formsfx-core\11.6.0\formsfx-core-11.6.0.jar;C:\Users\Win10\.m2\repository\org\openjfx\javafx-graphics\18.0.2\javafx-graphics-18.0.2-win.jar;C:\Users\Win10\.m2\repository\com\mysql\mysql-connector-j\8.0.33\mysql-connector-j-8.0.33.jar;C:\Users\Win10\.m2\repository\org\kordamp\bootstrapfx\bootstrapfx-core\0.4.0\bootstrapfx-core-0.4.0.jar;C:\Users\Win10\.m2\repository\org\openjfx\javafx-fxml\18.0.2\javafx-fxml-18.0.2-win.jar;E:\IntelijFiles\WMS\target\classes;C:\Users\Win10\.m2\repository\org\openjfx\javafx-controls\18.0.2\javafx-controls-18.0.2-win.jar;C:\Users\Win10\.m2\repository\org\mindrot\jbcrypt\0.4\jbcrypt-0.4.jar;C:\Users\Win10\.m2\repository\org\openjfx\javafx-base\18.0.2\javafx-base-18.0.2-win.jar -Djdk.module.main=org.wms 
java_command: org.wms/org.wms.main
java_class_path (initial): C:\Users\Win10\.m2\repository\org\openjfx\javafx-controls\18.0.2\javafx-controls-18.0.2.jar;C:\Users\Win10\.m2\repository\org\openjfx\javafx-graphics\18.0.2\javafx-graphics-18.0.2.jar;C:\Users\Win10\.m2\repository\org\openjfx\javafx-base\18.0.2\javafx-base-18.0.2.jar;C:\Users\Win10\.m2\repository\org\openjfx\javafx-fxml\18.0.2\javafx-fxml-18.0.2.jar;C:\Users\Win10\.m2\repository\org\apache\logging\log4j\log4j-core\2.14.1\log4j-core-2.14.1.jar;C:\Users\Win10\.m2\repository\org\openjfx\javafx-media\18.0.2\javafx-media-18.0.2.jar;C:\Users\Win10\.m2\repository\org\openjfx\javafx-media\18.0.2\javafx-media-18.0.2-win.jar;C:\Users\Win10\.m2\repository\com\github\almasb\fxgl\17.3\fxgl-17.3.jar;C:\Users\Win10\.m2\repository\com\github\almasb\fxgl-core\17.3\fxgl-core-17.3.jar;C:\Users\Win10\.m2\repository\com\gluonhq\attach\audio\4.0.17\audio-4.0.17.jar;C:\Users\Win10\.m2\repository\com\github\almasb\fxgl-io\17.3\fxgl-io-17.3.jar;C:\Users\Win10\.m2\repository\com\gluonhq\attach\storage\4.0.17\storage-4.0.17.jar;C:\Users\Win10\.m2\repository\com\gluonhq\attach\util\4.0.17\util-4.0.17.jar;C:\Users\Win10\.m2\repository\com\github\almasb\fxgl-entity\17.3\fxgl-entity-17.3.jar;C:\Users\Win10\.m2\repository\com\github\almasb\fxgl-scene\17.3\fxgl-scene-17.3.jar;C:\Users\Win10\.m2\repository\com\github\almasb\fxgl-gameplay\17.3\fxgl-gameplay-17.3.jar;C:\Users\Win10\.m2\repository\com\fasterxml\jackson\core\jackson-annotations\2.14.2\jackson-annotations-2.14.2.jar;C:\Users\Win10\.m2\repository\com\fasterxml\jackson\core\jackson-databind\2.14.2\jackson-databind-2.14.2.jar;C:\Users\Win10\.m2\repository\com\fasterxml\jackson\core\jackson-core\2.14.2\jackson-core-2.14.2.jar;C:\Users\Win10\.m2\repository\com\gluonhq\attach\lifecycle\4.0.17\lifecycle-4.0.17.jar;C:\Users\Win10\.m2\repository\org\jetbrains\kotlin\kotlin-stdlib\1.8.10\kotlin-stdlib-1.8.10.jar;C:\Users\Win10\.m2\repository\org\jetbrains\kotlin\kotlin-stdlib-common\1.8.10\kotlin-stdlib-common-1.8.10.jar;C:\Users\Win10\.m2\repository\org\jetbrains\annotations\13.0\annotations-13.0.jar;C:\Users\Win10\.m2\repository\com\google\protobuf\protobuf-java\3.21.9\protobuf-java-3.21.9.jar;C:\Users\Win10\.m2\repository\de\jensd\fontawesomefx\8.9\fontawesomefx-8.9.jar;C:\Users\Win10\.m2\repository\org\kordamp\ikonli\ikonli-swing\12.3.1\ikonli-swing-12.3.1.jar;C:\Users\Win10\.m2\repository\org\kordamp\ikonli\ikonli-core\12.3.1\ikonli-core-12.3.1.jar
Launcher Type: SUN_STANDARD

[Global flags]
     intx CICompilerCount                          = 4                                         {product} {ergonomic}
     uint ConcGCThreads                            = 2                                         {product} {ergonomic}
     uint G1ConcRefinementThreads                  = 8                                         {product} {ergonomic}
   size_t G1HeapRegionSize                         = 1048576                                   {product} {ergonomic}
    uintx GCDrainStackTargetSize                   = 64                                        {product} {ergonomic}
   size_t InitialHeapSize                          = 132120576                                 {product} {ergonomic}
   size_t MarkStackSize                            = 4194304                                   {product} {ergonomic}
   size_t MaxHeapSize                              = 2113929216                                {product} {ergonomic}
   size_t MaxNewSize                               = 1267728384                                {product} {ergonomic}
   size_t MinHeapDeltaBytes                        = 1048576                                   {product} {ergonomic}
   size_t MinHeapSize                              = 8388608                                   {product} {ergonomic}
    uintx NonNMethodCodeHeapSize                   = 5839372                                {pd product} {ergonomic}
    uintx NonProfiledCodeHeapSize                  = 122909434                              {pd product} {ergonomic}
    uintx ProfiledCodeHeapSize                     = 122909434                              {pd product} {ergonomic}
    uintx ReservedCodeCacheSize                    = 251658240                              {pd product} {ergonomic}
     bool SegmentedCodeCache                       = true                                      {product} {ergonomic}
   size_t SoftMaxHeapSize                          = 2113929216                             {manageable} {ergonomic}
     bool UseCompressedClassPointers               = true                           {product lp64_product} {ergonomic}
     bool UseCompressedOops                        = true                           {product lp64_product} {ergonomic}
     bool UseG1GC                                  = true                                      {product} {ergonomic}
     bool UseLargePagesIndividualAllocation        = false                                  {pd product} {ergonomic}

Logging:
Log output configuration:
 #0: stdout all=warning uptime,level,tags foldmultilines=false
 #1: stderr all=off uptime,level,tags foldmultilines=false

Environment Variables:
JAVA_HOME=C:\Users\Win10\emsdk\java\8.152_64bit
CLASSPATH=C:\Users\Win10\Downloads\algs4.jar
PATH=C:\Program Files\Common Files\Oracle\Java\javapath;C:\Windows\system32;C:\Windows;C:\Windows\System32\Wbem;C:\Windows\System32\WindowsPowerShell\v1.0\;C:\Windows\System32\OpenSSH\;C:\Program Files (x86)\NVIDIA Corporation\PhysX\Common;C:\WINDOWS\system32;C:\WINDOWS;C:\WINDOWS\System32\Wbem;C:\WINDOWS\System32\WindowsPowerShell\v1.0\;C:\WINDOWS\System32\OpenSSH\;C:\WINDOWS\system32;C:\WINDOWS;C:\WINDOWS\System32\Wbem;C:\WINDOWS\System32\WindowsPowerShell\v1.0\;C:\WINDOWS\System32\OpenSSH\;C:\Users\Win10\AppData\Roaming\nvm;C:\Program Files\nodejs;C:\Program Files\Git\cmd;C:\Program Files (x86)\Gpg4win\..\GnuPG\bin;C:\Users\Win10\emsdk\upstream\emscripten;C:\Users\Win10\emsdk;C:\Program Files\MySQL\MySQL Shell 8.0\bin\;C:\Users\Win10\AppData\Local\Programs\Python\Python39-32\Scripts\;C:\Users\Win10\AppData\Local\Programs\Python\Python39-32\;C:\Users\Win10\AppData\Local\Microsoft\WindowsApps;C:\Users\Win10\AppData\Local\Programs\Microsoft VS Code\bin;E:\IntelliJ IDEA Community Edition 2023.3.3\bin;;C:\Program Files (x86)\Nmap;C:\Program Files\JetBrains\PyCharm Community Edition 2022.3.3\bin;;C:\Users\Win10\AppData\Roaming\npm;C:\Users\Win10\AppData\Roaming\nvm;C:\Program Files\nodejs;C:\MinGW\bin;D:\mongodb\bin\
USERNAME=Rivansh'sG3
OS=Windows_NT
PROCESSOR_IDENTIFIER=Intel64 Family 6 Model 165 Stepping 2, GenuineIntel



---------------  S Y S T E M  ---------------

OS:
 Windows 11 , 64 bit Build 22621 (10.0.22621.3085)
OS uptime: 1 days 16:34 hours

CPU: total 8 (initial active 8) (4 cores per cpu, 2 threads per core) family 6 model 165 stepping 2 microcode 0xea, cx8, cmov, fxsr, ht, mmx, 3dnowpref, sse, sse2, sse3, ssse3, sse4.1, sse4.2, popcnt, lzcnt, tsc, tscinvbit, avx, avx2, aes, erms, clmul, bmi1, bmi2, adx, fma, vzeroupper, clflush, clflushopt

Memory: 4k page, system-wide physical 8059M (415M free)
TotalPageFile size 21448M (AvailPageFile size 3M)
current process WorkingSet (physical memory assigned to process): 298M, peak: 298M
current process commit charge ("private bytes"): 349M, peak: 359M

vm_info: Java HotSpot(TM) 64-Bit Server VM (18.0.1.1+2-6) for windows-amd64 JRE (18.0.1.1+2-6), built on Apr 25 2022 21:53:15 by "mach5one" with MS VC++ 16.8 / 16.9 (VS2019)

END.
