#
# There is insufficient memory for the Java Runtime Environment to continue.
# Native memory allocation (malloc) failed to allocate 425760 bytes for Chunk::new
# Possible reasons:
#   The system is out of physical RAM or swap space
#   The process is running with CompressedOops enabled, and the Java Heap may be blocking the growth of the native heap
# Possible solutions:
#   Reduce memory load on the system
#   Increase physical memory or swap space
#   Check if swap backing store is full
#   Decrease Java heap size (-Xmx/-Xms)
#   Decrease number of Java threads
#   Decrease Java thread stack sizes (-Xss)
#   Set larger code cache with -XX:ReservedCodeCacheSize=
#   JVM is running with Unscaled Compressed Oops mode in which the Java heap is
#     placed in the first 4GB address space. The Java Heap base address is the
#     maximum limit for the native heap growth. Please use -XX:HeapBaseMinAddress
#     to set the Java Heap base and to place the Java Heap above 4GB virtual address.
# This output file may be truncated or incomplete.
#
#  Out of Memory Error (arena.cpp:184), pid=17284, tid=6048
#
# JRE version: Java(TM) SE Runtime Environment (18.0.1.1+2) (build 18.0.1.1+2-6)
# Java VM: Java HotSpot(TM) 64-Bit Server VM (18.0.1.1+2-6, mixed mode, sharing, tiered, compressed oops, compressed class ptrs, g1 gc, windows-amd64)
# No core dump will be written. Minidumps are not enabled by default on client versions of Windows
#

---------------  S U M M A R Y ------------

Command Line: -javaagent:E:\IntelliJ IDEA Community Edition 2023.3.3\lib\idea_rt.jar=21585:E:\IntelliJ IDEA Community Edition 2023.3.3\bin -Dfile.encoding=UTF-8 -Dsun.stdout.encoding=UTF-8 -Dsun.stderr.encoding=UTF-8 --module-path=C:\Users\Win10\.m2\repository\org\openjfx\javafx-graphics\18.0.2\javafx-graphics-18.0.2-win.jar;C:\Users\Win10\.m2\repository\com\dlsc\formsfx\formsfx-core\11.6.0\formsfx-core-11.6.0.jar;C:\Users\Win10\.m2\repository\org\kordamp\bootstrapfx\bootstrapfx-core\0.4.0\bootstrapfx-core-0.4.0.jar;E:\IntelijFiles\WMS\target\classes;C:\Users\Win10\.m2\repository\org\openjfx\javafx-fxml\18.0.2\javafx-fxml-18.0.2-win.jar;C:\Users\Win10\.m2\repository\com\mysql\mysql-connector-j\8.0.33\mysql-connector-j-8.0.33.jar;C:\Users\Win10\.m2\repository\org\openjfx\javafx-controls\18.0.2\javafx-controls-18.0.2-win.jar;C:\Users\Win10\.m2\repository\org\apache\logging\log4j\log4j-api\2.14.1\log4j-api-2.14.1.jar;C:\Users\Win10\.m2\repository\org\mindrot\jbcrypt\0.4\jbcrypt-0.4.jar;C:\Users\Win10\.m2\repository\org\openjfx\javafx-base\18.0.2\javafx-base-18.0.2-win.jar -Djdk.module.main=org.wms org.wms/org.wms.main

Host: Intel(R) Core(TM) i5-10300H CPU @ 2.50GHz, 8 cores, 7G,  Windows 11 , 64 bit Build 22621 (10.0.22621.3085)
Time: Fri Feb 23 13:00:35 2024 India Standard Time elapsed time: 0.322249 seconds (0d 0h 0m 0s)

---------------  T H R E A D  ---------------

Current thread (0x0000024c74762350):  JavaThread "C2 CompilerThread0" daemon [_thread_in_native, id=6048, stack(0x00000093c3800000,0x00000093c3900000)]


Current CompileTask:
C2:    322  440       4       jdk.internal.module.Checks::isTypeName (49 bytes)

Stack: [0x00000093c3800000,0x00000093c3900000]
Native frames: (J=compiled Java code, j=interpreted, Vv=VM code, C=native code)
V  [jvm.dll+0x69887a]
V  [jvm.dll+0x7f38bd]
V  [jvm.dll+0x7f51ce]
V  [jvm.dll+0x7f5883]
V  [jvm.dll+0x25ca3f]
V  [jvm.dll+0xb8c2f]
V  [jvm.dll+0xb8fa5]
V  [jvm.dll+0x385a6b]
V  [jvm.dll+0x34f811]
V  [jvm.dll+0x34ecaa]
V  [jvm.dll+0x22fc21]
V  [jvm.dll+0x22eff1]
V  [jvm.dll+0x1b9cfc]
V  [jvm.dll+0x23e8ca]
V  [jvm.dll+0x23cbb5]
V  [jvm.dll+0x7a5fb1]
V  [jvm.dll+0x7a03ea]
V  [jvm.dll+0x697725]
C  [ucrtbase.dll+0x29363]
C  [KERNEL32.DLL+0x1257d]
C  [ntdll.dll+0x5aa58]


---------------  P R O C E S S  ---------------

Threads class SMR info:
_java_thread_list=0x0000024c7910dca0, length=14, elements={
0x0000024c56617aa0, 0x0000024c74739a30, 0x0000024c7473a5a0, 0x0000024c74756000,
0x0000024c747578c0, 0x0000024c74758170, 0x0000024c74758a20, 0x0000024c74762350,
0x0000024c7476cc70, 0x0000024c74781170, 0x0000024c789c7510, 0x0000024c78a6fc20,
0x0000024c790c54c0, 0x0000024c79148fd0
}

Java Threads: ( => current thread )
  0x0000024c56617aa0 JavaThread "main" [_thread_in_Java, id=20328, stack(0x00000093c2b00000,0x00000093c2c00000)]
  0x0000024c74739a30 JavaThread "Reference Handler" daemon [_thread_blocked, id=488, stack(0x00000093c3200000,0x00000093c3300000)]
  0x0000024c7473a5a0 JavaThread "Finalizer" daemon [_thread_blocked, id=11880, stack(0x00000093c3300000,0x00000093c3400000)]
  0x0000024c74756000 JavaThread "Signal Dispatcher" daemon [_thread_blocked, id=26096, stack(0x00000093c3400000,0x00000093c3500000)]
  0x0000024c747578c0 JavaThread "Attach Listener" daemon [_thread_blocked, id=25168, stack(0x00000093c3500000,0x00000093c3600000)]
  0x0000024c74758170 JavaThread "Service Thread" daemon [_thread_blocked, id=22704, stack(0x00000093c3600000,0x00000093c3700000)]
  0x0000024c74758a20 JavaThread "Monitor Deflation Thread" daemon [_thread_blocked, id=22720, stack(0x00000093c3700000,0x00000093c3800000)]
=>0x0000024c74762350 JavaThread "C2 CompilerThread0" daemon [_thread_in_native, id=6048, stack(0x00000093c3800000,0x00000093c3900000)]
  0x0000024c7476cc70 JavaThread "C1 CompilerThread0" daemon [_thread_blocked, id=5268, stack(0x00000093c3900000,0x00000093c3a00000)]
  0x0000024c74781170 JavaThread "Sweeper thread" daemon [_thread_blocked, id=25376, stack(0x00000093c3a00000,0x00000093c3b00000)]
  0x0000024c789c7510 JavaThread "Common-Cleaner" daemon [_thread_blocked, id=15300, stack(0x00000093c3b00000,0x00000093c3c00000)]
  0x0000024c78a6fc20 JavaThread "C2 CompilerThread1" daemon [_thread_in_native, id=23604, stack(0x00000093c3c00000,0x00000093c3d00000)]
  0x0000024c790c54c0 JavaThread "Monitor Ctrl-Break" daemon [_thread_in_vm, id=10952, stack(0x00000093c3d00000,0x00000093c3e00000)]
  0x0000024c79148fd0 JavaThread "Notification Thread" daemon [_thread_blocked, id=15512, stack(0x00000093c3e00000,0x00000093c3f00000)]

Other Threads:
  0x0000024c747373a0 VMThread "VM Thread" [stack: 0x00000093c3100000,0x00000093c3200000] [id=12264]
  0x0000024c790c5980 WatcherThread "VM Periodic Task Thread" [stack: 0x00000093c3f00000,0x00000093c4000000] [id=8532]
  0x0000024c5668cb40 WorkerThread "GC Thread#0" [stack: 0x00000093c2c00000,0x00000093c2d00000] [id=24744]
  0x0000024c5669d580 ConcurrentGCThread "G1 Main Marker" [stack: 0x00000093c2d00000,0x00000093c2e00000] [id=13192]
  0x0000024c5669f630 WorkerThread "G1 Conc#0" [stack: 0x00000093c2e00000,0x00000093c2f00000] [id=23060]
  0x0000024c566de960 ConcurrentGCThread "G1 Refine#0" [stack: 0x00000093c2f00000,0x00000093c3000000] [id=26228]
  0x0000024c745f14f0 ConcurrentGCThread "G1 Service" [stack: 0x00000093c3000000,0x00000093c3100000] [id=15500]

Threads with active compile tasks:
C2 CompilerThread0      362  440       4       jdk.internal.module.Checks::isTypeName (49 bytes)
C2 CompilerThread1      362  487       4       java.util.HashSet::add (20 bytes)

VM state: not at safepoint (normal execution)

VM Mutex/Monitor currently owned by a thread:  ([mutex/lock_event])
[0x0000024c566272d0] CodeCache_lock - owner thread: 0x0000000000000000

Heap address: 0x0000000082000000, size: 2016 MB, Compressed Oops mode: 32-bit

CDS archive(s) mapped at: [0x0000000800000000-0x0000000800ba0000-0x0000000800ba0000), size 12189696, SharedBaseAddress: 0x0000000800000000, ArchiveRelocationMode: 0.
Compressed class space mapped at: 0x0000000800c00000-0x0000000840c00000, reserved size: 1073741824
Narrow klass base: 0x0000000800000000, Narrow klass shift: 0, Narrow klass range: 0x100000000

GC Precious Log:
 CardTable entry size: 512
 Card Set container configuration: InlinePtr #cards 5 size 8 Array Of Cards #cards 12 size 40 Howl #buckets 4 coarsen threshold 1843 Howl Bitmap #cards 512 size 80 coarsen threshold 460 Card regions per heap region 1 cards per card region 2048
 CPUs: 8 total, 8 available
 Memory: 8059M
 Large Page Support: Disabled
 NUMA Support: Disabled
 Compressed Oops: Enabled (32-bit)
 Heap Region Size: 1M
 Heap Min Capacity: 8M
 Heap Initial Capacity: 126M
 Heap Max Capacity: 2016M
 Pre-touch: Disabled
 Parallel Workers: 8
 Concurrent Workers: 2
 Concurrent Refinement Workers: 8
 Periodic GC: Disabled

Heap:
 garbage-first heap   total 129024K, used 10240K [0x0000000082000000, 0x0000000100000000)
  region size 1024K, 11 young (11264K), 0 survivors (0K)
 Metaspace       used 1178K, committed 1344K, reserved 1114112K
  class space    used 91K, committed 192K, reserved 1048576K

Heap Regions: E=young(eden), S=young(survivor), O=old, HS=humongous(starts), HC=humongous(continues), CS=collection set, F=free, OA=open archive, CA=closed archive, TAMS=top-at-mark-start (previous, next)
|   0|0x0000000082000000, 0x0000000082000000, 0x0000000082100000|  0%| F|  |TAMS 0x0000000082000000, 0x0000000082000000| Untracked 
|   1|0x0000000082100000, 0x0000000082100000, 0x0000000082200000|  0%| F|  |TAMS 0x0000000082100000, 0x0000000082100000| Untracked 
|   2|0x0000000082200000, 0x0000000082200000, 0x0000000082300000|  0%| F|  |TAMS 0x0000000082200000, 0x0000000082200000| Untracked 
|   3|0x0000000082300000, 0x0000000082300000, 0x0000000082400000|  0%| F|  |TAMS 0x0000000082300000, 0x0000000082300000| Untracked 
|   4|0x0000000082400000, 0x0000000082400000, 0x0000000082500000|  0%| F|  |TAMS 0x0000000082400000, 0x0000000082400000| Untracked 
|   5|0x0000000082500000, 0x0000000082500000, 0x0000000082600000|  0%| F|  |TAMS 0x0000000082500000, 0x0000000082500000| Untracked 
|   6|0x0000000082600000, 0x0000000082600000, 0x0000000082700000|  0%| F|  |TAMS 0x0000000082600000, 0x0000000082600000| Untracked 
|   7|0x0000000082700000, 0x0000000082700000, 0x0000000082800000|  0%| F|  |TAMS 0x0000000082700000, 0x0000000082700000| Untracked 
|   8|0x0000000082800000, 0x0000000082800000, 0x0000000082900000|  0%| F|  |TAMS 0x0000000082800000, 0x0000000082800000| Untracked 
|   9|0x0000000082900000, 0x0000000082900000, 0x0000000082a00000|  0%| F|  |TAMS 0x0000000082900000, 0x0000000082900000| Untracked 
|  10|0x0000000082a00000, 0x0000000082a00000, 0x0000000082b00000|  0%| F|  |TAMS 0x0000000082a00000, 0x0000000082a00000| Untracked 
|  11|0x0000000082b00000, 0x0000000082b00000, 0x0000000082c00000|  0%| F|  |TAMS 0x0000000082b00000, 0x0000000082b00000| Untracked 
|  12|0x0000000082c00000, 0x0000000082c00000, 0x0000000082d00000|  0%| F|  |TAMS 0x0000000082c00000, 0x0000000082c00000| Untracked 
|  13|0x0000000082d00000, 0x0000000082d00000, 0x0000000082e00000|  0%| F|  |TAMS 0x0000000082d00000, 0x0000000082d00000| Untracked 
|  14|0x0000000082e00000, 0x0000000082e00000, 0x0000000082f00000|  0%| F|  |TAMS 0x0000000082e00000, 0x0000000082e00000| Untracked 
|  15|0x0000000082f00000, 0x0000000082f00000, 0x0000000083000000|  0%| F|  |TAMS 0x0000000082f00000, 0x0000000082f00000| Untracked 
|  16|0x0000000083000000, 0x0000000083000000, 0x0000000083100000|  0%| F|  |TAMS 0x0000000083000000, 0x0000000083000000| Untracked 
|  17|0x0000000083100000, 0x0000000083100000, 0x0000000083200000|  0%| F|  |TAMS 0x0000000083100000, 0x0000000083100000| Untracked 
|  18|0x0000000083200000, 0x0000000083200000, 0x0000000083300000|  0%| F|  |TAMS 0x0000000083200000, 0x0000000083200000| Untracked 
|  19|0x0000000083300000, 0x0000000083300000, 0x0000000083400000|  0%| F|  |TAMS 0x0000000083300000, 0x0000000083300000| Untracked 
|  20|0x0000000083400000, 0x0000000083400000, 0x0000000083500000|  0%| F|  |TAMS 0x0000000083400000, 0x0000000083400000| Untracked 
|  21|0x0000000083500000, 0x0000000083500000, 0x0000000083600000|  0%| F|  |TAMS 0x0000000083500000, 0x0000000083500000| Untracked 
|  22|0x0000000083600000, 0x0000000083600000, 0x0000000083700000|  0%| F|  |TAMS 0x0000000083600000, 0x0000000083600000| Untracked 
|  23|0x0000000083700000, 0x0000000083700000, 0x0000000083800000|  0%| F|  |TAMS 0x0000000083700000, 0x0000000083700000| Untracked 
|  24|0x0000000083800000, 0x0000000083800000, 0x0000000083900000|  0%| F|  |TAMS 0x0000000083800000, 0x0000000083800000| Untracked 
|  25|0x0000000083900000, 0x0000000083900000, 0x0000000083a00000|  0%| F|  |TAMS 0x0000000083900000, 0x0000000083900000| Untracked 
|  26|0x0000000083a00000, 0x0000000083a00000, 0x0000000083b00000|  0%| F|  |TAMS 0x0000000083a00000, 0x0000000083a00000| Untracked 
|  27|0x0000000083b00000, 0x0000000083b00000, 0x0000000083c00000|  0%| F|  |TAMS 0x0000000083b00000, 0x0000000083b00000| Untracked 
|  28|0x0000000083c00000, 0x0000000083c00000, 0x0000000083d00000|  0%| F|  |TAMS 0x0000000083c00000, 0x0000000083c00000| Untracked 
|  29|0x0000000083d00000, 0x0000000083d00000, 0x0000000083e00000|  0%| F|  |TAMS 0x0000000083d00000, 0x0000000083d00000| Untracked 
|  30|0x0000000083e00000, 0x0000000083e00000, 0x0000000083f00000|  0%| F|  |TAMS 0x0000000083e00000, 0x0000000083e00000| Untracked 
|  31|0x0000000083f00000, 0x0000000083f00000, 0x0000000084000000|  0%| F|  |TAMS 0x0000000083f00000, 0x0000000083f00000| Untracked 
|  32|0x0000000084000000, 0x0000000084000000, 0x0000000084100000|  0%| F|  |TAMS 0x0000000084000000, 0x0000000084000000| Untracked 
|  33|0x0000000084100000, 0x0000000084100000, 0x0000000084200000|  0%| F|  |TAMS 0x0000000084100000, 0x0000000084100000| Untracked 
|  34|0x0000000084200000, 0x0000000084200000, 0x0000000084300000|  0%| F|  |TAMS 0x0000000084200000, 0x0000000084200000| Untracked 
|  35|0x0000000084300000, 0x0000000084300000, 0x0000000084400000|  0%| F|  |TAMS 0x0000000084300000, 0x0000000084300000| Untracked 
|  36|0x0000000084400000, 0x0000000084400000, 0x0000000084500000|  0%| F|  |TAMS 0x0000000084400000, 0x0000000084400000| Untracked 
|  37|0x0000000084500000, 0x0000000084500000, 0x0000000084600000|  0%| F|  |TAMS 0x0000000084500000, 0x0000000084500000| Untracked 
|  38|0x0000000084600000, 0x0000000084600000, 0x0000000084700000|  0%| F|  |TAMS 0x0000000084600000, 0x0000000084600000| Untracked 
|  39|0x0000000084700000, 0x0000000084700000, 0x0000000084800000|  0%| F|  |TAMS 0x0000000084700000, 0x0000000084700000| Untracked 
|  40|0x0000000084800000, 0x0000000084800000, 0x0000000084900000|  0%| F|  |TAMS 0x0000000084800000, 0x0000000084800000| Untracked 
|  41|0x0000000084900000, 0x0000000084900000, 0x0000000084a00000|  0%| F|  |TAMS 0x0000000084900000, 0x0000000084900000| Untracked 
|  42|0x0000000084a00000, 0x0000000084a00000, 0x0000000084b00000|  0%| F|  |TAMS 0x0000000084a00000, 0x0000000084a00000| Untracked 
|  43|0x0000000084b00000, 0x0000000084b00000, 0x0000000084c00000|  0%| F|  |TAMS 0x0000000084b00000, 0x0000000084b00000| Untracked 
|  44|0x0000000084c00000, 0x0000000084c00000, 0x0000000084d00000|  0%| F|  |TAMS 0x0000000084c00000, 0x0000000084c00000| Untracked 
|  45|0x0000000084d00000, 0x0000000084d00000, 0x0000000084e00000|  0%| F|  |TAMS 0x0000000084d00000, 0x0000000084d00000| Untracked 
|  46|0x0000000084e00000, 0x0000000084e00000, 0x0000000084f00000|  0%| F|  |TAMS 0x0000000084e00000, 0x0000000084e00000| Untracked 
|  47|0x0000000084f00000, 0x0000000084f00000, 0x0000000085000000|  0%| F|  |TAMS 0x0000000084f00000, 0x0000000084f00000| Untracked 
|  48|0x0000000085000000, 0x0000000085000000, 0x0000000085100000|  0%| F|  |TAMS 0x0000000085000000, 0x0000000085000000| Untracked 
|  49|0x0000000085100000, 0x0000000085100000, 0x0000000085200000|  0%| F|  |TAMS 0x0000000085100000, 0x0000000085100000| Untracked 
|  50|0x0000000085200000, 0x0000000085200000, 0x0000000085300000|  0%| F|  |TAMS 0x0000000085200000, 0x0000000085200000| Untracked 
|  51|0x0000000085300000, 0x0000000085300000, 0x0000000085400000|  0%| F|  |TAMS 0x0000000085300000, 0x0000000085300000| Untracked 
|  52|0x0000000085400000, 0x0000000085400000, 0x0000000085500000|  0%| F|  |TAMS 0x0000000085400000, 0x0000000085400000| Untracked 
|  53|0x0000000085500000, 0x0000000085500000, 0x0000000085600000|  0%| F|  |TAMS 0x0000000085500000, 0x0000000085500000| Untracked 
|  54|0x0000000085600000, 0x0000000085600000, 0x0000000085700000|  0%| F|  |TAMS 0x0000000085600000, 0x0000000085600000| Untracked 
|  55|0x0000000085700000, 0x0000000085700000, 0x0000000085800000|  0%| F|  |TAMS 0x0000000085700000, 0x0000000085700000| Untracked 
|  56|0x0000000085800000, 0x0000000085800000, 0x0000000085900000|  0%| F|  |TAMS 0x0000000085800000, 0x0000000085800000| Untracked 
|  57|0x0000000085900000, 0x0000000085900000, 0x0000000085a00000|  0%| F|  |TAMS 0x0000000085900000, 0x0000000085900000| Untracked 
|  58|0x0000000085a00000, 0x0000000085a00000, 0x0000000085b00000|  0%| F|  |TAMS 0x0000000085a00000, 0x0000000085a00000| Untracked 
|  59|0x0000000085b00000, 0x0000000085b00000, 0x0000000085c00000|  0%| F|  |TAMS 0x0000000085b00000, 0x0000000085b00000| Untracked 
|  60|0x0000000085c00000, 0x0000000085c00000, 0x0000000085d00000|  0%| F|  |TAMS 0x0000000085c00000, 0x0000000085c00000| Untracked 
|  61|0x0000000085d00000, 0x0000000085d00000, 0x0000000085e00000|  0%| F|  |TAMS 0x0000000085d00000, 0x0000000085d00000| Untracked 
|  62|0x0000000085e00000, 0x0000000085e00000, 0x0000000085f00000|  0%| F|  |TAMS 0x0000000085e00000, 0x0000000085e00000| Untracked 
|  63|0x0000000085f00000, 0x0000000085f00000, 0x0000000086000000|  0%| F|  |TAMS 0x0000000085f00000, 0x0000000085f00000| Untracked 
|  64|0x0000000086000000, 0x0000000086000000, 0x0000000086100000|  0%| F|  |TAMS 0x0000000086000000, 0x0000000086000000| Untracked 
|  65|0x0000000086100000, 0x0000000086100000, 0x0000000086200000|  0%| F|  |TAMS 0x0000000086100000, 0x0000000086100000| Untracked 
|  66|0x0000000086200000, 0x0000000086200000, 0x0000000086300000|  0%| F|  |TAMS 0x0000000086200000, 0x0000000086200000| Untracked 
|  67|0x0000000086300000, 0x0000000086300000, 0x0000000086400000|  0%| F|  |TAMS 0x0000000086300000, 0x0000000086300000| Untracked 
|  68|0x0000000086400000, 0x0000000086400000, 0x0000000086500000|  0%| F|  |TAMS 0x0000000086400000, 0x0000000086400000| Untracked 
|  69|0x0000000086500000, 0x0000000086500000, 0x0000000086600000|  0%| F|  |TAMS 0x0000000086500000, 0x0000000086500000| Untracked 
|  70|0x0000000086600000, 0x0000000086600000, 0x0000000086700000|  0%| F|  |TAMS 0x0000000086600000, 0x0000000086600000| Untracked 
|  71|0x0000000086700000, 0x0000000086700000, 0x0000000086800000|  0%| F|  |TAMS 0x0000000086700000, 0x0000000086700000| Untracked 
|  72|0x0000000086800000, 0x0000000086800000, 0x0000000086900000|  0%| F|  |TAMS 0x0000000086800000, 0x0000000086800000| Untracked 
|  73|0x0000000086900000, 0x0000000086900000, 0x0000000086a00000|  0%| F|  |TAMS 0x0000000086900000, 0x0000000086900000| Untracked 
|  74|0x0000000086a00000, 0x0000000086a00000, 0x0000000086b00000|  0%| F|  |TAMS 0x0000000086a00000, 0x0000000086a00000| Untracked 
|  75|0x0000000086b00000, 0x0000000086b00000, 0x0000000086c00000|  0%| F|  |TAMS 0x0000000086b00000, 0x0000000086b00000| Untracked 
|  76|0x0000000086c00000, 0x0000000086c00000, 0x0000000086d00000|  0%| F|  |TAMS 0x0000000086c00000, 0x0000000086c00000| Untracked 
|  77|0x0000000086d00000, 0x0000000086d00000, 0x0000000086e00000|  0%| F|  |TAMS 0x0000000086d00000, 0x0000000086d00000| Untracked 
|  78|0x0000000086e00000, 0x0000000086e00000, 0x0000000086f00000|  0%| F|  |TAMS 0x0000000086e00000, 0x0000000086e00000| Untracked 
|  79|0x0000000086f00000, 0x0000000086f00000, 0x0000000087000000|  0%| F|  |TAMS 0x0000000086f00000, 0x0000000086f00000| Untracked 
|  80|0x0000000087000000, 0x0000000087000000, 0x0000000087100000|  0%| F|  |TAMS 0x0000000087000000, 0x0000000087000000| Untracked 
|  81|0x0000000087100000, 0x0000000087100000, 0x0000000087200000|  0%| F|  |TAMS 0x0000000087100000, 0x0000000087100000| Untracked 
|  82|0x0000000087200000, 0x0000000087200000, 0x0000000087300000|  0%| F|  |TAMS 0x0000000087200000, 0x0000000087200000| Untracked 
|  83|0x0000000087300000, 0x0000000087300000, 0x0000000087400000|  0%| F|  |TAMS 0x0000000087300000, 0x0000000087300000| Untracked 
|  84|0x0000000087400000, 0x0000000087400000, 0x0000000087500000|  0%| F|  |TAMS 0x0000000087400000, 0x0000000087400000| Untracked 
|  85|0x0000000087500000, 0x0000000087500000, 0x0000000087600000|  0%| F|  |TAMS 0x0000000087500000, 0x0000000087500000| Untracked 
|  86|0x0000000087600000, 0x0000000087600000, 0x0000000087700000|  0%| F|  |TAMS 0x0000000087600000, 0x0000000087600000| Untracked 
|  87|0x0000000087700000, 0x0000000087700000, 0x0000000087800000|  0%| F|  |TAMS 0x0000000087700000, 0x0000000087700000| Untracked 
|  88|0x0000000087800000, 0x0000000087800000, 0x0000000087900000|  0%| F|  |TAMS 0x0000000087800000, 0x0000000087800000| Untracked 
|  89|0x0000000087900000, 0x0000000087900000, 0x0000000087a00000|  0%| F|  |TAMS 0x0000000087900000, 0x0000000087900000| Untracked 
|  90|0x0000000087a00000, 0x0000000087a00000, 0x0000000087b00000|  0%| F|  |TAMS 0x0000000087a00000, 0x0000000087a00000| Untracked 
|  91|0x0000000087b00000, 0x0000000087b00000, 0x0000000087c00000|  0%| F|  |TAMS 0x0000000087b00000, 0x0000000087b00000| Untracked 
|  92|0x0000000087c00000, 0x0000000087c00000, 0x0000000087d00000|  0%| F|  |TAMS 0x0000000087c00000, 0x0000000087c00000| Untracked 
|  93|0x0000000087d00000, 0x0000000087d00000, 0x0000000087e00000|  0%| F|  |TAMS 0x0000000087d00000, 0x0000000087d00000| Untracked 
|  94|0x0000000087e00000, 0x0000000087e00000, 0x0000000087f00000|  0%| F|  |TAMS 0x0000000087e00000, 0x0000000087e00000| Untracked 
|  95|0x0000000087f00000, 0x0000000087f00000, 0x0000000088000000|  0%| F|  |TAMS 0x0000000087f00000, 0x0000000087f00000| Untracked 
|  96|0x0000000088000000, 0x0000000088000000, 0x0000000088100000|  0%| F|  |TAMS 0x0000000088000000, 0x0000000088000000| Untracked 
|  97|0x0000000088100000, 0x0000000088100000, 0x0000000088200000|  0%| F|  |TAMS 0x0000000088100000, 0x0000000088100000| Untracked 
|  98|0x0000000088200000, 0x0000000088200000, 0x0000000088300000|  0%| F|  |TAMS 0x0000000088200000, 0x0000000088200000| Untracked 
|  99|0x0000000088300000, 0x0000000088300000, 0x0000000088400000|  0%| F|  |TAMS 0x0000000088300000, 0x0000000088300000| Untracked 
| 100|0x0000000088400000, 0x0000000088400000, 0x0000000088500000|  0%| F|  |TAMS 0x0000000088400000, 0x0000000088400000| Untracked 
| 101|0x0000000088500000, 0x0000000088500000, 0x0000000088600000|  0%| F|  |TAMS 0x0000000088500000, 0x0000000088500000| Untracked 
| 102|0x0000000088600000, 0x0000000088600000, 0x0000000088700000|  0%| F|  |TAMS 0x0000000088600000, 0x0000000088600000| Untracked 
| 103|0x0000000088700000, 0x0000000088700000, 0x0000000088800000|  0%| F|  |TAMS 0x0000000088700000, 0x0000000088700000| Untracked 
| 104|0x0000000088800000, 0x0000000088800000, 0x0000000088900000|  0%| F|  |TAMS 0x0000000088800000, 0x0000000088800000| Untracked 
| 105|0x0000000088900000, 0x0000000088900000, 0x0000000088a00000|  0%| F|  |TAMS 0x0000000088900000, 0x0000000088900000| Untracked 
| 106|0x0000000088a00000, 0x0000000088a00000, 0x0000000088b00000|  0%| F|  |TAMS 0x0000000088a00000, 0x0000000088a00000| Untracked 
| 107|0x0000000088b00000, 0x0000000088b00000, 0x0000000088c00000|  0%| F|  |TAMS 0x0000000088b00000, 0x0000000088b00000| Untracked 
| 108|0x0000000088c00000, 0x0000000088c00000, 0x0000000088d00000|  0%| F|  |TAMS 0x0000000088c00000, 0x0000000088c00000| Untracked 
| 109|0x0000000088d00000, 0x0000000088d00000, 0x0000000088e00000|  0%| F|  |TAMS 0x0000000088d00000, 0x0000000088d00000| Untracked 
| 110|0x0000000088e00000, 0x0000000088e00000, 0x0000000088f00000|  0%| F|  |TAMS 0x0000000088e00000, 0x0000000088e00000| Untracked 
| 111|0x0000000088f00000, 0x0000000088f00000, 0x0000000089000000|  0%| F|  |TAMS 0x0000000088f00000, 0x0000000088f00000| Untracked 
| 112|0x0000000089000000, 0x0000000089000000, 0x0000000089100000|  0%| F|  |TAMS 0x0000000089000000, 0x0000000089000000| Untracked 
| 113|0x0000000089100000, 0x0000000089100000, 0x0000000089200000|  0%| F|  |TAMS 0x0000000089100000, 0x0000000089100000| Untracked 
| 114|0x0000000089200000, 0x0000000089200000, 0x0000000089300000|  0%| F|  |TAMS 0x0000000089200000, 0x0000000089200000| Untracked 
| 115|0x0000000089300000, 0x0000000089400000, 0x0000000089400000|100%| E|  |TAMS 0x0000000089300000, 0x0000000089300000| Complete 
| 116|0x0000000089400000, 0x0000000089500000, 0x0000000089500000|100%| E|CS|TAMS 0x0000000089400000, 0x0000000089400000| Complete 
| 117|0x0000000089500000, 0x0000000089600000, 0x0000000089600000|100%| E|CS|TAMS 0x0000000089500000, 0x0000000089500000| Complete 
| 118|0x0000000089600000, 0x0000000089700000, 0x0000000089700000|100%| E|CS|TAMS 0x0000000089600000, 0x0000000089600000| Complete 
| 119|0x0000000089700000, 0x0000000089800000, 0x0000000089800000|100%| E|CS|TAMS 0x0000000089700000, 0x0000000089700000| Complete 
| 120|0x0000000089800000, 0x0000000089900000, 0x0000000089900000|100%| E|CS|TAMS 0x0000000089800000, 0x0000000089800000| Complete 
| 121|0x0000000089900000, 0x0000000089a00000, 0x0000000089a00000|100%| E|CS|TAMS 0x0000000089900000, 0x0000000089900000| Complete 
| 122|0x0000000089a00000, 0x0000000089b00000, 0x0000000089b00000|100%| E|CS|TAMS 0x0000000089a00000, 0x0000000089a00000| Complete 
| 123|0x0000000089b00000, 0x0000000089c00000, 0x0000000089c00000|100%| E|CS|TAMS 0x0000000089b00000, 0x0000000089b00000| Complete 
| 124|0x0000000089c00000, 0x0000000089d00000, 0x0000000089d00000|100%| E|CS|TAMS 0x0000000089c00000, 0x0000000089c00000| Complete 
| 125|0x0000000089d00000, 0x0000000089e00000, 0x0000000089e00000|100%| E|CS|TAMS 0x0000000089d00000, 0x0000000089d00000| Complete 

Card table byte_map: [0x0000024c6d670000,0x0000024c6da60000] _byte_map_base: 0x0000024c6d260000

Marking Bits (Prev, Next): (CMBitMap*) 0x0000024c5668d050, (CMBitMap*) 0x0000024c5668d090
 Prev Bits: [0x0000024c6de50000, 0x0000024c6fdd0000)
 Next Bits: [0x0000024c6fdd0000, 0x0000024c71d50000)

Polling page: 0x0000024c55de0000

Metaspace:

Usage:
  Non-class:      1.15 MB used.
      Class:    100.20 KB used.
       Both:      1.25 MB used.

Virtual space:
  Non-class space:       64.00 MB reserved,       1.25 MB (  2%) committed,  1 nodes.
      Class space:        1.00 GB reserved,     192.00 KB ( <1%) committed,  1 nodes.
             Both:        1.06 GB reserved,       1.44 MB ( <1%) committed. 

Chunk freelists:
   Non-Class:  3.92 MB
       Class:  3.73 MB
        Both:  7.65 MB

MaxMetaspaceSize: unlimited
CompressedClassSpaceSize: 1.00 GB
Initial GC threshold: 21.00 MB
Current GC threshold: 21.00 MB
CDS: on
MetaspaceReclaimPolicy: balanced
 - commit_granule_bytes: 65536.
 - commit_granule_words: 8192.
 - virtual_space_node_default_size: 8388608.
 - enlarge_chunks_in_place: 1.
 - new_chunks_are_fully_committed: 0.
 - uncommit_free_chunks: 1.
 - use_allocation_guard: 0.


Internal statistics:

num_allocs_failed_limit: 0.
num_arena_births: 36.
num_arena_deaths: 0.
num_vsnodes_births: 2.
num_vsnodes_deaths: 0.
num_space_committed: 23.
num_space_uncommitted: 0.
num_chunks_returned_to_freelist: 0.
num_chunks_taken_from_freelist: 43.
num_chunk_merges: 0.
num_chunk_splits: 28.
num_chunks_enlarged: 18.
num_inconsistent_stats: 0.

CodeHeap 'non-profiled nmethods': size=120000Kb used=173Kb max_used=173Kb free=119826Kb
 bounds [0x0000024c65a20000, 0x0000024c65c90000, 0x0000024c6cf50000]
CodeHeap 'profiled nmethods': size=120000Kb used=906Kb max_used=906Kb free=119093Kb
 bounds [0x0000024c5e4f0000, 0x0000024c5e760000, 0x0000024c65a20000]
CodeHeap 'non-nmethods': size=5760Kb used=1136Kb max_used=1153Kb free=4623Kb
 bounds [0x0000024c5df50000, 0x0000024c5e1c0000, 0x0000024c5e4f0000]
 total_blobs=990 nmethods=581 adapters=322
 compilation: enabled
              stopped_count=0, restarted_count=0
 full_count=0

Compilation events (20 events):
Event: 0.309 Thread 0x0000024c7476cc70 nmethod 540 0x0000024c65a46c90 code [0x0000024c65a46e20, 0x0000024c65a46ef8]
Event: 0.313 Thread 0x0000024c7476cc70  541       3       jdk.internal.misc.Unsafe::checkOffset (32 bytes)
Event: 0.314 Thread 0x0000024c7476cc70 nmethod 541 0x0000024c5e5b3410 code [0x0000024c5e5b35c0, 0x0000024c5e5b3848]
Event: 0.314 Thread 0x0000024c7476cc70  542       3       java.io.WinNTFileSystem::isSlash (18 bytes)
Event: 0.314 Thread 0x0000024c7476cc70 nmethod 542 0x0000024c5e5b3990 code [0x0000024c5e5b3b20, 0x0000024c5e5b3cb8]
Event: 0.315 Thread 0x0000024c7476cc70  543       3       jdk.internal.ref.CleanerImpl::getCleanerImpl (13 bytes)
Event: 0.316 Thread 0x0000024c7476cc70 nmethod 543 0x0000024c5e5b3d90 code [0x0000024c5e5b3f40, 0x0000024c5e5b4208]
Event: 0.316 Thread 0x0000024c7476cc70  544       3       java.lang.ref.Cleaner$1::apply (9 bytes)
Event: 0.316 Thread 0x0000024c7476cc70 nmethod 544 0x0000024c5e5b4310 code [0x0000024c5e5b44c0, 0x0000024c5e5b4738]
Event: 0.318 Thread 0x0000024c7476cc70  545       3       java.util.ImmutableCollections$MapN::probe (60 bytes)
Event: 0.318 Thread 0x0000024c7476cc70 nmethod 545 0x0000024c5e5b4810 code [0x0000024c5e5b4a00, 0x0000024c5e5b4f58]
Event: 0.318 Thread 0x0000024c7476cc70  546       3       java.util.jar.Manifest$FastInputStream::readLine (296 bytes)
Event: 0.319 Thread 0x0000024c7476cc70 nmethod 546 0x0000024c5e5b5190 code [0x0000024c5e5b53c0, 0x0000024c5e5b5cc8]
Event: 0.319 Thread 0x0000024c7476cc70  547       3       java.util.jar.Manifest$FastInputStream::readLine (9 bytes)
Event: 0.319 Thread 0x0000024c7476cc70 nmethod 547 0x0000024c5e5b6010 code [0x0000024c5e5b61c0, 0x0000024c5e5b6328]
Event: 0.319 Thread 0x0000024c7476cc70  548  s    3       java.io.ByteArrayOutputStream::write (43 bytes)
Event: 0.320 Thread 0x0000024c7476cc70 nmethod 548 0x0000024c5e5b6410 code [0x0000024c5e5b65e0, 0x0000024c5e5b6a88]
Event: 0.320 Thread 0x0000024c7476cc70  550       3       java.util.jar.Manifest$FastInputStream::peek (38 bytes)
Event: 0.320 Thread 0x0000024c7476cc70 nmethod 550 0x0000024c5e5b6c90 code [0x0000024c5e5b6e40, 0x0000024c5e5b7068]
Event: 0.320 Thread 0x0000024c7476cc70  549       1       java.util.LinkedHashMap::removeEldestEntry (2 bytes)

GC Heap History (0 events):
No events

Deoptimization events (20 events):
Event: 0.235 Thread 0x0000024c56617aa0 DEOPT PACKING pc=0x0000024c5e5210d6 sp=0x00000093c2bfdbf0
Event: 0.235 Thread 0x0000024c56617aa0 DEOPT UNPACKING pc=0x0000024c5dfa2b43 sp=0x00000093c2bfd090 mode 0
Event: 0.243 Thread 0x0000024c56617aa0 DEOPT PACKING pc=0x0000024c5e5210d6 sp=0x00000093c2bfdd00
Event: 0.243 Thread 0x0000024c56617aa0 DEOPT UNPACKING pc=0x0000024c5dfa2b43 sp=0x00000093c2bfd188 mode 0
Event: 0.277 Thread 0x0000024c56617aa0 Uncommon trap: trap_request=0xffffff45 fr.pc=0x0000024c65a41c78 relative=0x0000000000000db8
Event: 0.277 Thread 0x0000024c56617aa0 Uncommon trap: reason=unstable_if action=reinterpret pc=0x0000024c65a41c78 method=java.util.HashMap.putVal(ILjava/lang/Object;Ljava/lang/Object;ZZ)Ljava/lang/Object; @ 81 c2
Event: 0.277 Thread 0x0000024c56617aa0 DEOPT PACKING pc=0x0000024c65a41c78 sp=0x00000093c2bfe8b0
Event: 0.277 Thread 0x0000024c56617aa0 DEOPT UNPACKING pc=0x0000024c5dfa23a3 sp=0x00000093c2bfe870 mode 2
Event: 0.286 Thread 0x0000024c56617aa0 Uncommon trap: trap_request=0xffffff45 fr.pc=0x0000024c65a2d5b0 relative=0x0000000000000670
Event: 0.286 Thread 0x0000024c56617aa0 Uncommon trap: reason=unstable_if action=reinterpret pc=0x0000024c65a2d5b0 method=java.util.ImmutableCollections$SetN.probe(Ljava/lang/Object;)I @ 34 c2
Event: 0.286 Thread 0x0000024c56617aa0 DEOPT PACKING pc=0x0000024c65a2d5b0 sp=0x00000093c2bfe990
Event: 0.286 Thread 0x0000024c56617aa0 DEOPT UNPACKING pc=0x0000024c5dfa23a3 sp=0x00000093c2bfe930 mode 2
Event: 0.294 Thread 0x0000024c56617aa0 Uncommon trap: trap_request=0xffffff45 fr.pc=0x0000024c65a32d7c relative=0x00000000000004dc
Event: 0.294 Thread 0x0000024c56617aa0 Uncommon trap: reason=unstable_if action=reinterpret pc=0x0000024c65a32d7c method=java.lang.StringLatin1.newString([BII)Ljava/lang/String; @ 1 c2
Event: 0.294 Thread 0x0000024c56617aa0 DEOPT PACKING pc=0x0000024c65a32d7c sp=0x00000093c2bfe7e0
Event: 0.294 Thread 0x0000024c56617aa0 DEOPT UNPACKING pc=0x0000024c5dfa23a3 sp=0x00000093c2bfe740 mode 2
Event: 0.294 Thread 0x0000024c56617aa0 Uncommon trap: trap_request=0xffffff45 fr.pc=0x0000024c65a3061c relative=0x00000000000003fc
Event: 0.294 Thread 0x0000024c56617aa0 Uncommon trap: reason=unstable_if action=reinterpret pc=0x0000024c65a3061c method=java.lang.StringLatin1.newString([BII)Ljava/lang/String; @ 1 c2
Event: 0.294 Thread 0x0000024c56617aa0 DEOPT PACKING pc=0x0000024c65a3061c sp=0x00000093c2bfe760
Event: 0.295 Thread 0x0000024c56617aa0 DEOPT UNPACKING pc=0x0000024c5dfa23a3 sp=0x00000093c2bfe740 mode 2

Classes loaded (20 events):
Event: 0.243 Loading class java/io/InputStreamReader
Event: 0.243 Loading class java/io/InputStreamReader done
Event: 0.243 Loading class sun/nio/cs/StreamDecoder
Event: 0.244 Loading class sun/nio/cs/StreamDecoder done
Event: 0.244 Loading class sun/nio/cs/UTF_8$Decoder
Event: 0.244 Loading class sun/nio/cs/UTF_8$Decoder done
Event: 0.304 Loading class java/lang/WeakPairMap$Pair$Weak
Event: 0.305 Loading class java/lang/WeakPairMap$WeakRefPeer
Event: 0.305 Loading class java/lang/WeakPairMap$WeakRefPeer done
Event: 0.305 Loading class java/lang/WeakPairMap$Pair$Weak done
Event: 0.305 Loading class java/lang/WeakPairMap$Pair$Weak$1
Event: 0.305 Loading class java/lang/WeakPairMap$Pair$Weak$1 done
Event: 0.309 Loading class sun/instrument/InstrumentationImpl
Event: 0.310 Loading class java/lang/instrument/Instrumentation
Event: 0.310 Loading class java/lang/instrument/Instrumentation done
Event: 0.310 Loading class sun/instrument/InstrumentationImpl done
Event: 0.311 Loading class sun/instrument/TransformerManager
Event: 0.312 Loading class sun/instrument/TransformerManager done
Event: 0.312 Loading class sun/instrument/TransformerManager$TransformerInfo
Event: 0.312 Loading class sun/instrument/TransformerManager$TransformerInfo done

Classes unloaded (0 events):
No events

Classes redefined (0 events):
No events

Internal exceptions (7 events):
Event: 0.180 Thread 0x0000024c56617aa0 Exception <a 'java/lang/NoSuchMethodError'{0x0000000089a9f550}: 'void java.lang.invoke.DirectMethodHandle$Holder.invokeVirtual(java.lang.Object, java.lang.Object)'> (0x0000000089a9f550) 
thrown [s\open\src\hotspot\share\interpreter\linkResolver.cpp, line 766]
Event: 0.246 Thread 0x0000024c56617aa0 Exception <a 'java/lang/NoSuchMethodError'{0x00000000897097c0}: 'void java.lang.invoke.DirectMethodHandle$Holder.invokeSpecial(java.lang.Object, java.lang.Object, java.lang.Object)'> (0x00000000897097c0) 
thrown [s\open\src\hotspot\share\interpreter\linkResolver.cpp, line 766]
Event: 0.262 Thread 0x0000024c56617aa0 Exception <a 'java/lang/NoSuchMethodError'{0x0000000089641978}: 'java.lang.Object java.lang.invoke.DirectMethodHandle$Holder.invokeVirtual(java.lang.Object, java.lang.Object, java.lang.Object)'> (0x0000000089641978) 
thrown [s\open\src\hotspot\share\interpreter\linkResolver.cpp, line 766]
Event: 0.275 Thread 0x0000024c56617aa0 Exception <a 'java/lang/NoSuchMethodError'{0x000000008950cba0}: 'void java.lang.invoke.DirectMethodHandle$Holder.invokeSpecial(java.lang.Object, java.lang.Object, java.lang.Object, java.lang.Object, java.lang.Object)'> (0x000000008950cba0) 
thrown [s\open\src\hotspot\share\interpreter\linkResolver.cpp, line 766]
Event: 0.278 Thread 0x0000024c56617aa0 Exception <a 'java/lang/NoSuchMethodError'{0x0000000089521600}: 'java.lang.Object java.lang.invoke.DirectMethodHandle$Holder.invokeInterface(java.lang.Object, java.lang.Object)'> (0x0000000089521600) 
thrown [s\open\src\hotspot\share\interpreter\linkResolver.cpp, line 766]
Event: 0.279 Thread 0x0000024c56617aa0 Exception <a 'java/lang/IncompatibleClassChangeError'{0x0000000089524b78}: Found class java.lang.Object, but interface was expected> (0x0000000089524b78) 
thrown [s\open\src\hotspot\share\interpreter\linkResolver.cpp, line 833]
Event: 0.282 Thread 0x0000024c56617aa0 Exception <a 'java/lang/NoSuchMethodError'{0x0000000089527a68}: 'void java.lang.invoke.DirectMethodHandle$Holder.invokeStatic(java.lang.Object, java.lang.Object, java.lang.Object, java.lang.Object)'> (0x0000000089527a68) 
thrown [s\open\src\hotspot\share\interpreter\linkResolver.cpp, line 766]

VM Operations (6 events):
Event: 0.222 Executing VM operation: HandshakeAllThreads
Event: 0.222 Executing VM operation: HandshakeAllThreads done
Event: 0.259 Executing VM operation: HandshakeAllThreads
Event: 0.259 Executing VM operation: HandshakeAllThreads done
Event: 0.276 Executing VM operation: HandshakeAllThreads
Event: 0.276 Executing VM operation: HandshakeAllThreads done

Events (19 events):
Event: 0.011 Loaded shared library C:\Program Files\Java\jdk-18.0.1.1\bin\java.dll
Event: 0.021 Loaded shared library C:\Program Files\Java\jdk-18.0.1.1\bin\jsvml.dll
Event: 0.021 Thread 0x0000024c56617aa0 Thread added: 0x0000024c56617aa0
Event: 0.024 Thread 0x0000024c74739a30 Thread added: 0x0000024c74739a30
Event: 0.024 Thread 0x0000024c7473a5a0 Thread added: 0x0000024c7473a5a0
Event: 0.038 Thread 0x0000024c74756000 Thread added: 0x0000024c74756000
Event: 0.038 Thread 0x0000024c747578c0 Thread added: 0x0000024c747578c0
Event: 0.038 Thread 0x0000024c74758170 Thread added: 0x0000024c74758170
Event: 0.038 Thread 0x0000024c74758a20 Thread added: 0x0000024c74758a20
Event: 0.039 Thread 0x0000024c74762350 Thread added: 0x0000024c74762350
Event: 0.039 Thread 0x0000024c7476cc70 Thread added: 0x0000024c7476cc70
Event: 0.039 Thread 0x0000024c74781170 Thread added: 0x0000024c74781170
Event: 0.097 Thread 0x0000024c789c7510 Thread added: 0x0000024c789c7510
Event: 0.103 Loaded shared library C:\Program Files\Java\jdk-18.0.1.1\bin\net.dll
Event: 0.105 Loaded shared library C:\Program Files\Java\jdk-18.0.1.1\bin\nio.dll
Event: 0.115 Loaded shared library C:\Program Files\Java\jdk-18.0.1.1\bin\zip.dll
Event: 0.148 Thread 0x0000024c78a6fc20 Thread added: 0x0000024c78a6fc20
Event: 0.308 Loaded shared library C:\Program Files\Java\jdk-18.0.1.1\bin\zip.dll
Event: 0.311 Loaded shared library C:\Program Files\Java\jdk-18.0.1.1\bin\instrument.dll


Dynamic libraries:
0x00007ff722ad0000 - 0x00007ff722ae0000 	C:\Program Files\Java\jdk-18.0.1.1\bin\java.exe
0x00007ff9a2a70000 - 0x00007ff9a2c87000 	C:\WINDOWS\SYSTEM32\ntdll.dll
0x00007ff9a1ff0000 - 0x00007ff9a20b4000 	C:\WINDOWS\System32\KERNEL32.DLL
0x00007ff99ff90000 - 0x00007ff9a0336000 	C:\WINDOWS\System32\KERNELBASE.dll
0x00007ff992de0000 - 0x00007ff992dfa000 	C:\Program Files\Java\jdk-18.0.1.1\bin\VCRUNTIME140.dll
0x00007ff992a60000 - 0x00007ff992a78000 	C:\Program Files\Java\jdk-18.0.1.1\bin\jli.dll
0x00007ff9a10d0000 - 0x00007ff9a1183000 	C:\WINDOWS\System32\ADVAPI32.dll
0x00007ff9a23e0000 - 0x00007ff9a2487000 	C:\WINDOWS\System32\msvcrt.dll
0x00007ff9a1020000 - 0x00007ff9a10c8000 	C:\WINDOWS\System32\sechost.dll
0x00007ff9a03f0000 - 0x00007ff9a0418000 	C:\WINDOWS\System32\bcrypt.dll
0x00007ff9a1d00000 - 0x00007ff9a1e17000 	C:\WINDOWS\System32\RPCRT4.dll
0x00007ff9a04c0000 - 0x00007ff9a05d1000 	C:\WINDOWS\System32\ucrtbase.dll
0x00007ff9a1b50000 - 0x00007ff9a1cfe000 	C:\WINDOWS\System32\USER32.dll
0x00007ff9a03c0000 - 0x00007ff9a03e6000 	C:\WINDOWS\System32\win32u.dll
0x00007ff9a2830000 - 0x00007ff9a2859000 	C:\WINDOWS\System32\GDI32.dll
0x00007ff9814e0000 - 0x00007ff981773000 	C:\WINDOWS\WinSxS\amd64_microsoft.windows.common-controls_6595b64144ccf1df_6.0.22621.2506_none_270c5ae97388e100\COMCTL32.dll
0x00007ff9a06a0000 - 0x00007ff9a07b8000 	C:\WINDOWS\System32\gdi32full.dll
0x00007ff9a0420000 - 0x00007ff9a04ba000 	C:\WINDOWS\System32\msvcp_win.dll
0x00007ff997cd0000 - 0x00007ff997cda000 	C:\WINDOWS\SYSTEM32\VERSION.dll
0x00007ff9a28e0000 - 0x00007ff9a2911000 	C:\WINDOWS\System32\IMM32.DLL
0x00007ff99c7e0000 - 0x00007ff99c7ec000 	C:\Program Files\Java\jdk-18.0.1.1\bin\vcruntime140_1.dll
0x00007ff97d030000 - 0x00007ff97d0bd000 	C:\Program Files\Java\jdk-18.0.1.1\bin\msvcp140.dll
0x00007ff938af0000 - 0x00007ff939700000 	C:\Program Files\Java\jdk-18.0.1.1\bin\server\jvm.dll
0x00007ff9a1fe0000 - 0x00007ff9a1fe8000 	C:\WINDOWS\System32\PSAPI.DLL
0x00007ff999e80000 - 0x00007ff999e89000 	C:\WINDOWS\SYSTEM32\WSOCK32.dll
0x00007ff9992b0000 - 0x00007ff9992e4000 	C:\WINDOWS\SYSTEM32\WINMM.dll
0x00007ff9a1e80000 - 0x00007ff9a1ef1000 	C:\WINDOWS\System32\WS2_32.dll
0x00007ff99eee0000 - 0x00007ff99eef8000 	C:\WINDOWS\SYSTEM32\kernel.appcore.dll
0x00007ff999320000 - 0x00007ff99932a000 	C:\Program Files\Java\jdk-18.0.1.1\bin\jimage.dll
0x00007ff99d480000 - 0x00007ff99d6b3000 	C:\WINDOWS\SYSTEM32\DBGHELP.DLL
0x00007ff9a1190000 - 0x00007ff9a1519000 	C:\WINDOWS\System32\combase.dll
0x00007ff9a1f00000 - 0x00007ff9a1fd7000 	C:\WINDOWS\System32\OLEAUT32.dll
0x00007ff9976d0000 - 0x00007ff997702000 	C:\WINDOWS\SYSTEM32\dbgcore.DLL
0x00007ff9a0340000 - 0x00007ff9a03ba000 	C:\WINDOWS\System32\bcryptPrimitives.dll
0x00007ff99c8c0000 - 0x00007ff99c8ce000 	C:\Program Files\Java\jdk-18.0.1.1\bin\instrument.dll
0x00007ff97f120000 - 0x00007ff97f145000 	C:\Program Files\Java\jdk-18.0.1.1\bin\java.dll
0x00007ff966ed0000 - 0x00007ff966fa6000 	C:\Program Files\Java\jdk-18.0.1.1\bin\jsvml.dll
0x00007ff9a07c0000 - 0x00007ff9a101b000 	C:\WINDOWS\System32\SHELL32.dll
0x00007ff99dd20000 - 0x00007ff99e616000 	C:\WINDOWS\SYSTEM32\windows.storage.dll
0x00007ff99dbe0000 - 0x00007ff99dd1e000 	C:\WINDOWS\SYSTEM32\wintypes.dll
0x00007ff9a22e0000 - 0x00007ff9a23d3000 	C:\WINDOWS\System32\SHCORE.dll
0x00007ff9a2280000 - 0x00007ff9a22de000 	C:\WINDOWS\System32\shlwapi.dll
0x00007ff99fce0000 - 0x00007ff99fd06000 	C:\WINDOWS\SYSTEM32\profapi.dll
0x00007ff991510000 - 0x00007ff991523000 	C:\Program Files\Java\jdk-18.0.1.1\bin\net.dll
0x00007ff998f20000 - 0x00007ff999057000 	C:\WINDOWS\SYSTEM32\WINHTTP.dll
0x00007ff99f360000 - 0x00007ff99f3c9000 	C:\WINDOWS\system32\mswsock.dll
0x00007ff990190000 - 0x00007ff9901a6000 	C:\Program Files\Java\jdk-18.0.1.1\bin\nio.dll
0x00007ff990030000 - 0x00007ff990048000 	C:\Program Files\Java\jdk-18.0.1.1\bin\zip.dll
0x00007ff9965f0000 - 0x00007ff99660a000 	E:\IntelliJ IDEA Community Edition 2023.3.3\bin\breakgen64.dll

dbghelp: loaded successfully - version: 4.0.5 - missing functions: none
symbol engine: initialized successfully - sym options: 0x614 - pdb path: .;C:\Program Files\Java\jdk-18.0.1.1\bin;C:\WINDOWS\SYSTEM32;C:\WINDOWS\WinSxS\amd64_microsoft.windows.common-controls_6595b64144ccf1df_6.0.22621.2506_none_270c5ae97388e100;C:\Program Files\Java\jdk-18.0.1.1\bin\server;E:\IntelliJ IDEA Community Edition 2023.3.3\bin

VM Arguments:
jvm_args: -javaagent:E:\IntelliJ IDEA Community Edition 2023.3.3\lib\idea_rt.jar=21585:E:\IntelliJ IDEA Community Edition 2023.3.3\bin -Dfile.encoding=UTF-8 -Dsun.stdout.encoding=UTF-8 -Dsun.stderr.encoding=UTF-8 --module-path=C:\Users\Win10\.m2\repository\org\openjfx\javafx-graphics\18.0.2\javafx-graphics-18.0.2-win.jar;C:\Users\Win10\.m2\repository\com\dlsc\formsfx\formsfx-core\11.6.0\formsfx-core-11.6.0.jar;C:\Users\Win10\.m2\repository\org\kordamp\bootstrapfx\bootstrapfx-core\0.4.0\bootstrapfx-core-0.4.0.jar;E:\IntelijFiles\WMS\target\classes;C:\Users\Win10\.m2\repository\org\openjfx\javafx-fxml\18.0.2\javafx-fxml-18.0.2-win.jar;C:\Users\Win10\.m2\repository\com\mysql\mysql-connector-j\8.0.33\mysql-connector-j-8.0.33.jar;C:\Users\Win10\.m2\repository\org\openjfx\javafx-controls\18.0.2\javafx-controls-18.0.2-win.jar;C:\Users\Win10\.m2\repository\org\apache\logging\log4j\log4j-api\2.14.1\log4j-api-2.14.1.jar;C:\Users\Win10\.m2\repository\org\mindrot\jbcrypt\0.4\jbcrypt-0.4.jar;C:\Users\Win10\.m2\repository\org\openjfx\javafx-base\18.0.2\javafx-base-18.0.2-win.jar -Djdk.module.main=org.wms 
java_command: org.wms/org.wms.main
java_class_path (initial): C:\Users\Win10\.m2\repository\org\openjfx\javafx-controls\18.0.2\javafx-controls-18.0.2.jar;C:\Users\Win10\.m2\repository\org\openjfx\javafx-graphics\18.0.2\javafx-graphics-18.0.2.jar;C:\Users\Win10\.m2\repository\org\openjfx\javafx-base\18.0.2\javafx-base-18.0.2.jar;C:\Users\Win10\.m2\repository\org\openjfx\javafx-fxml\18.0.2\javafx-fxml-18.0.2.jar;C:\Users\Win10\.m2\repository\org\apache\logging\log4j\log4j-core\2.14.1\log4j-core-2.14.1.jar;C:\Users\Win10\.m2\repository\org\openjfx\javafx-media\18.0.2\javafx-media-18.0.2.jar;C:\Users\Win10\.m2\repository\org\openjfx\javafx-media\18.0.2\javafx-media-18.0.2-win.jar;C:\Users\Win10\.m2\repository\com\github\almasb\fxgl\17.3\fxgl-17.3.jar;C:\Users\Win10\.m2\repository\com\github\almasb\fxgl-core\17.3\fxgl-core-17.3.jar;C:\Users\Win10\.m2\repository\com\gluonhq\attach\audio\4.0.17\audio-4.0.17.jar;C:\Users\Win10\.m2\repository\com\github\almasb\fxgl-io\17.3\fxgl-io-17.3.jar;C:\Users\Win10\.m2\repository\com\gluonhq\attach\storage\4.0.17\storage-4.0.17.jar;C:\Users\Win10\.m2\repository\com\gluonhq\attach\util\4.0.17\util-4.0.17.jar;C:\Users\Win10\.m2\repository\com\github\almasb\fxgl-entity\17.3\fxgl-entity-17.3.jar;C:\Users\Win10\.m2\repository\com\github\almasb\fxgl-scene\17.3\fxgl-scene-17.3.jar;C:\Users\Win10\.m2\repository\com\github\almasb\fxgl-gameplay\17.3\fxgl-gameplay-17.3.jar;C:\Users\Win10\.m2\repository\com\fasterxml\jackson\core\jackson-annotations\2.14.2\jackson-annotations-2.14.2.jar;C:\Users\Win10\.m2\repository\com\fasterxml\jackson\core\jackson-databind\2.14.2\jackson-databind-2.14.2.jar;C:\Users\Win10\.m2\repository\com\fasterxml\jackson\core\jackson-core\2.14.2\jackson-core-2.14.2.jar;C:\Users\Win10\.m2\repository\com\gluonhq\attach\lifecycle\4.0.17\lifecycle-4.0.17.jar;C:\Users\Win10\.m2\repository\org\jetbrains\kotlin\kotlin-stdlib\1.8.10\kotlin-stdlib-1.8.10.jar;C:\Users\Win10\.m2\repository\org\jetbrains\kotlin\kotlin-stdlib-common\1.8.10\kotlin-stdlib-common-1.8.10.jar;C:\Users\Win10\.m2\repository\org\jetbrains\annotations\13.0\annotations-13.0.jar;C:\Users\Win10\.m2\repository\com\google\protobuf\protobuf-java\3.21.9\protobuf-java-3.21.9.jar;C:\Users\Win10\.m2\repository\de\jensd\fontawesomefx\8.9\fontawesomefx-8.9.jar;C:\Users\Win10\.m2\repository\org\kordamp\ikonli\ikonli-swing\12.3.1\ikonli-swing-12.3.1.jar;C:\Users\Win10\.m2\repository\org\kordamp\ikonli\ikonli-core\12.3.1\ikonli-core-12.3.1.jar
Launcher Type: SUN_STANDARD

[Global flags]
     intx CICompilerCount                          = 4                                         {product} {ergonomic}
     uint ConcGCThreads                            = 2                                         {product} {ergonomic}
     uint G1ConcRefinementThreads                  = 8                                         {product} {ergonomic}
   size_t G1HeapRegionSize                         = 1048576                                   {product} {ergonomic}
    uintx GCDrainStackTargetSize                   = 64                                        {product} {ergonomic}
   size_t InitialHeapSize                          = 132120576                                 {product} {ergonomic}
   size_t MarkStackSize                            = 4194304                                   {product} {ergonomic}
   size_t MaxHeapSize                              = 2113929216                                {product} {ergonomic}
   size_t MaxNewSize                               = 1267728384                                {product} {ergonomic}
   size_t MinHeapDeltaBytes                        = 1048576                                   {product} {ergonomic}
   size_t MinHeapSize                              = 8388608                                   {product} {ergonomic}
    uintx NonNMethodCodeHeapSize                   = 5839372                                {pd product} {ergonomic}
    uintx NonProfiledCodeHeapSize                  = 122909434                              {pd product} {ergonomic}
    uintx ProfiledCodeHeapSize                     = 122909434                              {pd product} {ergonomic}
    uintx ReservedCodeCacheSize                    = 251658240                              {pd product} {ergonomic}
     bool SegmentedCodeCache                       = true                                      {product} {ergonomic}
   size_t SoftMaxHeapSize                          = 2113929216                             {manageable} {ergonomic}
     bool UseCompressedClassPointers               = true                           {product lp64_product} {ergonomic}
     bool UseCompressedOops                        = true                           {product lp64_product} {ergonomic}
     bool UseG1GC                                  = true                                      {product} {ergonomic}
     bool UseLargePagesIndividualAllocation        = false                                  {pd product} {ergonomic}

Logging:
Log output configuration:
 #0: stdout all=warning uptime,level,tags foldmultilines=false
 #1: stderr all=off uptime,level,tags foldmultilines=false

Environment Variables:
JAVA_HOME=C:\Users\Win10\emsdk\java\8.152_64bit
CLASSPATH=C:\Users\Win10\Downloads\algs4.jar
PATH=C:\Program Files\Common Files\Oracle\Java\javapath;C:\Windows\system32;C:\Windows;C:\Windows\System32\Wbem;C:\Windows\System32\WindowsPowerShell\v1.0\;C:\Windows\System32\OpenSSH\;C:\Program Files (x86)\NVIDIA Corporation\PhysX\Common;C:\WINDOWS\system32;C:\WINDOWS;C:\WINDOWS\System32\Wbem;C:\WINDOWS\System32\WindowsPowerShell\v1.0\;C:\WINDOWS\System32\OpenSSH\;C:\WINDOWS\system32;C:\WINDOWS;C:\WINDOWS\System32\Wbem;C:\WINDOWS\System32\WindowsPowerShell\v1.0\;C:\WINDOWS\System32\OpenSSH\;C:\Users\Win10\AppData\Roaming\nvm;C:\Program Files\nodejs;C:\Program Files\Git\cmd;C:\Program Files (x86)\Gpg4win\..\GnuPG\bin;C:\Users\Win10\emsdk\upstream\emscripten;C:\Users\Win10\emsdk;C:\Program Files\MySQL\MySQL Shell 8.0\bin\;C:\Users\Win10\AppData\Local\Programs\Python\Python39-32\Scripts\;C:\Users\Win10\AppData\Local\Programs\Python\Python39-32\;C:\Users\Win10\AppData\Local\Microsoft\WindowsApps;C:\Users\Win10\AppData\Local\Programs\Microsoft VS Code\bin;E:\IntelliJ IDEA Community Edition 2023.3.3\bin;;C:\Program Files (x86)\Nmap;C:\Program Files\JetBrains\PyCharm Community Edition 2022.3.3\bin;;C:\Users\Win10\AppData\Roaming\npm;C:\Users\Win10\AppData\Roaming\nvm;C:\Program Files\nodejs;C:\MinGW\bin;D:\mongodb\bin\
USERNAME=Rivansh'sG3
OS=Windows_NT
PROCESSOR_IDENTIFIER=Intel64 Family 6 Model 165 Stepping 2, GenuineIntel



---------------  S Y S T E M  ---------------

OS:
 Windows 11 , 64 bit Build 22621 (10.0.22621.3085)
OS uptime: 5 days 12:59 hours

CPU: total 8 (initial active 8) (4 cores per cpu, 2 threads per core) family 6 model 165 stepping 2 microcode 0xea, cx8, cmov, fxsr, ht, mmx, 3dnowpref, sse, sse2, sse3, ssse3, sse4.1, sse4.2, popcnt, lzcnt, tsc, tscinvbit, avx, avx2, aes, erms, clmul, bmi1, bmi2, adx, fma, vzeroupper, clflush, clflushopt

Memory: 4k page, system-wide physical 8059M (526M free)
TotalPageFile size 21448M (AvailPageFile size 2M)
current process WorkingSet (physical memory assigned to process): 53M, peak: 53M
current process commit charge ("private bytes"): 219M, peak: 219M

vm_info: Java HotSpot(TM) 64-Bit Server VM (18.0.1.1+2-6) for windows-amd64 JRE (18.0.1.1+2-6), built on Apr 25 2022 21:53:15 by "mach5one" with MS VC++ 16.8 / 16.9 (VS2019)

END.
