#
# There is insufficient memory for the Java Runtime Environment to continue.
# Native memory allocation (malloc) failed to allocate 32744 bytes for Chunk::new
# Possible reasons:
#   The system is out of physical RAM or swap space
#   The process is running with CompressedOops enabled, and the Java Heap may be blocking the growth of the native heap
# Possible solutions:
#   Reduce memory load on the system
#   Increase physical memory or swap space
#   Check if swap backing store is full
#   Decrease Java heap size (-Xmx/-Xms)
#   Decrease number of Java threads
#   Decrease Java thread stack sizes (-Xss)
#   Set larger code cache with -XX:ReservedCodeCacheSize=
#   JVM is running with Unscaled Compressed Oops mode in which the Java heap is
#     placed in the first 4GB address space. The Java Heap base address is the
#     maximum limit for the native heap growth. Please use -XX:HeapBaseMinAddress
#     to set the Java Heap base and to place the Java Heap above 4GB virtual address.
# This output file may be truncated or incomplete.
#
#  Out of Memory Error (arena.cpp:184), pid=8320, tid=13384
#
# JRE version: Java(TM) SE Runtime Environment (18.0.1.1+2) (build 18.0.1.1+2-6)
# Java VM: Java HotSpot(TM) 64-Bit Server VM (18.0.1.1+2-6, mixed mode, sharing, tiered, compressed oops, compressed class ptrs, g1 gc, windows-amd64)
# No core dump will be written. Minidumps are not enabled by default on client versions of Windows
#

---------------  S U M M A R Y ------------

Command Line: -javaagent:E:\IntelliJ IDEA Community Edition 2023.3.3\lib\idea_rt.jar=26456:E:\IntelliJ IDEA Community Edition 2023.3.3\bin -Dfile.encoding=UTF-8 -Dsun.stdout.encoding=UTF-8 -Dsun.stderr.encoding=UTF-8 --module-path=C:\Users\Win10\.m2\repository\org\openjfx\javafx-base\18.0.2\javafx-base-18.0.2-win.jar;C:\Users\Win10\.m2\repository\org\kordamp\bootstrapfx\bootstrapfx-core\0.4.0\bootstrapfx-core-0.4.0.jar;C:\Users\Win10\.m2\repository\com\mysql\mysql-connector-j\8.0.33\mysql-connector-j-8.0.33.jar;C:\Users\Win10\.m2\repository\org\openjfx\javafx-fxml\18.0.2\javafx-fxml-18.0.2-win.jar;C:\Users\Win10\.m2\repository\com\dlsc\formsfx\formsfx-core\11.6.0\formsfx-core-11.6.0.jar;C:\Users\Win10\.m2\repository\org\openjfx\javafx-graphics\18.0.2\javafx-graphics-18.0.2-win.jar;E:\IntelijFiles\WMS\target\classes;C:\Users\Win10\.m2\repository\org\apache\logging\log4j\log4j-api\2.14.1\log4j-api-2.14.1.jar;C:\Users\Win10\.m2\repository\org\mindrot\jbcrypt\0.4\jbcrypt-0.4.jar;C:\Users\Win10\.m2\repository\org\openjfx\javafx-controls\18.0.2\javafx-controls-18.0.2-win.jar -Djdk.module.main=org.wms org.wms/org.wms.main

Host: Intel(R) Core(TM) i5-10300H CPU @ 2.50GHz, 8 cores, 7G,  Windows 11 , 64 bit Build 22621 (10.0.22621.3085)
Time: Thu Feb 22 22:35:07 2024 India Standard Time elapsed time: 16.979688 seconds (0d 0h 0m 16s)

---------------  T H R E A D  ---------------

Current thread (0x00000178fdb7b4b0):  JavaThread "C2 CompilerThread0" daemon [_thread_in_native, id=13384, stack(0x000000169d300000,0x000000169d400000)]


Current CompileTask:
C2:  16979 5294 %     4       com.sun.marlin.Renderer::_endRendering @ 1910 (2473 bytes)

Stack: [0x000000169d300000,0x000000169d400000]
Native frames: (J=compiled Java code, j=interpreted, Vv=VM code, C=native code)
V  [jvm.dll+0x69887a]
V  [jvm.dll+0x7f38bd]
V  [jvm.dll+0x7f51ce]
V  [jvm.dll+0x7f5883]
V  [jvm.dll+0x25ca3f]
V  [jvm.dll+0xb8c2f]
V  [jvm.dll+0xb8fa5]
V  [jvm.dll+0x38ac98]
V  [jvm.dll+0x581746]
V  [jvm.dll+0x1d29bd]
V  [jvm.dll+0x22fd79]
V  [jvm.dll+0x22eff1]
V  [jvm.dll+0x1b9cfc]
V  [jvm.dll+0x23e8ca]
V  [jvm.dll+0x23cbb5]
V  [jvm.dll+0x7a5fb1]
V  [jvm.dll+0x7a03ea]
V  [jvm.dll+0x697725]
C  [ucrtbase.dll+0x29363]
C  [KERNEL32.DLL+0x1257d]
C  [ntdll.dll+0x5aa58]


---------------  P R O C E S S  ---------------

Threads class SMR info:
_java_thread_list=0x0000017897965490, length=21, elements={
0x00000178eee69330, 0x00000178fdb587c0, 0x00000178fdb59070, 0x00000178fdb739b0,
0x00000178fdb74260, 0x00000178fdb74b10, 0x00000178fdb773d0, 0x00000178fdb7b4b0,
0x00000178fdb83db0, 0x00000178fdb846a0, 0x00000178fdb45460, 0x00000178fe2dca70,
0x00000178fe4bc290, 0x00000178fe85a100, 0x00000178fe9dad80, 0x00000178fe9dc230,
0x00000178fec11530, 0x00000178fe9e6090, 0x000001789721ec30, 0x000001789721cf50,
0x000001789721b740
}

Java Threads: ( => current thread )
  0x00000178eee69330 JavaThread "main" [_thread_blocked, id=19440, stack(0x000000169c600000,0x000000169c700000)]
  0x00000178fdb587c0 JavaThread "Reference Handler" daemon [_thread_blocked, id=26140, stack(0x000000169cd00000,0x000000169ce00000)]
  0x00000178fdb59070 JavaThread "Finalizer" daemon [_thread_blocked, id=22408, stack(0x000000169ce00000,0x000000169cf00000)]
  0x00000178fdb739b0 JavaThread "Signal Dispatcher" daemon [_thread_blocked, id=5128, stack(0x000000169cf00000,0x000000169d000000)]
  0x00000178fdb74260 JavaThread "Attach Listener" daemon [_thread_blocked, id=20520, stack(0x000000169d000000,0x000000169d100000)]
  0x00000178fdb74b10 JavaThread "Service Thread" daemon [_thread_blocked, id=2836, stack(0x000000169d100000,0x000000169d200000)]
  0x00000178fdb773d0 JavaThread "Monitor Deflation Thread" daemon [_thread_blocked, id=22260, stack(0x000000169d200000,0x000000169d300000)]
=>0x00000178fdb7b4b0 JavaThread "C2 CompilerThread0" daemon [_thread_in_native, id=13384, stack(0x000000169d300000,0x000000169d400000)]
  0x00000178fdb83db0 JavaThread "C1 CompilerThread0" daemon [_thread_in_native, id=23600, stack(0x000000169d400000,0x000000169d500000)]
  0x00000178fdb846a0 JavaThread "Sweeper thread" daemon [_thread_blocked, id=20700, stack(0x000000169d500000,0x000000169d600000)]
  0x00000178fdb45460 JavaThread "Common-Cleaner" daemon [_thread_blocked, id=12792, stack(0x000000169d600000,0x000000169d700000)]
  0x00000178fe2dca70 JavaThread "Monitor Ctrl-Break" daemon [_thread_in_native, id=7380, stack(0x000000169d700000,0x000000169d800000)]
  0x00000178fe4bc290 JavaThread "Notification Thread" daemon [_thread_blocked, id=13808, stack(0x000000169d800000,0x000000169d900000)]
  0x00000178fe85a100 JavaThread "QuantumRenderer-0" daemon [_thread_blocked, id=22600, stack(0x000000169da00000,0x000000169db00000)]
  0x00000178fe9dad80 JavaThread "InvokeLaterDispatcher" daemon [_thread_blocked, id=27428, stack(0x000000169db00000,0x000000169dc00000)]
  0x00000178fe9dc230 JavaThread "JavaFX Application Thread" [_thread_in_native, id=10512, stack(0x000000169dc00000,0x000000169dd00000)]
  0x00000178fec11530 JavaThread "JavaFX-Launcher" [_thread_blocked, id=10428, stack(0x000000169e100000,0x000000169e200000)]
  0x00000178fe9e6090 JavaThread "Thread-2" daemon [_thread_in_native, id=2368, stack(0x000000169e000000,0x000000169e100000)]
  0x000001789721ec30 JavaThread "mysql-cj-abandoned-connection-cleanup" daemon [_thread_blocked, id=22224, stack(0x000000169e700000,0x000000169e800000)]
  0x000001789721cf50 JavaThread "Prism Font Disposer" daemon [_thread_blocked, id=23748, stack(0x000000169ee00000,0x000000169ef00000)]
  0x000001789721b740 JavaThread "Cleaner-0" daemon [_thread_blocked, id=23768, stack(0x000000169f000000,0x000000169f100000)]

Other Threads:
  0x00000178fdb54040 VMThread "VM Thread" [stack: 0x000000169cc00000,0x000000169cd00000] [id=15924]
  0x00000178fe5decb0 WatcherThread "VM Periodic Task Thread" [stack: 0x000000169d900000,0x000000169da00000] [id=9044]
  0x00000178eeecb6a0 WorkerThread "GC Thread#0" [stack: 0x000000169c700000,0x000000169c800000] [id=17644]
  0x00000178feb1b4b0 WorkerThread "GC Thread#1" [stack: 0x000000169e200000,0x000000169e300000] [id=26968]
  0x00000178feb1cc50 WorkerThread "GC Thread#2" [stack: 0x000000169e300000,0x000000169e400000] [id=21512]
  0x00000178feb1bc90 WorkerThread "GC Thread#3" [stack: 0x000000169e400000,0x000000169e500000] [id=21336]
  0x00000178fe1c30d0 WorkerThread "GC Thread#4" [stack: 0x000000169e500000,0x000000169e600000] [id=10720]
  0x00000178fe1c2e30 WorkerThread "GC Thread#5" [stack: 0x000000169e600000,0x000000169e700000] [id=16896]
  0x00000178fe1c4870 WorkerThread "GC Thread#6" [stack: 0x000000169e800000,0x000000169e900000] [id=7316]
  0x00000178fe1c38b0 WorkerThread "GC Thread#7" [stack: 0x000000169e900000,0x000000169ea00000] [id=26260]
  0x00000178eeedc0e0 ConcurrentGCThread "G1 Main Marker" [stack: 0x000000169c800000,0x000000169c900000] [id=25704]
  0x00000178eeedf1a0 WorkerThread "G1 Conc#0" [stack: 0x000000169c900000,0x000000169ca00000] [id=24228]
  0x00000178fe1c4b10 WorkerThread "G1 Conc#1" [stack: 0x000000169ea00000,0x000000169eb00000] [id=19636]
  0x00000178eef189b0 ConcurrentGCThread "G1 Refine#0" [stack: 0x000000169ca00000,0x000000169cb00000] [id=20816]
  0x00000178eef1a080 ConcurrentGCThread "G1 Service" [stack: 0x000000169cb00000,0x000000169cc00000] [id=18180]

Threads with active compile tasks:
C2 CompilerThread0    17023 5294 %     4       com.sun.marlin.Renderer::_endRendering @ 1910 (2473 bytes)
C1 CompilerThread0    17023 5781   !   2       com.sun.javafx.sg.prism.NGNode::accumulateGroupDirtyRegion (652 bytes)

VM state: not at safepoint (normal execution)

VM Mutex/Monitor currently owned by a thread: None

Heap address: 0x0000000082000000, size: 2016 MB, Compressed Oops mode: 32-bit

CDS archive(s) mapped at: [0x0000000800000000-0x0000000800ba0000-0x0000000800ba0000), size 12189696, SharedBaseAddress: 0x0000000800000000, ArchiveRelocationMode: 0.
Compressed class space mapped at: 0x0000000800c00000-0x0000000840c00000, reserved size: 1073741824
Narrow klass base: 0x0000000800000000, Narrow klass shift: 0, Narrow klass range: 0x100000000

GC Precious Log:
 CardTable entry size: 512
 Card Set container configuration: InlinePtr #cards 5 size 8 Array Of Cards #cards 12 size 40 Howl #buckets 4 coarsen threshold 1843 Howl Bitmap #cards 512 size 80 coarsen threshold 460 Card regions per heap region 1 cards per card region 2048
 CPUs: 8 total, 8 available
 Memory: 8059M
 Large Page Support: Disabled
 NUMA Support: Disabled
 Compressed Oops: Enabled (32-bit)
 Heap Region Size: 1M
 Heap Min Capacity: 8M
 Heap Initial Capacity: 126M
 Heap Max Capacity: 2016M
 Pre-touch: Disabled
 Parallel Workers: 8
 Concurrent Workers: 2
 Concurrent Refinement Workers: 8
 Periodic GC: Disabled

Heap:
 garbage-first heap   total 161792K, used 76253K [0x0000000082000000, 0x0000000100000000)
  region size 1024K, 13 young (13312K), 1 survivors (1024K)
 Metaspace       used 34540K, committed 34944K, reserved 1114112K
  class space    used 4551K, committed 4736K, reserved 1048576K

Heap Regions: E=young(eden), S=young(survivor), O=old, HS=humongous(starts), HC=humongous(continues), CS=collection set, F=free, OA=open archive, CA=closed archive, TAMS=top-at-mark-start (previous, next)
|   0|0x0000000082000000, 0x0000000082100000, 0x0000000082100000|100%| O|  |TAMS 0x0000000082100000, 0x0000000082000000| Untracked 
|   1|0x0000000082100000, 0x0000000082200000, 0x0000000082200000|100%| O|  |TAMS 0x0000000082200000, 0x0000000082100000| Untracked 
|   2|0x0000000082200000, 0x0000000082300000, 0x0000000082300000|100%| O|  |TAMS 0x0000000082300000, 0x0000000082200000| Untracked 
|   3|0x0000000082300000, 0x0000000082400000, 0x0000000082400000|100%| O|  |TAMS 0x0000000082400000, 0x0000000082300000| Untracked 
|   4|0x0000000082400000, 0x0000000082500000, 0x0000000082500000|100%| O|  |TAMS 0x0000000082500000, 0x0000000082400000| Untracked 
|   5|0x0000000082500000, 0x0000000082600000, 0x0000000082600000|100%| O|  |TAMS 0x0000000082600000, 0x0000000082500000| Untracked 
|   6|0x0000000082600000, 0x0000000082700000, 0x0000000082700000|100%| O|  |TAMS 0x0000000082700000, 0x0000000082600000| Untracked 
|   7|0x0000000082700000, 0x0000000082800000, 0x0000000082800000|100%| O|  |TAMS 0x0000000082700000, 0x0000000082700000| Untracked 
|   8|0x0000000082800000, 0x0000000082900000, 0x0000000082900000|100%|HS|  |TAMS 0x0000000082900000, 0x0000000082800000| Complete 
|   9|0x0000000082900000, 0x0000000082a00000, 0x0000000082a00000|100%|HC|  |TAMS 0x0000000082a00000, 0x0000000082900000| Complete 
|  10|0x0000000082a00000, 0x0000000082b00000, 0x0000000082b00000|100%|HC|  |TAMS 0x0000000082b00000, 0x0000000082a00000| Complete 
|  11|0x0000000082b00000, 0x0000000082c00000, 0x0000000082c00000|100%|HC|  |TAMS 0x0000000082c00000, 0x0000000082b00000| Complete 
|  12|0x0000000082c00000, 0x0000000082d00000, 0x0000000082d00000|100%|HC|  |TAMS 0x0000000082d00000, 0x0000000082c00000| Complete 
|  13|0x0000000082d00000, 0x0000000082e00000, 0x0000000082e00000|100%|HS|  |TAMS 0x0000000082e00000, 0x0000000082d00000| Complete 
|  14|0x0000000082e00000, 0x0000000082f00000, 0x0000000082f00000|100%|HC|  |TAMS 0x0000000082f00000, 0x0000000082e00000| Complete 
|  15|0x0000000082f00000, 0x0000000083000000, 0x0000000083000000|100%| O|  |TAMS 0x0000000083000000, 0x0000000082f00000| Untracked 
|  16|0x0000000083000000, 0x0000000083100000, 0x0000000083100000|100%| O|  |TAMS 0x0000000083100000, 0x0000000083000000| Untracked 
|  17|0x0000000083100000, 0x0000000083200000, 0x0000000083200000|100%| O|  |TAMS 0x0000000083200000, 0x0000000083100000| Untracked 
|  18|0x0000000083200000, 0x0000000083300000, 0x0000000083300000|100%| O|  |TAMS 0x0000000083300000, 0x0000000083200000| Untracked 
|  19|0x0000000083300000, 0x0000000083300000, 0x0000000083400000|  0%| F|  |TAMS 0x0000000083300000, 0x0000000083300000| Untracked 
|  20|0x0000000083400000, 0x0000000083500000, 0x0000000083500000|100%|HS|  |TAMS 0x0000000083500000, 0x0000000083400000| Complete 
|  21|0x0000000083500000, 0x0000000083600000, 0x0000000083600000|100%|HC|  |TAMS 0x0000000083600000, 0x0000000083500000| Complete 
|  22|0x0000000083600000, 0x0000000083700000, 0x0000000083700000|100%|HC|  |TAMS 0x0000000083700000, 0x0000000083600000| Complete 
|  23|0x0000000083700000, 0x0000000083800000, 0x0000000083800000|100%|HC|  |TAMS 0x0000000083800000, 0x0000000083700000| Complete 
|  24|0x0000000083800000, 0x0000000083900000, 0x0000000083900000|100%|HC|  |TAMS 0x0000000083900000, 0x0000000083800000| Complete 
|  25|0x0000000083900000, 0x0000000083a00000, 0x0000000083a00000|100%| O|  |TAMS 0x00000000839f8c00, 0x0000000083900000| Untracked 
|  26|0x0000000083a00000, 0x0000000083b00000, 0x0000000083b00000|100%| O|  |TAMS 0x0000000083a00000, 0x0000000083a00000| Untracked 
|  27|0x0000000083b00000, 0x0000000083b77600, 0x0000000083c00000| 46%| O|  |TAMS 0x0000000083b00000, 0x0000000083b00000| Untracked 
|  28|0x0000000083c00000, 0x0000000083c00000, 0x0000000083d00000|  0%| F|  |TAMS 0x0000000083c00000, 0x0000000083c00000| Untracked 
|  29|0x0000000083d00000, 0x0000000083d00000, 0x0000000083e00000|  0%| F|  |TAMS 0x0000000083d00000, 0x0000000083d00000| Untracked 
|  30|0x0000000083e00000, 0x0000000083e00000, 0x0000000083f00000|  0%| F|  |TAMS 0x0000000083e00000, 0x0000000083e00000| Untracked 
|  31|0x0000000083f00000, 0x0000000084000000, 0x0000000084000000|100%|HS|  |TAMS 0x0000000084000000, 0x0000000083f00000| Complete 
|  32|0x0000000084000000, 0x0000000084100000, 0x0000000084100000|100%|HC|  |TAMS 0x0000000084100000, 0x0000000084000000| Complete 
|  33|0x0000000084100000, 0x0000000084200000, 0x0000000084200000|100%|HC|  |TAMS 0x0000000084200000, 0x0000000084100000| Complete 
|  34|0x0000000084200000, 0x0000000084300000, 0x0000000084300000|100%|HC|  |TAMS 0x0000000084300000, 0x0000000084200000| Complete 
|  35|0x0000000084300000, 0x0000000084400000, 0x0000000084400000|100%|HC|  |TAMS 0x0000000084400000, 0x0000000084300000| Complete 
|  36|0x0000000084400000, 0x0000000084500000, 0x0000000084500000|100%|HS|  |TAMS 0x0000000084500000, 0x0000000084400000| Complete 
|  37|0x0000000084500000, 0x0000000084600000, 0x0000000084600000|100%|HC|  |TAMS 0x0000000084600000, 0x0000000084500000| Complete 
|  38|0x0000000084600000, 0x0000000084700000, 0x0000000084700000|100%|HC|  |TAMS 0x0000000084700000, 0x0000000084600000| Complete 
|  39|0x0000000084700000, 0x0000000084800000, 0x0000000084800000|100%|HC|  |TAMS 0x0000000084800000, 0x0000000084700000| Complete 
|  40|0x0000000084800000, 0x0000000084900000, 0x0000000084900000|100%|HC|  |TAMS 0x0000000084900000, 0x0000000084800000| Complete 
|  41|0x0000000084900000, 0x0000000084a00000, 0x0000000084a00000|100%|HS|  |TAMS 0x0000000084a00000, 0x0000000084900000| Complete 
|  42|0x0000000084a00000, 0x0000000084b00000, 0x0000000084b00000|100%|HC|  |TAMS 0x0000000084b00000, 0x0000000084a00000| Complete 
|  43|0x0000000084b00000, 0x0000000084c00000, 0x0000000084c00000|100%|HC|  |TAMS 0x0000000084c00000, 0x0000000084b00000| Complete 
|  44|0x0000000084c00000, 0x0000000084d00000, 0x0000000084d00000|100%|HC|  |TAMS 0x0000000084d00000, 0x0000000084c00000| Complete 
|  45|0x0000000084d00000, 0x0000000084e00000, 0x0000000084e00000|100%|HC|  |TAMS 0x0000000084e00000, 0x0000000084d00000| Complete 
|  46|0x0000000084e00000, 0x0000000084f00000, 0x0000000084f00000|100%|HS|  |TAMS 0x0000000084f00000, 0x0000000084e00000| Complete 
|  47|0x0000000084f00000, 0x0000000085000000, 0x0000000085000000|100%|HC|  |TAMS 0x0000000085000000, 0x0000000084f00000| Complete 
|  48|0x0000000085000000, 0x0000000085100000, 0x0000000085100000|100%|HC|  |TAMS 0x0000000085100000, 0x0000000085000000| Complete 
|  49|0x0000000085100000, 0x0000000085200000, 0x0000000085200000|100%|HC|  |TAMS 0x0000000085200000, 0x0000000085100000| Complete 
|  50|0x0000000085200000, 0x0000000085300000, 0x0000000085300000|100%|HC|  |TAMS 0x0000000085300000, 0x0000000085200000| Complete 
|  51|0x0000000085300000, 0x0000000085400000, 0x0000000085400000|100%|HS|  |TAMS 0x0000000085400000, 0x0000000085300000| Complete 
|  52|0x0000000085400000, 0x0000000085500000, 0x0000000085500000|100%|HC|  |TAMS 0x0000000085500000, 0x0000000085400000| Complete 
|  53|0x0000000085500000, 0x0000000085600000, 0x0000000085600000|100%|HC|  |TAMS 0x0000000085600000, 0x0000000085500000| Complete 
|  54|0x0000000085600000, 0x0000000085700000, 0x0000000085700000|100%|HC|  |TAMS 0x0000000085700000, 0x0000000085600000| Complete 
|  55|0x0000000085700000, 0x0000000085800000, 0x0000000085800000|100%|HC|  |TAMS 0x0000000085800000, 0x0000000085700000| Complete 
|  56|0x0000000085800000, 0x0000000085900000, 0x0000000085900000|100%|HS|  |TAMS 0x0000000085900000, 0x0000000085800000| Complete 
|  57|0x0000000085900000, 0x0000000085a00000, 0x0000000085a00000|100%|HC|  |TAMS 0x0000000085a00000, 0x0000000085900000| Complete 
|  58|0x0000000085a00000, 0x0000000085b00000, 0x0000000085b00000|100%|HC|  |TAMS 0x0000000085b00000, 0x0000000085a00000| Complete 
|  59|0x0000000085b00000, 0x0000000085c00000, 0x0000000085c00000|100%|HC|  |TAMS 0x0000000085c00000, 0x0000000085b00000| Complete 
|  60|0x0000000085c00000, 0x0000000085d00000, 0x0000000085d00000|100%|HC|  |TAMS 0x0000000085d00000, 0x0000000085c00000| Complete 
|  61|0x0000000085d00000, 0x0000000085e00000, 0x0000000085e00000|100%|HS|  |TAMS 0x0000000085e00000, 0x0000000085d00000| Complete 
|  62|0x0000000085e00000, 0x0000000085f00000, 0x0000000085f00000|100%|HC|  |TAMS 0x0000000085f00000, 0x0000000085e00000| Complete 
|  63|0x0000000085f00000, 0x0000000086000000, 0x0000000086000000|100%|HC|  |TAMS 0x0000000086000000, 0x0000000085f00000| Complete 
|  64|0x0000000086000000, 0x0000000086100000, 0x0000000086100000|100%|HC|  |TAMS 0x0000000086100000, 0x0000000086000000| Complete 
|  65|0x0000000086100000, 0x0000000086200000, 0x0000000086200000|100%|HC|  |TAMS 0x0000000086200000, 0x0000000086100000| Complete 
|  66|0x0000000086200000, 0x0000000086200000, 0x0000000086300000|  0%| F|  |TAMS 0x0000000086200000, 0x0000000086200000| Untracked 
|  67|0x0000000086300000, 0x0000000086300000, 0x0000000086400000|  0%| F|  |TAMS 0x0000000086300000, 0x0000000086300000| Untracked 
|  68|0x0000000086400000, 0x0000000086400000, 0x0000000086500000|  0%| F|  |TAMS 0x0000000086400000, 0x0000000086400000| Untracked 
|  69|0x0000000086500000, 0x0000000086500000, 0x0000000086600000|  0%| F|  |TAMS 0x0000000086500000, 0x0000000086500000| Untracked 
|  70|0x0000000086600000, 0x0000000086600000, 0x0000000086700000|  0%| F|  |TAMS 0x0000000086600000, 0x0000000086600000| Untracked 
|  71|0x0000000086700000, 0x0000000086700000, 0x0000000086800000|  0%| F|  |TAMS 0x0000000086700000, 0x0000000086700000| Untracked 
|  72|0x0000000086800000, 0x0000000086800000, 0x0000000086900000|  0%| F|  |TAMS 0x0000000086800000, 0x0000000086800000| Untracked 
|  73|0x0000000086900000, 0x0000000086900000, 0x0000000086a00000|  0%| F|  |TAMS 0x0000000086900000, 0x0000000086900000| Untracked 
|  74|0x0000000086a00000, 0x0000000086a00000, 0x0000000086b00000|  0%| F|  |TAMS 0x0000000086a00000, 0x0000000086a00000| Untracked 
|  75|0x0000000086b00000, 0x0000000086b00000, 0x0000000086c00000|  0%| F|  |TAMS 0x0000000086b00000, 0x0000000086b00000| Untracked 
|  76|0x0000000086c00000, 0x0000000086c00000, 0x0000000086d00000|  0%| F|  |TAMS 0x0000000086c00000, 0x0000000086c00000| Untracked 
|  77|0x0000000086d00000, 0x0000000086d00000, 0x0000000086e00000|  0%| F|  |TAMS 0x0000000086d00000, 0x0000000086d00000| Untracked 
|  78|0x0000000086e00000, 0x0000000086e00000, 0x0000000086f00000|  0%| F|  |TAMS 0x0000000086e00000, 0x0000000086e00000| Untracked 
|  79|0x0000000086f00000, 0x0000000086f00000, 0x0000000087000000|  0%| F|  |TAMS 0x0000000086f00000, 0x0000000086f00000| Untracked 
|  80|0x0000000087000000, 0x0000000087000000, 0x0000000087100000|  0%| F|  |TAMS 0x0000000087000000, 0x0000000087000000| Untracked 
|  81|0x0000000087100000, 0x0000000087100000, 0x0000000087200000|  0%| F|  |TAMS 0x0000000087100000, 0x0000000087100000| Untracked 
|  82|0x0000000087200000, 0x0000000087200000, 0x0000000087300000|  0%| F|  |TAMS 0x0000000087200000, 0x0000000087200000| Untracked 
|  83|0x0000000087300000, 0x0000000087300000, 0x0000000087400000|  0%| F|  |TAMS 0x0000000087300000, 0x0000000087300000| Untracked 
|  84|0x0000000087400000, 0x0000000087400000, 0x0000000087500000|  0%| F|  |TAMS 0x0000000087400000, 0x0000000087400000| Untracked 
|  85|0x0000000087500000, 0x0000000087500000, 0x0000000087600000|  0%| F|  |TAMS 0x0000000087500000, 0x0000000087500000| Untracked 
|  86|0x0000000087600000, 0x0000000087600000, 0x0000000087700000|  0%| F|  |TAMS 0x0000000087600000, 0x0000000087600000| Untracked 
|  87|0x0000000087700000, 0x0000000087700000, 0x0000000087800000|  0%| F|  |TAMS 0x0000000087700000, 0x0000000087700000| Untracked 
|  88|0x0000000087800000, 0x0000000087800000, 0x0000000087900000|  0%| F|  |TAMS 0x0000000087800000, 0x0000000087800000| Untracked 
|  89|0x0000000087900000, 0x0000000087900000, 0x0000000087a00000|  0%| F|  |TAMS 0x0000000087900000, 0x0000000087900000| Untracked 
|  90|0x0000000087a00000, 0x0000000087a00000, 0x0000000087b00000|  0%| F|  |TAMS 0x0000000087a00000, 0x0000000087a00000| Untracked 
|  91|0x0000000087b00000, 0x0000000087b00000, 0x0000000087c00000|  0%| F|  |TAMS 0x0000000087b00000, 0x0000000087b00000| Untracked 
|  92|0x0000000087c00000, 0x0000000087c00000, 0x0000000087d00000|  0%| F|  |TAMS 0x0000000087c00000, 0x0000000087c00000| Untracked 
|  93|0x0000000087d00000, 0x0000000087d00000, 0x0000000087e00000|  0%| F|  |TAMS 0x0000000087d00000, 0x0000000087d00000| Untracked 
|  94|0x0000000087e00000, 0x0000000087e00000, 0x0000000087f00000|  0%| F|  |TAMS 0x0000000087e00000, 0x0000000087e00000| Untracked 
|  95|0x0000000087f00000, 0x0000000087f00000, 0x0000000088000000|  0%| F|  |TAMS 0x0000000087f00000, 0x0000000087f00000| Untracked 
|  96|0x0000000088000000, 0x0000000088000000, 0x0000000088100000|  0%| F|  |TAMS 0x0000000088000000, 0x0000000088000000| Untracked 
|  97|0x0000000088100000, 0x0000000088100000, 0x0000000088200000|  0%| F|  |TAMS 0x0000000088100000, 0x0000000088100000| Untracked 
|  98|0x0000000088200000, 0x0000000088200000, 0x0000000088300000|  0%| F|  |TAMS 0x0000000088200000, 0x0000000088200000| Untracked 
|  99|0x0000000088300000, 0x0000000088400000, 0x0000000088400000|100%| S|CS|TAMS 0x0000000088300000, 0x0000000088300000| Complete 
| 100|0x0000000088400000, 0x0000000088400000, 0x0000000088500000|  0%| F|  |TAMS 0x0000000088400000, 0x0000000088400000| Untracked 
| 101|0x0000000088500000, 0x0000000088500000, 0x0000000088600000|  0%| F|  |TAMS 0x0000000088500000, 0x0000000088500000| Untracked 
| 102|0x0000000088600000, 0x0000000088600000, 0x0000000088700000|  0%| F|  |TAMS 0x0000000088600000, 0x0000000088600000| Untracked 
| 103|0x0000000088700000, 0x0000000088700000, 0x0000000088800000|  0%| F|  |TAMS 0x0000000088700000, 0x0000000088700000| Untracked 
| 104|0x0000000088800000, 0x0000000088800000, 0x0000000088900000|  0%| F|  |TAMS 0x0000000088800000, 0x0000000088800000| Untracked 
| 105|0x0000000088900000, 0x0000000088900000, 0x0000000088a00000|  0%| F|  |TAMS 0x0000000088900000, 0x0000000088900000| Untracked 
| 106|0x0000000088a00000, 0x0000000088a00000, 0x0000000088b00000|  0%| F|  |TAMS 0x0000000088a00000, 0x0000000088a00000| Untracked 
| 107|0x0000000088b00000, 0x0000000088b00000, 0x0000000088c00000|  0%| F|  |TAMS 0x0000000088b00000, 0x0000000088b00000| Untracked 
| 108|0x0000000088c00000, 0x0000000088c00000, 0x0000000088d00000|  0%| F|  |TAMS 0x0000000088c00000, 0x0000000088c00000| Untracked 
| 109|0x0000000088d00000, 0x0000000088d00000, 0x0000000088e00000|  0%| F|  |TAMS 0x0000000088d00000, 0x0000000088d00000| Untracked 
| 110|0x0000000088e00000, 0x0000000088e00000, 0x0000000088f00000|  0%| F|  |TAMS 0x0000000088e00000, 0x0000000088e00000| Untracked 
| 111|0x0000000088f00000, 0x0000000088f00000, 0x0000000089000000|  0%| F|  |TAMS 0x0000000088f00000, 0x0000000088f00000| Untracked 
| 112|0x0000000089000000, 0x0000000089000000, 0x0000000089100000|  0%| F|  |TAMS 0x0000000089000000, 0x0000000089000000| Untracked 
| 113|0x0000000089100000, 0x0000000089100000, 0x0000000089200000|  0%| F|  |TAMS 0x0000000089100000, 0x0000000089100000| Untracked 
| 114|0x0000000089200000, 0x0000000089200000, 0x0000000089300000|  0%| F|  |TAMS 0x0000000089200000, 0x0000000089200000| Untracked 
| 115|0x0000000089300000, 0x0000000089300000, 0x0000000089400000|  0%| F|  |TAMS 0x0000000089300000, 0x0000000089300000| Untracked 
| 116|0x0000000089400000, 0x0000000089400000, 0x0000000089500000|  0%| F|  |TAMS 0x0000000089400000, 0x0000000089400000| Untracked 
| 117|0x0000000089500000, 0x0000000089500000, 0x0000000089600000|  0%| F|  |TAMS 0x0000000089500000, 0x0000000089500000| Untracked 
| 118|0x0000000089600000, 0x0000000089600000, 0x0000000089700000|  0%| F|  |TAMS 0x0000000089600000, 0x0000000089600000| Untracked 
| 119|0x0000000089700000, 0x0000000089700000, 0x0000000089800000|  0%| F|  |TAMS 0x0000000089700000, 0x0000000089700000| Untracked 
| 120|0x0000000089800000, 0x0000000089800000, 0x0000000089900000|  0%| F|  |TAMS 0x0000000089800000, 0x0000000089800000| Untracked 
| 121|0x0000000089900000, 0x0000000089900000, 0x0000000089a00000|  0%| F|  |TAMS 0x0000000089900000, 0x0000000089900000| Untracked 
| 122|0x0000000089a00000, 0x0000000089a00000, 0x0000000089b00000|  0%| F|  |TAMS 0x0000000089a00000, 0x0000000089a00000| Untracked 
| 123|0x0000000089b00000, 0x0000000089b00000, 0x0000000089c00000|  0%| F|  |TAMS 0x0000000089b00000, 0x0000000089b00000| Untracked 
| 124|0x0000000089c00000, 0x0000000089c00000, 0x0000000089d00000|  0%| F|  |TAMS 0x0000000089c00000, 0x0000000089c00000| Untracked 
| 125|0x0000000089d00000, 0x0000000089d00000, 0x0000000089e00000|  0%| F|  |TAMS 0x0000000089d00000, 0x0000000089d00000| Untracked 
| 126|0x0000000089e00000, 0x0000000089e00000, 0x0000000089f00000|  0%| F|  |TAMS 0x0000000089e00000, 0x0000000089e00000| Untracked 
| 127|0x0000000089f00000, 0x0000000089f00000, 0x000000008a000000|  0%| F|  |TAMS 0x0000000089f00000, 0x0000000089f00000| Untracked 
| 128|0x000000008a000000, 0x000000008a000000, 0x000000008a100000|  0%| F|  |TAMS 0x000000008a000000, 0x000000008a000000| Untracked 
| 129|0x000000008a100000, 0x000000008a100000, 0x000000008a200000|  0%| F|  |TAMS 0x000000008a100000, 0x000000008a100000| Untracked 
| 130|0x000000008a200000, 0x000000008a200000, 0x000000008a300000|  0%| F|  |TAMS 0x000000008a200000, 0x000000008a200000| Untracked 
| 131|0x000000008a300000, 0x000000008a300000, 0x000000008a400000|  0%| F|  |TAMS 0x000000008a300000, 0x000000008a300000| Untracked 
| 132|0x000000008a400000, 0x000000008a400000, 0x000000008a500000|  0%| F|  |TAMS 0x000000008a400000, 0x000000008a400000| Untracked 
| 133|0x000000008a500000, 0x000000008a500000, 0x000000008a600000|  0%| F|  |TAMS 0x000000008a500000, 0x000000008a500000| Untracked 
| 134|0x000000008a600000, 0x000000008a600000, 0x000000008a700000|  0%| F|  |TAMS 0x000000008a600000, 0x000000008a600000| Untracked 
| 135|0x000000008a700000, 0x000000008a700000, 0x000000008a800000|  0%| F|  |TAMS 0x000000008a700000, 0x000000008a700000| Untracked 
| 136|0x000000008a800000, 0x000000008a800000, 0x000000008a900000|  0%| F|  |TAMS 0x000000008a800000, 0x000000008a800000| Untracked 
| 137|0x000000008a900000, 0x000000008a900000, 0x000000008aa00000|  0%| F|  |TAMS 0x000000008a900000, 0x000000008a900000| Untracked 
| 138|0x000000008aa00000, 0x000000008aa00000, 0x000000008ab00000|  0%| F|  |TAMS 0x000000008aa00000, 0x000000008aa00000| Untracked 
| 139|0x000000008ab00000, 0x000000008ab00000, 0x000000008ac00000|  0%| F|  |TAMS 0x000000008ab00000, 0x000000008ab00000| Untracked 
| 140|0x000000008ac00000, 0x000000008ac00000, 0x000000008ad00000|  0%| F|  |TAMS 0x000000008ac00000, 0x000000008ac00000| Untracked 
| 141|0x000000008ad00000, 0x000000008ad00000, 0x000000008ae00000|  0%| F|  |TAMS 0x000000008ad00000, 0x000000008ad00000| Untracked 
| 142|0x000000008ae00000, 0x000000008ae00000, 0x000000008af00000|  0%| F|  |TAMS 0x000000008ae00000, 0x000000008ae00000| Untracked 
| 143|0x000000008af00000, 0x000000008af00000, 0x000000008b000000|  0%| F|  |TAMS 0x000000008af00000, 0x000000008af00000| Untracked 
| 144|0x000000008b000000, 0x000000008b0d4500, 0x000000008b100000| 82%| E|  |TAMS 0x000000008b000000, 0x000000008b000000| Complete 
| 145|0x000000008b100000, 0x000000008b200000, 0x000000008b200000|100%| E|CS|TAMS 0x000000008b100000, 0x000000008b100000| Complete 
| 146|0x000000008b200000, 0x000000008b300000, 0x000000008b300000|100%| E|CS|TAMS 0x000000008b200000, 0x000000008b200000| Complete 
| 147|0x000000008b300000, 0x000000008b400000, 0x000000008b400000|100%| E|CS|TAMS 0x000000008b300000, 0x000000008b300000| Complete 
| 148|0x000000008b400000, 0x000000008b500000, 0x000000008b500000|100%| E|  |TAMS 0x000000008b400000, 0x000000008b400000| Complete 
| 149|0x000000008b500000, 0x000000008b600000, 0x000000008b600000|100%| E|CS|TAMS 0x000000008b500000, 0x000000008b500000| Complete 
| 150|0x000000008b600000, 0x000000008b700000, 0x000000008b700000|100%| E|CS|TAMS 0x000000008b600000, 0x000000008b600000| Complete 
| 151|0x000000008b700000, 0x000000008b800000, 0x000000008b800000|100%| E|CS|TAMS 0x000000008b700000, 0x000000008b700000| Complete 
| 152|0x000000008b800000, 0x000000008b900000, 0x000000008b900000|100%| E|CS|TAMS 0x000000008b800000, 0x000000008b800000| Complete 
| 153|0x000000008b900000, 0x000000008ba00000, 0x000000008ba00000|100%| E|CS|TAMS 0x000000008b900000, 0x000000008b900000| Complete 
| 154|0x000000008ba00000, 0x000000008bb00000, 0x000000008bb00000|100%| E|CS|TAMS 0x000000008ba00000, 0x000000008ba00000| Complete 
| 155|0x000000008bb00000, 0x000000008bc00000, 0x000000008bc00000|100%| E|CS|TAMS 0x000000008bb00000, 0x000000008bb00000| Complete 
|2014|0x00000000ffe00000, 0x00000000fff00000, 0x00000000fff00000|100%| O|  |TAMS 0x00000000fff00000, 0x00000000ffe00000| Untracked 
|2015|0x00000000fff00000, 0x0000000100000000, 0x0000000100000000|100%| O|  |TAMS 0x0000000100000000, 0x00000000fff00000| Untracked 

Card table byte_map: [0x00000178f6eb0000,0x00000178f72a0000] _byte_map_base: 0x00000178f6aa0000

Marking Bits (Prev, Next): (CMBitMap*) 0x00000178eeecbbf0, (CMBitMap*) 0x00000178eeecbbb0
 Prev Bits: [0x00000178f9610000, 0x00000178fb590000)
 Next Bits: [0x00000178f7690000, 0x00000178f9610000)

Polling page: 0x00000178ecd90000

Metaspace:

Usage:
  Non-class:     29.29 MB used.
      Class:      4.44 MB used.
       Both:     33.73 MB used.

Virtual space:
  Non-class space:       64.00 MB reserved,      29.50 MB ( 46%) committed,  1 nodes.
      Class space:        1.00 GB reserved,       4.62 MB ( <1%) committed,  1 nodes.
             Both:        1.06 GB reserved,      34.12 MB (  3%) committed. 

Chunk freelists:
   Non-Class:  2.55 MB
       Class:  3.22 MB
        Both:  5.77 MB

MaxMetaspaceSize: unlimited
CompressedClassSpaceSize: 1.00 GB
Initial GC threshold: 21.00 MB
Current GC threshold: 54.06 MB
CDS: on
MetaspaceReclaimPolicy: balanced
 - commit_granule_bytes: 65536.
 - commit_granule_words: 8192.
 - virtual_space_node_default_size: 8388608.
 - enlarge_chunks_in_place: 1.
 - new_chunks_are_fully_committed: 0.
 - uncommit_free_chunks: 1.
 - use_allocation_guard: 0.


Internal statistics:

num_allocs_failed_limit: 3.
num_arena_births: 428.
num_arena_deaths: 0.
num_vsnodes_births: 2.
num_vsnodes_deaths: 0.
num_space_committed: 546.
num_space_uncommitted: 0.
num_chunks_returned_to_freelist: 3.
num_chunks_taken_from_freelist: 1358.
num_chunk_merges: 0.
num_chunk_splits: 987.
num_chunks_enlarged: 783.
num_inconsistent_stats: 0.

CodeHeap 'non-profiled nmethods': size=120000Kb used=2002Kb max_used=2002Kb free=117997Kb
 bounds [0x0000017887ad0000, 0x0000017887d40000, 0x000001788f000000]
CodeHeap 'profiled nmethods': size=120000Kb used=12048Kb max_used=12048Kb free=107951Kb
 bounds [0x00000178805a0000, 0x0000017881170000, 0x0000017887ad0000]
CodeHeap 'non-nmethods': size=5760Kb used=1567Kb max_used=1607Kb free=4192Kb
 bounds [0x0000017880000000, 0x0000017880270000, 0x00000178805a0000]
 total_blobs=6681 nmethods=5733 adapters=860
 compilation: enabled
              stopped_count=0, restarted_count=0
 full_count=0

Compilation events (20 events):
Event: 16.941 Thread 0x00000178fdb83db0 5770       2       com.sun.javafx.geom.DirtyRegionContainer::siftDown (121 bytes)
Event: 16.941 Thread 0x00000178fdb83db0 nmethod 5770 0x000001788115f210 code [0x000001788115f3e0, 0x000001788115f898]
Event: 16.949 Thread 0x00000178fdb83db0 5771       2       com.sun.javafx.sg.prism.NGNode::computeDirtyRegion (95 bytes)
Event: 16.950 Thread 0x00000178fdb83db0 nmethod 5771 0x000001788115fb90 code [0x000001788115fda0, 0x0000017881160158]
Event: 16.950 Thread 0x00000178fdb83db0 5772       2       com.sun.javafx.geom.RectBounds::disjoint (74 bytes)
Event: 16.950 Thread 0x00000178fdb83db0 nmethod 5772 0x0000017881160390 code [0x0000017881160520, 0x0000017881160858]
Event: 16.950 Thread 0x00000178fdb83db0 5773       2       com.sun.javafx.geom.transform.TransformHelper::general3dBoundsTransform (937 bytes)
Event: 16.951 Thread 0x00000178fdb83db0 nmethod 5773 0x0000017881160910 code [0x0000017881160b80, 0x0000017881161d48]
Event: 16.951 Thread 0x00000178fdb83db0 5774       2       com.sun.javafx.geom.transform.GeneralTransform3D::transform (29 bytes)
Event: 16.951 Thread 0x00000178fdb83db0 nmethod 5774 0x0000017881162510 code [0x00000178811626c0, 0x00000178811628a8]
Event: 16.956 Thread 0x00000178fdb83db0 5775       2       com.sun.javafx.geom.DirtyRegionContainer::resolveMap (16 bytes)
Event: 16.957 Thread 0x00000178fdb83db0 nmethod 5775 0x0000017881162990 code [0x0000017881162b20, 0x0000017881162cb8]
Event: 16.957 Thread 0x00000178fdb83db0 5776       2       com.sun.javafx.sg.prism.NGNode::computeRenderRoot (12 bytes)
Event: 16.957 Thread 0x00000178fdb83db0 nmethod 5776 0x0000017881162e10 code [0x0000017881162fa0, 0x00000178811630c8]
Event: 16.965 Thread 0x00000178fdb83db0 5777       2       com.sun.javafx.sg.prism.NGNode::accumulateNodeDirtyRegion (63 bytes)
Event: 16.966 Thread 0x00000178fdb83db0 nmethod 5777 0x0000017881163190 code [0x0000017881163380, 0x0000017881163698]
Event: 16.973 Thread 0x00000178fdb83db0 5778       2       com.sun.javafx.geom.DirtyRegionContainer::hasSpace (18 bytes)
Event: 16.974 Thread 0x00000178fdb83db0 nmethod 5778 0x0000017881163890 code [0x0000017881163a20, 0x0000017881163b58]
Event: 16.974 Thread 0x00000178fdb83db0 5779       2       com.sun.javafx.tk.quantum.ViewPainter::getRootPath (26 bytes)
Event: 16.974 Thread 0x00000178fdb83db0 nmethod 5779 0x0000017881163c10 code [0x0000017881163dc0, 0x0000017881164158]

GC Heap History (20 events):
Event: 1.586 GC heap before
{Heap before GC invocations=1 (full 0):
 garbage-first heap   total 129024K, used 35246K [0x0000000082000000, 0x0000000100000000)
  region size 1024K, 34 young (34816K), 3 survivors (3072K)
 Metaspace       used 16178K, committed 16384K, reserved 1114112K
  class space    used 1888K, committed 1984K, reserved 1048576K
}
Event: 1.593 GC heap after
{Heap after GC invocations=2 (full 0):
 garbage-first heap   total 129024K, used 8187K [0x0000000082000000, 0x0000000100000000)
  region size 1024K, 5 young (5120K), 5 survivors (5120K)
 Metaspace       used 16178K, committed 16384K, reserved 1114112K
  class space    used 1888K, committed 1984K, reserved 1048576K
}
Event: 1.894 GC heap before
{Heap before GC invocations=2 (full 0):
 garbage-first heap   total 129024K, used 14331K [0x0000000082000000, 0x0000000100000000)
  region size 1024K, 12 young (12288K), 5 survivors (5120K)
 Metaspace       used 21229K, committed 21504K, reserved 1114112K
  class space    used 2496K, committed 2624K, reserved 1048576K
}
Event: 1.899 GC heap after
{Heap after GC invocations=3 (full 0):
 garbage-first heap   total 129024K, used 9339K [0x0000000082000000, 0x0000000100000000)
  region size 1024K, 2 young (2048K), 2 survivors (2048K)
 Metaspace       used 21229K, committed 21504K, reserved 1114112K
  class space    used 2496K, committed 2624K, reserved 1048576K
}
Event: 2.369 GC heap before
{Heap before GC invocations=4 (full 0):
 garbage-first heap   total 37888K, used 36987K [0x0000000082000000, 0x0000000100000000)
  region size 1024K, 24 young (24576K), 2 survivors (2048K)
 Metaspace       used 26175K, committed 26496K, reserved 1114112K
  class space    used 3307K, committed 3456K, reserved 1048576K
}
Event: 2.373 GC heap after
{Heap after GC invocations=5 (full 0):
 garbage-first heap   total 41984K, used 16856K [0x0000000082000000, 0x0000000100000000)
  region size 1024K, 4 young (4096K), 4 survivors (4096K)
 Metaspace       used 26175K, committed 26496K, reserved 1114112K
  class space    used 3307K, committed 3456K, reserved 1048576K
}
Event: 14.773 GC heap before
{Heap before GC invocations=5 (full 0):
 garbage-first heap   total 41984K, used 31192K [0x0000000082000000, 0x0000000100000000)
  region size 1024K, 16 young (16384K), 4 survivors (4096K)
 Metaspace       used 29183K, committed 29504K, reserved 1114112K
  class space    used 3738K, committed 3904K, reserved 1048576K
}
Event: 14.777 GC heap after
{Heap after GC invocations=6 (full 0):
 garbage-first heap   total 41984K, used 20410K [0x0000000082000000, 0x0000000100000000)
  region size 1024K, 2 young (2048K), 2 survivors (2048K)
 Metaspace       used 29183K, committed 29504K, reserved 1114112K
  class space    used 3738K, committed 3904K, reserved 1048576K
}
Event: 15.034 GC heap before
{Heap before GC invocations=6 (full 0):
 garbage-first heap   total 41984K, used 30650K [0x0000000082000000, 0x0000000100000000)
  region size 1024K, 12 young (12288K), 2 survivors (2048K)
 Metaspace       used 30882K, committed 31232K, reserved 1114112K
  class space    used 4037K, committed 4224K, reserved 1048576K
}
Event: 15.036 GC heap after
{Heap after GC invocations=7 (full 0):
 garbage-first heap   total 41984K, used 21635K [0x0000000082000000, 0x0000000100000000)
  region size 1024K, 2 young (2048K), 2 survivors (2048K)
 Metaspace       used 30882K, committed 31232K, reserved 1114112K
  class space    used 4037K, committed 4224K, reserved 1048576K
}
Event: 15.891 GC heap before
{Heap before GC invocations=8 (full 0):
 garbage-first heap   total 75776K, used 74883K [0x0000000082000000, 0x0000000100000000)
  region size 1024K, 9 young (9216K), 2 survivors (2048K)
 Metaspace       used 31660K, committed 32000K, reserved 1114112K
  class space    used 4123K, committed 4288K, reserved 1048576K
}
Event: 15.894 GC heap after
{Heap after GC invocations=9 (full 0):
 garbage-first heap   total 79872K, used 63606K [0x0000000082000000, 0x0000000100000000)
  region size 1024K, 2 young (2048K), 2 survivors (2048K)
 Metaspace       used 31660K, committed 32000K, reserved 1114112K
  class space    used 4123K, committed 4288K, reserved 1048576K
}
Event: 15.913 GC heap before
{Heap before GC invocations=9 (full 0):
 garbage-first heap   total 79872K, used 64630K [0x0000000082000000, 0x0000000100000000)
  region size 1024K, 3 young (3072K), 2 survivors (2048K)
 Metaspace       used 31929K, committed 32256K, reserved 1114112K
  class space    used 4167K, committed 4352K, reserved 1048576K
}
Event: 15.916 GC heap after
{Heap after GC invocations=10 (full 0):
 garbage-first heap   total 79872K, used 63735K [0x0000000082000000, 0x0000000100000000)
  region size 1024K, 1 young (1024K), 1 survivors (1024K)
 Metaspace       used 31929K, committed 32256K, reserved 1114112K
  class space    used 4167K, committed 4352K, reserved 1048576K
}
Event: 15.973 GC heap before
{Heap before GC invocations=10 (full 0):
 garbage-first heap   total 79872K, used 66807K [0x0000000082000000, 0x0000000100000000)
  region size 1024K, 5 young (5120K), 1 survivors (1024K)
 Metaspace       used 32604K, committed 32960K, reserved 1114112K
  class space    used 4304K, committed 4480K, reserved 1048576K
}
Event: 15.975 GC heap after
{Heap after GC invocations=11 (full 0):
 garbage-first heap   total 79872K, used 64237K [0x0000000082000000, 0x0000000100000000)
  region size 1024K, 1 young (1024K), 1 survivors (1024K)
 Metaspace       used 32604K, committed 32960K, reserved 1114112K
  class space    used 4304K, committed 4480K, reserved 1048576K
}
Event: 16.045 GC heap before
{Heap before GC invocations=12 (full 0):
 garbage-first heap   total 109568K, used 68333K [0x0000000082000000, 0x0000000100000000)
  region size 1024K, 5 young (5120K), 1 survivors (1024K)
 Metaspace       used 33118K, committed 33536K, reserved 1114112K
  class space    used 4424K, committed 4608K, reserved 1048576K
}
Event: 16.047 GC heap after
{Heap after GC invocations=13 (full 0):
 garbage-first heap   total 109568K, used 65056K [0x0000000082000000, 0x0000000100000000)
  region size 1024K, 1 young (1024K), 1 survivors (1024K)
 Metaspace       used 33118K, committed 33536K, reserved 1114112K
  class space    used 4424K, committed 4608K, reserved 1048576K
}
Event: 16.121 GC heap before
{Heap before GC invocations=13 (full 0):
 garbage-first heap   total 109568K, used 69152K [0x0000000082000000, 0x0000000100000000)
  region size 1024K, 5 young (5120K), 1 survivors (1024K)
 Metaspace       used 33380K, committed 33728K, reserved 1114112K
  class space    used 4451K, committed 4608K, reserved 1048576K
}
Event: 16.128 GC heap after
{Heap after GC invocations=14 (full 0):
 garbage-first heap   total 161792K, used 66013K [0x0000000082000000, 0x0000000100000000)
  region size 1024K, 1 young (1024K), 1 survivors (1024K)
 Metaspace       used 33380K, committed 33728K, reserved 1114112K
  class space    used 4451K, committed 4608K, reserved 1048576K
}

Deoptimization events (20 events):
Event: 16.548 Thread 0x00000178fe85a100 DEOPT PACKING pc=0x000001788103a99a sp=0x000000169dafce50
Event: 16.548 Thread 0x00000178fe85a100 DEOPT UNPACKING pc=0x0000017880052b43 sp=0x000000169dafc2a8 mode 0
Event: 16.550 Thread 0x00000178fe85a100 DEOPT PACKING pc=0x000001788103a9bb sp=0x000000169dafc1d0
Event: 16.550 Thread 0x00000178fe85a100 DEOPT UNPACKING pc=0x0000017880052b43 sp=0x000000169dafb638 mode 0
Event: 16.555 Thread 0x00000178fe85a100 DEOPT PACKING pc=0x000001788103a99a sp=0x000000169dafcf00
Event: 16.555 Thread 0x00000178fe85a100 DEOPT UNPACKING pc=0x0000017880052b43 sp=0x000000169dafc358 mode 0
Event: 16.557 Thread 0x00000178fe85a100 DEOPT PACKING pc=0x000001788103a99a sp=0x000000169dafccf0
Event: 16.557 Thread 0x00000178fe85a100 DEOPT UNPACKING pc=0x0000017880052b43 sp=0x000000169dafc148 mode 0
Event: 16.560 Thread 0x00000178fe85a100 DEOPT PACKING pc=0x000001788103a99a sp=0x000000169dafc150
Event: 16.560 Thread 0x00000178fe85a100 DEOPT UNPACKING pc=0x0000017880052b43 sp=0x000000169dafb5a8 mode 0
Event: 16.564 Thread 0x00000178fe85a100 DEOPT PACKING pc=0x000001788103a99a sp=0x000000169dafcf00
Event: 16.564 Thread 0x00000178fe85a100 DEOPT UNPACKING pc=0x0000017880052b43 sp=0x000000169dafc358 mode 0
Event: 16.564 Thread 0x00000178fe85a100 DEOPT PACKING pc=0x000001788103a99a sp=0x000000169dafcf00
Event: 16.564 Thread 0x00000178fe85a100 DEOPT UNPACKING pc=0x0000017880052b43 sp=0x000000169dafc358 mode 0
Event: 16.566 Thread 0x00000178fe85a100 DEOPT PACKING pc=0x000001788103a99a sp=0x000000169dafccf0
Event: 16.566 Thread 0x00000178fe85a100 DEOPT UNPACKING pc=0x0000017880052b43 sp=0x000000169dafc148 mode 0
Event: 16.572 Thread 0x00000178fe85a100 DEOPT PACKING pc=0x000001788103a99a sp=0x000000169dafcfa0
Event: 16.572 Thread 0x00000178fe85a100 DEOPT UNPACKING pc=0x0000017880052b43 sp=0x000000169dafc3f8 mode 0
Event: 16.670 Thread 0x00000178fe85a100 DEOPT PACKING pc=0x00000178810b0668 sp=0x000000169dafc560
Event: 16.670 Thread 0x00000178fe85a100 DEOPT UNPACKING pc=0x0000017880052b43 sp=0x000000169dafb9e0 mode 0

Classes loaded (20 events):
Event: 16.159 Loading class sun/text/resources/BreakIteratorInfo
Event: 16.160 Loading class sun/text/resources/BreakIteratorInfo done
Event: 16.160 Loading class sun/text/resources/BreakIteratorResources
Event: 16.160 Loading class sun/util/resources/BreakIteratorResourceBundle
Event: 16.160 Loading class sun/util/resources/BreakIteratorResourceBundle done
Event: 16.160 Loading class sun/text/resources/BreakIteratorResources done
Event: 16.160 Loading class sun/text/resources/BreakIteratorResources_en
Event: 16.160 Loading class sun/text/resources/BreakIteratorResources_en done
Event: 16.160 Loading class sun/text/resources/BreakIteratorResources_en_US
Event: 16.160 Loading class sun/text/resources/BreakIteratorResources_en_US done
Event: 16.161 Loading class sun/text/RuleBasedBreakIterator
Event: 16.161 Loading class sun/text/RuleBasedBreakIterator done
Event: 16.161 Loading class sun/text/CompactByteArray
Event: 16.162 Loading class sun/text/CompactByteArray done
Event: 16.162 Loading class sun/text/SupplementaryCharacterData
Event: 16.162 Loading class sun/text/SupplementaryCharacterData done
Event: 16.162 Loading class java/text/BreakIterator$BreakIteratorCache
Event: 16.162 Loading class java/text/BreakIterator$BreakIteratorCache done
Event: 16.319 Loading class java/lang/FdLibm$Cbrt
Event: 16.319 Loading class java/lang/FdLibm$Cbrt done

Classes unloaded (0 events):
No events

Classes redefined (0 events):
No events

Internal exceptions (20 events):
Event: 2.448 Thread 0x00000178fe9dc230 Exception <a 'java/lang/NoSuchMethodError'{0x00000000840fef58}: 'int java.lang.invoke.DirectMethodHandle$Holder.invokeSpecial(java.lang.Object, java.lang.Object, int)'> (0x00000000840fef58) 
thrown [s\open\src\hotspot\share\interpreter\linkResolver.cpp, line 766]
Event: 2.464 Thread 0x00000178fe9dc230 Exception <a 'java/lang/NoSuchMethodError'{0x0000000083f655a8}: 'java.lang.Object java.lang.invoke.DirectMethodHandle$Holder.newInvokeSpecial(java.lang.Object, java.lang.Object, int)'> (0x0000000083f655a8) 
thrown [s\open\src\hotspot\share\interpreter\linkResolver.cpp, line 766]
Event: 2.501 Thread 0x00000178fe85a100 Exception <a 'java/lang/NoSuchMethodError'{0x0000000083e9c2b0}: 'int java.lang.invoke.DirectMethodHandle$Holder.invokeStaticInit(java.lang.Object, java.lang.Object)'> (0x0000000083e9c2b0) 
thrown [s\open\src\hotspot\share\interpreter\linkResolver.cpp, line 766]
Event: 2.510 Thread 0x00000178fe9dc230 Exception <a 'java/lang/NoSuchMethodError'{0x0000000083e69db8}: 'long java.lang.invoke.DirectMethodHandle$Holder.invokeStatic(java.lang.Object, java.lang.Object, java.lang.Object)'> (0x0000000083e69db8) 
thrown [s\open\src\hotspot\share\interpreter\linkResolver.cpp, line 766]
Event: 2.510 Thread 0x00000178fe9dc230 Exception <a 'java/lang/NoSuchMethodError'{0x0000000083e6d558}: 'long java.lang.invoke.DirectMethodHandle$Holder.invokeStaticInit(java.lang.Object, java.lang.Object, java.lang.Object)'> (0x0000000083e6d558) 
thrown [s\open\src\hotspot\share\interpreter\linkResolver.cpp, line 766]
Event: 2.512 Thread 0x00000178fe9dc230 Exception <a 'java/lang/NoSuchMethodError'{0x0000000083d047f0}: 'java.lang.Object java.lang.invoke.DirectMethodHandle$Holder.newInvokeSpecial(java.lang.Object, java.lang.Object, long)'> (0x0000000083d047f0) 
thrown [s\open\src\hotspot\share\interpreter\linkResolver.cpp, line 766]
Event: 2.513 Thread 0x00000178fe9dc230 Exception <a 'java/lang/NoSuchMethodError'{0x0000000083d08368}: 'java.lang.Object java.lang.invoke.Invokers$Holder.linkToTargetMethod(java.lang.Object, long, java.lang.Object)'> (0x0000000083d08368) 
thrown [s\open\src\hotspot\share\interpreter\linkResolver.cpp, line 766]
Event: 15.010 Thread 0x00000178fe9dc230 Exception <a 'java/io/FileNotFoundException'{0x00000000840ec940}> (0x00000000840ec940) 
thrown [s\open\src\hotspot\share\prims\jni.cpp, line 516]
Event: 15.014 Thread 0x00000178fe9dc230 Exception <a 'java/io/FileNotFoundException'{0x0000000083f07c88}> (0x0000000083f07c88) 
thrown [s\open\src\hotspot\share\prims\jni.cpp, line 516]
Event: 15.014 Thread 0x00000178fe9dc230 Exception <a 'java/io/FileNotFoundException'{0x0000000083f0d460}> (0x0000000083f0d460) 
thrown [s\open\src\hotspot\share\prims\jni.cpp, line 516]
Event: 15.015 Thread 0x00000178fe9dc230 Exception <a 'java/io/FileNotFoundException'{0x0000000083f17380}> (0x0000000083f17380) 
thrown [s\open\src\hotspot\share\prims\jni.cpp, line 516]
Event: 15.018 Thread 0x00000178fe9dc230 Exception <a 'java/io/FileNotFoundException'{0x0000000083f31630}> (0x0000000083f31630) 
thrown [s\open\src\hotspot\share\prims\jni.cpp, line 516]
Event: 15.019 Thread 0x00000178fe9dc230 Exception <a 'java/io/FileNotFoundException'{0x0000000083f3e788}> (0x0000000083f3e788) 
thrown [s\open\src\hotspot\share\prims\jni.cpp, line 516]
Event: 15.020 Thread 0x00000178fe9dc230 Exception <a 'java/io/FileNotFoundException'{0x0000000083f49cc0}> (0x0000000083f49cc0) 
thrown [s\open\src\hotspot\share\prims\jni.cpp, line 516]
Event: 15.275 Thread 0x00000178fe9dc230 Implicit null exception at 0x0000017887b0ddd5 to 0x0000017887b0e3b8
Event: 15.305 Thread 0x00000178fe9dc230 Implicit null exception at 0x0000017887b208d2 to 0x0000017887b20ea8
Event: 15.324 Thread 0x00000178fe9dc230 Exception <a 'java/lang/NoSuchMethodError'{0x000000008956ee60}: 'java.lang.Object java.lang.invoke.DirectMethodHandle$Holder.invokeSpecial(java.lang.Object, java.lang.Object, java.lang.Object, double)'> (0x000000008956ee60) 
thrown [s\open\src\hotspot\share\interpreter\linkResolver.cpp, line 766]
Event: 15.332 Thread 0x00000178fe9dc230 Implicit null exception at 0x0000017887c0a0d0 to 0x0000017887c0a134
Event: 15.997 Thread 0x00000178fe9dc230 Implicit null exception at 0x0000017887b91556 to 0x0000017887b917c8
Event: 15.998 Thread 0x00000178fe9dc230 Exception <a 'java/lang/NoSuchMethodError'{0x00000000896191c0}: 'void java.lang.invoke.DirectMethodHandle$Holder.invokeSpecialIFC(java.lang.Object, java.lang.Object, java.lang.Object, java.lang.Object)'> (0x00000000896191c0) 
thrown [s\open\src\hotspot\share\interpreter\linkResolver.cpp, line 766]

VM Operations (20 events):
Event: 15.973 Executing VM operation: G1CollectForAllocation
Event: 15.975 Executing VM operation: G1CollectForAllocation done
Event: 15.992 Executing VM operation: HandshakeAllThreads
Event: 15.992 Executing VM operation: HandshakeAllThreads done
Event: 15.992 Executing VM operation: G1Concurrent
Event: 15.995 Executing VM operation: G1Concurrent done
Event: 16.000 Executing VM operation: G1Concurrent
Event: 16.000 Executing VM operation: G1Concurrent done
Event: 16.038 Executing VM operation: HandshakeAllThreads
Event: 16.038 Executing VM operation: HandshakeAllThreads done
Event: 16.038 Executing VM operation: HandshakeAllThreads
Event: 16.038 Executing VM operation: HandshakeAllThreads done
Event: 16.045 Executing VM operation: G1CollectForAllocation
Event: 16.047 Executing VM operation: G1CollectForAllocation done
Event: 16.121 Executing VM operation: G1CollectForAllocation
Event: 16.128 Executing VM operation: G1CollectForAllocation done
Event: 16.261 Executing VM operation: HandshakeAllThreads
Event: 16.261 Executing VM operation: HandshakeAllThreads done
Event: 16.424 Executing VM operation: ICBufferFull
Event: 16.424 Executing VM operation: ICBufferFull done

Events (20 events):
Event: 0.571 Loaded shared library C:\Users\Win10\.openjfx\cache\18.0.2+2\vcruntime140_1.dll
Event: 0.582 Loaded shared library C:\Users\Win10\.openjfx\cache\18.0.2+2\msvcp140.dll
Event: 0.616 Thread 0x00000178fe85a100 Thread added: 0x00000178fe85a100
Event: 0.631 Loaded shared library C:\Users\Win10\.openjfx\cache\18.0.2+2\prism_d3d.dll
Event: 0.703 Loaded shared library C:\Users\Win10\.openjfx\cache\18.0.2+2\glass.dll
Event: 0.705 Thread 0x00000178fe9dad80 Thread added: 0x00000178fe9dad80
Event: 0.708 Thread 0x00000178fe9dc230 Thread added: 0x00000178fe9dc230
Event: 0.793 Thread 0x00000178fec11530 Thread added: 0x00000178fec11530
Event: 0.795 Thread 0x00000178fe9e6090 Thread added: 0x00000178fe9e6090
Event: 0.814 Loaded shared library C:\Program Files\Java\jdk-18.0.1.1\bin\jimage.dll
Event: 0.860 Loaded shared library C:\Program Files\Java\jdk-18.0.1.1\bin\management.dll
Event: 0.862 Loaded shared library C:\Program Files\Java\jdk-18.0.1.1\bin\management_ext.dll
Event: 1.058 Thread 0x000001789721c5b0 Thread added: 0x000001789721c5b0
Event: 1.058 Thread 0x000001789721c5b0 Thread exited: 0x000001789721c5b0
Event: 1.416 Thread 0x000001789721ec30 Thread added: 0x000001789721ec30
Event: 1.711 Loaded shared library C:\Program Files\Java\jdk-18.0.1.1\bin\sunmscapi.dll
Event: 1.960 Loaded shared library C:\Users\Win10\.openjfx\cache\18.0.2+2\javafx_font.dll
Event: 2.320 Thread 0x000001789721cf50 Thread added: 0x000001789721cf50
Event: 2.609 Thread 0x000001789721b740 Thread added: 0x000001789721b740
Event: 14.784 Loaded shared library C:\Program Files\Java\jdk-18.0.1.1\bin\verify.dll


Dynamic libraries:
0x00007ff64d860000 - 0x00007ff64d870000 	C:\Program Files\Java\jdk-18.0.1.1\bin\java.exe
0x00007ff9a2a70000 - 0x00007ff9a2c87000 	C:\WINDOWS\SYSTEM32\ntdll.dll
0x00007ff9a1ff0000 - 0x00007ff9a20b4000 	C:\WINDOWS\System32\KERNEL32.DLL
0x00007ff99ff90000 - 0x00007ff9a0336000 	C:\WINDOWS\System32\KERNELBASE.dll
0x00007ff9a04c0000 - 0x00007ff9a05d1000 	C:\WINDOWS\System32\ucrtbase.dll
0x00007ff97d7b0000 - 0x00007ff97d7c8000 	C:\Program Files\Java\jdk-18.0.1.1\bin\jli.dll
0x00007ff986680000 - 0x00007ff98669a000 	C:\Program Files\Java\jdk-18.0.1.1\bin\VCRUNTIME140.dll
0x00007ff9a10d0000 - 0x00007ff9a1183000 	C:\WINDOWS\System32\ADVAPI32.dll
0x00007ff9a23e0000 - 0x00007ff9a2487000 	C:\WINDOWS\System32\msvcrt.dll
0x00007ff9a1020000 - 0x00007ff9a10c8000 	C:\WINDOWS\System32\sechost.dll
0x00007ff9a03f0000 - 0x00007ff9a0418000 	C:\WINDOWS\System32\bcrypt.dll
0x00007ff9a1d00000 - 0x00007ff9a1e17000 	C:\WINDOWS\System32\RPCRT4.dll
0x00007ff9a1b50000 - 0x00007ff9a1cfe000 	C:\WINDOWS\System32\USER32.dll
0x00007ff9a03c0000 - 0x00007ff9a03e6000 	C:\WINDOWS\System32\win32u.dll
0x00007ff9814e0000 - 0x00007ff981773000 	C:\WINDOWS\WinSxS\amd64_microsoft.windows.common-controls_6595b64144ccf1df_6.0.22621.2506_none_270c5ae97388e100\COMCTL32.dll
0x00007ff9a2830000 - 0x00007ff9a2859000 	C:\WINDOWS\System32\GDI32.dll
0x00007ff9a06a0000 - 0x00007ff9a07b8000 	C:\WINDOWS\System32\gdi32full.dll
0x00007ff9a0420000 - 0x00007ff9a04ba000 	C:\WINDOWS\System32\msvcp_win.dll
0x00007ff997cd0000 - 0x00007ff997cda000 	C:\WINDOWS\SYSTEM32\VERSION.dll
0x00007ff9a28e0000 - 0x00007ff9a2911000 	C:\WINDOWS\System32\IMM32.DLL
0x00007ff991370000 - 0x00007ff99137c000 	C:\Program Files\Java\jdk-18.0.1.1\bin\vcruntime140_1.dll
0x00007ff951620000 - 0x00007ff9516ad000 	C:\Program Files\Java\jdk-18.0.1.1\bin\msvcp140.dll
0x00007ff94a680000 - 0x00007ff94b290000 	C:\Program Files\Java\jdk-18.0.1.1\bin\server\jvm.dll
0x00007ff9a1fe0000 - 0x00007ff9a1fe8000 	C:\WINDOWS\System32\PSAPI.DLL
0x00007ff99cc90000 - 0x00007ff99cc99000 	C:\WINDOWS\SYSTEM32\WSOCK32.dll
0x00007ff9992b0000 - 0x00007ff9992e4000 	C:\WINDOWS\SYSTEM32\WINMM.dll
0x00007ff9a1e80000 - 0x00007ff9a1ef1000 	C:\WINDOWS\System32\WS2_32.dll
0x00007ff99eee0000 - 0x00007ff99eef8000 	C:\WINDOWS\SYSTEM32\kernel.appcore.dll
0x00007ff98fb60000 - 0x00007ff98fb6a000 	C:\Program Files\Java\jdk-18.0.1.1\bin\jimage.dll
0x00007ff99d480000 - 0x00007ff99d6b3000 	C:\WINDOWS\SYSTEM32\DBGHELP.DLL
0x00007ff9a1190000 - 0x00007ff9a1519000 	C:\WINDOWS\System32\combase.dll
0x00007ff9a1f00000 - 0x00007ff9a1fd7000 	C:\WINDOWS\System32\OLEAUT32.dll
0x00007ff9976d0000 - 0x00007ff997702000 	C:\WINDOWS\SYSTEM32\dbgcore.DLL
0x00007ff9a0340000 - 0x00007ff9a03ba000 	C:\WINDOWS\System32\bcryptPrimitives.dll
0x00007ff99cc10000 - 0x00007ff99cc1e000 	C:\Program Files\Java\jdk-18.0.1.1\bin\instrument.dll
0x00007ff96e010000 - 0x00007ff96e035000 	C:\Program Files\Java\jdk-18.0.1.1\bin\java.dll
0x00007ff94d5f0000 - 0x00007ff94d6c6000 	C:\Program Files\Java\jdk-18.0.1.1\bin\jsvml.dll
0x00007ff9a07c0000 - 0x00007ff9a101b000 	C:\WINDOWS\System32\SHELL32.dll
0x00007ff99dd20000 - 0x00007ff99e616000 	C:\WINDOWS\SYSTEM32\windows.storage.dll
0x00007ff99dbe0000 - 0x00007ff99dd1e000 	C:\WINDOWS\SYSTEM32\wintypes.dll
0x00007ff9a22e0000 - 0x00007ff9a23d3000 	C:\WINDOWS\System32\SHCORE.dll
0x00007ff9a2280000 - 0x00007ff9a22de000 	C:\WINDOWS\System32\shlwapi.dll
0x00007ff99fce0000 - 0x00007ff99fd06000 	C:\WINDOWS\SYSTEM32\profapi.dll
0x00007ff97d680000 - 0x00007ff97d693000 	C:\Program Files\Java\jdk-18.0.1.1\bin\net.dll
0x00007ff998f20000 - 0x00007ff999057000 	C:\WINDOWS\SYSTEM32\WINHTTP.dll
0x00007ff99f360000 - 0x00007ff99f3c9000 	C:\WINDOWS\system32\mswsock.dll
0x00007ff97d630000 - 0x00007ff97d646000 	C:\Program Files\Java\jdk-18.0.1.1\bin\nio.dll
0x00007ff97ccd0000 - 0x00007ff97cce8000 	C:\Program Files\Java\jdk-18.0.1.1\bin\zip.dll
0x00007ff996e40000 - 0x00007ff996e5a000 	E:\IntelliJ IDEA Community Edition 2023.3.3\bin\breakgen64.dll
0x00000178eed80000 - 0x00000178eed83000 	C:\Users\Win10\.openjfx\cache\18.0.2+2\api-ms-win-core-console-l1-1-0.dll
0x00000178eed90000 - 0x00000178eed93000 	C:\Users\Win10\.openjfx\cache\18.0.2+2\api-ms-win-core-console-l1-2-0.dll
0x00000178eeda0000 - 0x00000178eeda3000 	C:\Users\Win10\.openjfx\cache\18.0.2+2\api-ms-win-core-datetime-l1-1-0.dll
0x00000178eedb0000 - 0x00000178eedb3000 	C:\Users\Win10\.openjfx\cache\18.0.2+2\api-ms-win-core-debug-l1-1-0.dll
0x00000178eedc0000 - 0x00000178eedc3000 	C:\Users\Win10\.openjfx\cache\18.0.2+2\api-ms-win-core-errorhandling-l1-1-0.dll
0x00000178eedd0000 - 0x00000178eedd4000 	C:\Users\Win10\.openjfx\cache\18.0.2+2\api-ms-win-core-file-l1-1-0.dll
0x00000178eede0000 - 0x00000178eede3000 	C:\Users\Win10\.openjfx\cache\18.0.2+2\api-ms-win-core-file-l1-2-0.dll
0x00000178eedf0000 - 0x00000178eedf3000 	C:\Users\Win10\.openjfx\cache\18.0.2+2\api-ms-win-core-file-l2-1-0.dll
0x00000178eee00000 - 0x00000178eee03000 	C:\Users\Win10\.openjfx\cache\18.0.2+2\api-ms-win-core-handle-l1-1-0.dll
0x00000178eee10000 - 0x00000178eee13000 	C:\Users\Win10\.openjfx\cache\18.0.2+2\api-ms-win-core-heap-l1-1-0.dll
0x00000178fed10000 - 0x00000178fed13000 	C:\Users\Win10\.openjfx\cache\18.0.2+2\api-ms-win-core-interlocked-l1-1-0.dll
0x00000178fed20000 - 0x00000178fed23000 	C:\Users\Win10\.openjfx\cache\18.0.2+2\api-ms-win-core-libraryloader-l1-1-0.dll
0x00000178fed30000 - 0x00000178fed33000 	C:\Users\Win10\.openjfx\cache\18.0.2+2\api-ms-win-core-localization-l1-2-0.dll
0x00000178fed40000 - 0x00000178fed43000 	C:\Users\Win10\.openjfx\cache\18.0.2+2\api-ms-win-core-memory-l1-1-0.dll
0x00000178fed50000 - 0x00000178fed53000 	C:\Users\Win10\.openjfx\cache\18.0.2+2\api-ms-win-core-namedpipe-l1-1-0.dll
0x00000178fed60000 - 0x00000178fed63000 	C:\Users\Win10\.openjfx\cache\18.0.2+2\api-ms-win-core-processenvironment-l1-1-0.dll
0x00000178fed70000 - 0x00000178fed73000 	C:\Users\Win10\.openjfx\cache\18.0.2+2\api-ms-win-core-processthreads-l1-1-0.dll
0x00000178fed80000 - 0x00000178fed83000 	C:\Users\Win10\.openjfx\cache\18.0.2+2\api-ms-win-core-processthreads-l1-1-1.dll
0x00000178fed90000 - 0x00000178fed93000 	C:\Users\Win10\.openjfx\cache\18.0.2+2\api-ms-win-core-profile-l1-1-0.dll
0x00000178feda0000 - 0x00000178feda3000 	C:\Users\Win10\.openjfx\cache\18.0.2+2\api-ms-win-core-rtlsupport-l1-1-0.dll
0x00000178fedb0000 - 0x00000178fedb3000 	C:\Users\Win10\.openjfx\cache\18.0.2+2\api-ms-win-core-string-l1-1-0.dll
0x00000178fedc0000 - 0x00000178fedc3000 	C:\Users\Win10\.openjfx\cache\18.0.2+2\api-ms-win-core-synch-l1-1-0.dll
0x00000178fedd0000 - 0x00000178fedd3000 	C:\Users\Win10\.openjfx\cache\18.0.2+2\api-ms-win-core-synch-l1-2-0.dll
0x00000178fede0000 - 0x00000178fede3000 	C:\Users\Win10\.openjfx\cache\18.0.2+2\api-ms-win-core-sysinfo-l1-1-0.dll
0x00000178fedf0000 - 0x00000178fedf3000 	C:\Users\Win10\.openjfx\cache\18.0.2+2\api-ms-win-core-timezone-l1-1-0.dll
0x00000178fee00000 - 0x00000178fee03000 	C:\Users\Win10\.openjfx\cache\18.0.2+2\api-ms-win-core-util-l1-1-0.dll
0x00000178fee10000 - 0x00000178fee13000 	C:\Users\Win10\.openjfx\cache\18.0.2+2\api-ms-win-crt-conio-l1-1-0.dll
0x00000178fee20000 - 0x00000178fee24000 	C:\Users\Win10\.openjfx\cache\18.0.2+2\api-ms-win-crt-convert-l1-1-0.dll
0x00000178fee30000 - 0x00000178fee33000 	C:\Users\Win10\.openjfx\cache\18.0.2+2\api-ms-win-crt-environment-l1-1-0.dll
0x00000178fee40000 - 0x00000178fee43000 	C:\Users\Win10\.openjfx\cache\18.0.2+2\api-ms-win-crt-filesystem-l1-1-0.dll
0x00000178fee50000 - 0x00000178fee53000 	C:\Users\Win10\.openjfx\cache\18.0.2+2\api-ms-win-crt-heap-l1-1-0.dll
0x00000178fee60000 - 0x00000178fee63000 	C:\Users\Win10\.openjfx\cache\18.0.2+2\api-ms-win-crt-locale-l1-1-0.dll
0x00000178fee70000 - 0x00000178fee75000 	C:\Users\Win10\.openjfx\cache\18.0.2+2\api-ms-win-crt-math-l1-1-0.dll
0x00000178fee80000 - 0x00000178fee85000 	C:\Users\Win10\.openjfx\cache\18.0.2+2\api-ms-win-crt-multibyte-l1-1-0.dll
0x00000178fee90000 - 0x00000178feea0000 	C:\Users\Win10\.openjfx\cache\18.0.2+2\api-ms-win-crt-private-l1-1-0.dll
0x00000178feea0000 - 0x00000178feea3000 	C:\Users\Win10\.openjfx\cache\18.0.2+2\api-ms-win-crt-process-l1-1-0.dll
0x00000178feeb0000 - 0x00000178feeb4000 	C:\Users\Win10\.openjfx\cache\18.0.2+2\api-ms-win-crt-runtime-l1-1-0.dll
0x00000178feec0000 - 0x00000178feec4000 	C:\Users\Win10\.openjfx\cache\18.0.2+2\api-ms-win-crt-stdio-l1-1-0.dll
0x00000178feed0000 - 0x00000178feed4000 	C:\Users\Win10\.openjfx\cache\18.0.2+2\api-ms-win-crt-string-l1-1-0.dll
0x00000178feee0000 - 0x00000178feee3000 	C:\Users\Win10\.openjfx\cache\18.0.2+2\api-ms-win-crt-time-l1-1-0.dll
0x00000178feef0000 - 0x00000178feef3000 	C:\Users\Win10\.openjfx\cache\18.0.2+2\api-ms-win-crt-utility-l1-1-0.dll
0x00007ff972530000 - 0x00007ff97262c000 	C:\Users\Win10\.openjfx\cache\18.0.2+2\ucrtbase.dll
0x00007ff9965f0000 - 0x00007ff99660a000 	C:\Users\Win10\.openjfx\cache\18.0.2+2\vcruntime140.dll
0x00007ff999970000 - 0x00007ff99997c000 	C:\Users\Win10\.openjfx\cache\18.0.2+2\vcruntime140_1.dll
0x00007ff97c5c0000 - 0x00007ff97c64d000 	C:\Users\Win10\.openjfx\cache\18.0.2+2\msvcp140.dll
0x00007ff980bd0000 - 0x00007ff980bfc000 	C:\Users\Win10\.openjfx\cache\18.0.2+2\prism_d3d.dll
0x00007ff934910000 - 0x00007ff934ab9000 	C:\WINDOWS\system32\d3d9.dll
0x00007ff99d190000 - 0x00007ff99d1bb000 	C:\WINDOWS\SYSTEM32\dwmapi.dll
0x00007ff99d030000 - 0x00007ff99d069000 	C:\WINDOWS\SYSTEM32\dxcore.dll
0x00007ff99cec0000 - 0x00007ff99cf6b000 	C:\WINDOWS\system32\uxtheme.dll
0x00007ff955d70000 - 0x00007ff955ed5000 	C:\WINDOWS\System32\DriverStore\FileRepository\iigd_dch.inf_amd64_e6980897e3126266\igdumdim64.dll
0x00007ff9a1520000 - 0x00007ff9a16c0000 	C:\WINDOWS\System32\ole32.dll
0x00007ff92cd50000 - 0x00007ff9309db000 	C:\WINDOWS\System32\DriverStore\FileRepository\iigd_dch.inf_amd64_e6980897e3126266\igd9dxva64.dll
0x00007ff9a16c0000 - 0x00007ff9a1b34000 	C:\WINDOWS\System32\SETUPAPI.dll
0x00007ff99faa0000 - 0x00007ff99faee000 	C:\WINDOWS\SYSTEM32\cfgmgr32.dll
0x00007ff986900000 - 0x00007ff986c36000 	C:\WINDOWS\System32\DriverStore\FileRepository\iigd_dch.inf_amd64_e6980897e3126266\igdgmm64.dll
0x00007ff991620000 - 0x00007ff99166a000 	C:\WINDOWS\SYSTEM32\directxdatabasehelper.dll
0x00007ff97ca70000 - 0x00007ff97cab2000 	C:\Users\Win10\.openjfx\cache\18.0.2+2\glass.dll
0x00007ff9a20c0000 - 0x00007ff9a21b9000 	C:\WINDOWS\System32\COMDLG32.dll
0x00007ff9a26d0000 - 0x00007ff9a2821000 	C:\WINDOWS\System32\MSCTF.dll
0x00007ff932470000 - 0x00007ff932497000 	C:\WINDOWS\System32\DriverStore\FileRepository\iigd_dch.inf_amd64_e6980897e3126266\igdinfo64.dll
0x00007ff99f5c0000 - 0x00007ff99f5db000 	C:\WINDOWS\SYSTEM32\CRYPTSP.dll
0x00007ff99ee40000 - 0x00007ff99ee75000 	C:\WINDOWS\system32\rsaenh.dll
0x00007ff99f5b0000 - 0x00007ff99f5bc000 	C:\WINDOWS\SYSTEM32\CRYPTBASE.dll
0x00007ff981df0000 - 0x00007ff984b7f000 	C:\WINDOWS\System32\DriverStore\FileRepository\iigd_dch.inf_amd64_e6980897e3126266\igc64.dll
0x00007ff99c810000 - 0x00007ff99c819000 	C:\Program Files\Java\jdk-18.0.1.1\bin\management.dll
0x00007ff99a120000 - 0x00007ff99a12b000 	C:\Program Files\Java\jdk-18.0.1.1\bin\management_ext.dll
0x00007ff981270000 - 0x00007ff981287000 	C:\WINDOWS\system32\napinsp.dll
0x00007ff97f650000 - 0x00007ff97f66b000 	C:\WINDOWS\system32\pnrpnsp.dll
0x00007ff99e960000 - 0x00007ff99ea59000 	C:\WINDOWS\SYSTEM32\DNSAPI.dll
0x00007ff99e8f0000 - 0x00007ff99e91d000 	C:\WINDOWS\SYSTEM32\IPHLPAPI.DLL
0x00007ff9a2250000 - 0x00007ff9a2259000 	C:\WINDOWS\System32\NSI.dll
0x00007ff97f8e0000 - 0x00007ff97f8f1000 	C:\WINDOWS\System32\winrnr.dll
0x00007ff998b20000 - 0x00007ff998b35000 	C:\WINDOWS\system32\wshbth.dll
0x00007ff97f860000 - 0x00007ff97f881000 	C:\WINDOWS\system32\nlansp_c.dll
0x00007ff997f70000 - 0x00007ff997f7a000 	C:\Windows\System32\rasadhlp.dll
0x00007ff998460000 - 0x00007ff9984e3000 	C:\WINDOWS\System32\fwpuclnt.dll
0x00007ff99f450000 - 0x00007ff99f47c000 	C:\WINDOWS\SYSTEM32\USERENV.dll
0x00007ff999080000 - 0x00007ff999099000 	C:\WINDOWS\SYSTEM32\dhcpcsvc6.DLL

dbghelp: loaded successfully - version: 4.0.5 - missing functions: none
symbol engine: initialized successfully - sym options: 0x614 - pdb path: .;C:\Program Files\Java\jdk-18.0.1.1\bin;C:\WINDOWS\SYSTEM32;C:\WINDOWS\WinSxS\amd64_microsoft.windows.common-controls_6595b64144ccf1df_6.0.22621.2506_none_270c5ae97388e100;C:\Program Files\Java\jdk-18.0.1.1\bin\server;E:\IntelliJ IDEA Community Edition 2023.3.3\bin;C:\Users\Win10\.openjfx\cache\18.0.2+2;C:\WINDOWS\System32\DriverStore\FileRepository\iigd_dch.inf_amd64_e6980897e3126266;C:\Program Files\Common Files\Microsoft Shared\Ink

VM Arguments:
jvm_args: -javaagent:E:\IntelliJ IDEA Community Edition 2023.3.3\lib\idea_rt.jar=26456:E:\IntelliJ IDEA Community Edition 2023.3.3\bin -Dfile.encoding=UTF-8 -Dsun.stdout.encoding=UTF-8 -Dsun.stderr.encoding=UTF-8 --module-path=C:\Users\Win10\.m2\repository\org\openjfx\javafx-base\18.0.2\javafx-base-18.0.2-win.jar;C:\Users\Win10\.m2\repository\org\kordamp\bootstrapfx\bootstrapfx-core\0.4.0\bootstrapfx-core-0.4.0.jar;C:\Users\Win10\.m2\repository\com\mysql\mysql-connector-j\8.0.33\mysql-connector-j-8.0.33.jar;C:\Users\Win10\.m2\repository\org\openjfx\javafx-fxml\18.0.2\javafx-fxml-18.0.2-win.jar;C:\Users\Win10\.m2\repository\com\dlsc\formsfx\formsfx-core\11.6.0\formsfx-core-11.6.0.jar;C:\Users\Win10\.m2\repository\org\openjfx\javafx-graphics\18.0.2\javafx-graphics-18.0.2-win.jar;E:\IntelijFiles\WMS\target\classes;C:\Users\Win10\.m2\repository\org\apache\logging\log4j\log4j-api\2.14.1\log4j-api-2.14.1.jar;C:\Users\Win10\.m2\repository\org\mindrot\jbcrypt\0.4\jbcrypt-0.4.jar;C:\Users\Win10\.m2\repository\org\openjfx\javafx-controls\18.0.2\javafx-controls-18.0.2-win.jar -Djdk.module.main=org.wms 
java_command: org.wms/org.wms.main
java_class_path (initial): C:\Users\Win10\.m2\repository\org\openjfx\javafx-controls\18.0.2\javafx-controls-18.0.2.jar;C:\Users\Win10\.m2\repository\org\openjfx\javafx-graphics\18.0.2\javafx-graphics-18.0.2.jar;C:\Users\Win10\.m2\repository\org\openjfx\javafx-base\18.0.2\javafx-base-18.0.2.jar;C:\Users\Win10\.m2\repository\org\openjfx\javafx-fxml\18.0.2\javafx-fxml-18.0.2.jar;C:\Users\Win10\.m2\repository\org\apache\logging\log4j\log4j-core\2.14.1\log4j-core-2.14.1.jar;C:\Users\Win10\.m2\repository\org\openjfx\javafx-media\18.0.2\javafx-media-18.0.2.jar;C:\Users\Win10\.m2\repository\org\openjfx\javafx-media\18.0.2\javafx-media-18.0.2-win.jar;C:\Users\Win10\.m2\repository\com\github\almasb\fxgl\17.3\fxgl-17.3.jar;C:\Users\Win10\.m2\repository\com\github\almasb\fxgl-core\17.3\fxgl-core-17.3.jar;C:\Users\Win10\.m2\repository\com\gluonhq\attach\audio\4.0.17\audio-4.0.17.jar;C:\Users\Win10\.m2\repository\com\github\almasb\fxgl-io\17.3\fxgl-io-17.3.jar;C:\Users\Win10\.m2\repository\com\gluonhq\attach\storage\4.0.17\storage-4.0.17.jar;C:\Users\Win10\.m2\repository\com\gluonhq\attach\util\4.0.17\util-4.0.17.jar;C:\Users\Win10\.m2\repository\com\github\almasb\fxgl-entity\17.3\fxgl-entity-17.3.jar;C:\Users\Win10\.m2\repository\com\github\almasb\fxgl-scene\17.3\fxgl-scene-17.3.jar;C:\Users\Win10\.m2\repository\com\github\almasb\fxgl-gameplay\17.3\fxgl-gameplay-17.3.jar;C:\Users\Win10\.m2\repository\com\fasterxml\jackson\core\jackson-annotations\2.14.2\jackson-annotations-2.14.2.jar;C:\Users\Win10\.m2\repository\com\fasterxml\jackson\core\jackson-databind\2.14.2\jackson-databind-2.14.2.jar;C:\Users\Win10\.m2\repository\com\fasterxml\jackson\core\jackson-core\2.14.2\jackson-core-2.14.2.jar;C:\Users\Win10\.m2\repository\com\gluonhq\attach\lifecycle\4.0.17\lifecycle-4.0.17.jar;C:\Users\Win10\.m2\repository\org\jetbrains\kotlin\kotlin-stdlib\1.8.10\kotlin-stdlib-1.8.10.jar;C:\Users\Win10\.m2\repository\org\jetbrains\kotlin\kotlin-stdlib-common\1.8.10\kotlin-stdlib-common-1.8.10.jar;C:\Users\Win10\.m2\repository\org\jetbrains\annotations\13.0\annotations-13.0.jar;C:\Users\Win10\.m2\repository\com\google\protobuf\protobuf-java\3.21.9\protobuf-java-3.21.9.jar;C:\Users\Win10\.m2\repository\de\jensd\fontawesomefx\8.9\fontawesomefx-8.9.jar;C:\Users\Win10\.m2\repository\org\kordamp\ikonli\ikonli-swing\12.3.1\ikonli-swing-12.3.1.jar;C:\Users\Win10\.m2\repository\org\kordamp\ikonli\ikonli-core\12.3.1\ikonli-core-12.3.1.jar
Launcher Type: SUN_STANDARD

[Global flags]
     intx CICompilerCount                          = 4                                         {product} {ergonomic}
     uint ConcGCThreads                            = 2                                         {product} {ergonomic}
     uint G1ConcRefinementThreads                  = 8                                         {product} {ergonomic}
   size_t G1HeapRegionSize                         = 1048576                                   {product} {ergonomic}
    uintx GCDrainStackTargetSize                   = 64                                        {product} {ergonomic}
   size_t InitialHeapSize                          = 132120576                                 {product} {ergonomic}
   size_t MarkStackSize                            = 4194304                                   {product} {ergonomic}
   size_t MaxHeapSize                              = 2113929216                                {product} {ergonomic}
   size_t MaxNewSize                               = 1267728384                                {product} {ergonomic}
   size_t MinHeapDeltaBytes                        = 1048576                                   {product} {ergonomic}
   size_t MinHeapSize                              = 8388608                                   {product} {ergonomic}
    uintx NonNMethodCodeHeapSize                   = 5839372                                {pd product} {ergonomic}
    uintx NonProfiledCodeHeapSize                  = 122909434                              {pd product} {ergonomic}
    uintx ProfiledCodeHeapSize                     = 122909434                              {pd product} {ergonomic}
    uintx ReservedCodeCacheSize                    = 251658240                              {pd product} {ergonomic}
     bool SegmentedCodeCache                       = true                                      {product} {ergonomic}
   size_t SoftMaxHeapSize                          = 2113929216                             {manageable} {ergonomic}
     bool UseCompressedClassPointers               = true                           {product lp64_product} {ergonomic}
     bool UseCompressedOops                        = true                           {product lp64_product} {ergonomic}
     bool UseG1GC                                  = true                                      {product} {ergonomic}
     bool UseLargePagesIndividualAllocation        = false                                  {pd product} {ergonomic}

Logging:
Log output configuration:
 #0: stdout all=warning uptime,level,tags foldmultilines=false
 #1: stderr all=off uptime,level,tags foldmultilines=false

Environment Variables:
JAVA_HOME=C:\Users\Win10\emsdk\java\8.152_64bit
CLASSPATH=C:\Users\Win10\Downloads\algs4.jar
PATH=C:\Program Files\Common Files\Oracle\Java\javapath;C:\Windows\system32;C:\Windows;C:\Windows\System32\Wbem;C:\Windows\System32\WindowsPowerShell\v1.0\;C:\Windows\System32\OpenSSH\;C:\Program Files (x86)\NVIDIA Corporation\PhysX\Common;C:\WINDOWS\system32;C:\WINDOWS;C:\WINDOWS\System32\Wbem;C:\WINDOWS\System32\WindowsPowerShell\v1.0\;C:\WINDOWS\System32\OpenSSH\;C:\WINDOWS\system32;C:\WINDOWS;C:\WINDOWS\System32\Wbem;C:\WINDOWS\System32\WindowsPowerShell\v1.0\;C:\WINDOWS\System32\OpenSSH\;C:\Users\Win10\AppData\Roaming\nvm;C:\Program Files\nodejs;C:\Program Files\Git\cmd;C:\Program Files (x86)\Gpg4win\..\GnuPG\bin;C:\Users\Win10\emsdk\upstream\emscripten;C:\Users\Win10\emsdk;C:\Program Files\MySQL\MySQL Shell 8.0\bin\;C:\Users\Win10\AppData\Local\Programs\Python\Python39-32\Scripts\;C:\Users\Win10\AppData\Local\Programs\Python\Python39-32\;C:\Users\Win10\AppData\Local\Microsoft\WindowsApps;C:\Users\Win10\AppData\Local\Programs\Microsoft VS Code\bin;E:\IntelliJ IDEA Community Edition 2023.3.3\bin;;C:\Program Files (x86)\Nmap;C:\Program Files\JetBrains\PyCharm Community Edition 2022.3.3\bin;;C:\Users\Win10\AppData\Roaming\npm;C:\Users\Win10\AppData\Roaming\nvm;C:\Program Files\nodejs;C:\MinGW\bin;D:\mongodb\bin\
USERNAME=Rivansh'sG3
OS=Windows_NT
PROCESSOR_IDENTIFIER=Intel64 Family 6 Model 165 Stepping 2, GenuineIntel



---------------  S Y S T E M  ---------------

OS:
 Windows 11 , 64 bit Build 22621 (10.0.22621.3085)
OS uptime: 4 days 22:33 hours

CPU: total 8 (initial active 8) (4 cores per cpu, 2 threads per core) family 6 model 165 stepping 2 microcode 0xea, cx8, cmov, fxsr, ht, mmx, 3dnowpref, sse, sse2, sse3, ssse3, sse4.1, sse4.2, popcnt, lzcnt, tsc, tscinvbit, avx, avx2, aes, erms, clmul, bmi1, bmi2, adx, fma, vzeroupper, clflush, clflushopt

Memory: 4k page, system-wide physical 8059M (219M free)
TotalPageFile size 21448M (AvailPageFile size 3M)
current process WorkingSet (physical memory assigned to process): 346M, peak: 346M
current process commit charge ("private bytes"): 445M, peak: 445M

vm_info: Java HotSpot(TM) 64-Bit Server VM (18.0.1.1+2-6) for windows-amd64 JRE (18.0.1.1+2-6), built on Apr 25 2022 21:53:15 by "mach5one" with MS VC++ 16.8 / 16.9 (VS2019)

END.
