21:04:53.764 [JavaFX Application Thread] INFO  org.wms.main - Starting the application...
21:04:55.299 [JavaFX Application Thread] INFO  org.wms.main - Application started successfully.
21:05:09.495 [JavaFX Application Thread] INFO  org.wms.loginController - Loading Login Page
21:05:17.600 [JavaFX Application Thread] INFO  org.wms.adminController - Images initialized successfully.
21:05:17.602 [JavaFX Application Thread] INFO  org.wms.adminController - Retrieved pending orders count: 0
21:05:17.602 [JavaFX Application Thread] INFO  org.wms.adminController - Dropdowns initialized successfully.
21:05:17.605 [JavaFX Application Thread] INFO  org.wms.adminController - Retrieved not delivered orders from the database.
21:05:17.607 [JavaFX Application Thread] INFO  org.wms.adminController - Loaded not delivered orders into the table.
21:05:17.661 [JavaFX Application Thread] INFO  org.wms.loginController - Switched to admin view
21:05:17.661 [JavaFX Application Thread] INFO  org.wms.loginController - Admin logged in
21:05:25.179 [JavaFX Application Thread] INFO  org.wms.adminController - History button clicked. Log table displayed.
21:05:26.503 [JavaFX Application Thread] INFO  org.wms.adminController - History button clicked. Graph displayed.
21:05:27.811 [JavaFX Application Thread] INFO  org.wms.adminController - Orders button clicked. Orders section displayed.
21:05:29.411 [JavaFX Application Thread] INFO  org.wms.adminController - Add Commodity button clicked. Add commodity section displayed.
21:05:37.903 [JavaFX Application Thread] INFO  org.wms.adminController - Orders button clicked. Orders section displayed.
21:05:39.010 [JavaFX Application Thread] INFO  org.wms.adminController - Home button clicked. Dashboard section displayed.
21:05:40.974 [JavaFX Application Thread] INFO  org.wms.adminController - History button clicked. Log table displayed.
21:05:48.484 [JavaFX Application Thread] INFO  org.wms.adminController - Add Commodity button clicked. Add commodity section displayed.
21:05:52.375 [JavaFX Application Thread] INFO  org.wms.adminController - Home button clicked. Dashboard section displayed.
21:05:53.762 [JavaFX Application Thread] INFO  org.wms.adminController - Add Commodity button clicked. Add commodity section displayed.
