16:22:36.942 [JavaFX Application Thread] INFO  org.wms.main - Starting the application...
16:22:37.634 [JavaFX Application Thread] INFO  org.wms.loginController - Loading Login Page
16:22:37.915 [JavaFX Application Thread] INFO  org.wms.main - Application started successfully.
16:22:46.021 [JavaFX Application Thread] INFO  org.wms.adminController - Images initialized successfully.
16:22:46.023 [JavaFX Application Thread] INFO  org.wms.adminController - Retrieved pending orders count: 1
16:22:46.026 [JavaFX Application Thread] INFO  org.wms.adminController - Warehouse data loaded successfully.
16:22:46.026 [JavaFX Application Thread] INFO  org.wms.adminController - Dropdowns initialized successfully.
16:22:46.031 [JavaFX Application Thread] INFO  org.wms.adminController - Retrieved not delivered orders from the database.
16:22:46.032 [JavaFX Application Thread] INFO  org.wms.adminController - Loaded not delivered orders into the table.
16:22:46.077 [JavaFX Application Thread] INFO  org.wms.loginController - Switched to admin view
16:22:46.078 [JavaFX Application Thread] INFO  org.wms.loginController - Admin logged in
16:22:49.579 [JavaFX Application Thread] INFO  org.wms.adminController - History button clicked. Log table displayed.
16:22:50.975 [JavaFX Application Thread] INFO  org.wms.adminController - History button clicked. Graph displayed.
16:22:54.056 [JavaFX Application Thread] INFO  org.wms.adminController - History button clicked. Log table displayed.
16:23:00.360 [JavaFX Application Thread] INFO  org.wms.adminController - History button clicked. Graph displayed.
16:23:06.816 [JavaFX Application Thread] INFO  org.wms.adminController - History button clicked. Log table displayed.
16:23:07.645 [JavaFX Application Thread] INFO  org.wms.adminController - History button clicked. Graph displayed.
16:23:08.265 [JavaFX Application Thread] INFO  org.wms.adminController - History button clicked. Log table displayed.
16:23:08.874 [JavaFX Application Thread] INFO  org.wms.adminController - History button clicked. Graph displayed.
16:23:09.278 [JavaFX Application Thread] INFO  org.wms.adminController - History button clicked. Log table displayed.
16:23:10.192 [JavaFX Application Thread] INFO  org.wms.adminController - History button clicked. Graph displayed.
16:23:11.155 [JavaFX Application Thread] INFO  org.wms.adminController - History button clicked. Log table displayed.
