15:22:29.938 [JavaFX Application Thread] INFO  org.wms.main - Starting the application...
15:22:30.581 [JavaFX Application Thread] INFO  org.wms.loginController - Loading Login Page
15:22:30.866 [JavaFX Application Thread] INFO  org.wms.main - Application started successfully.
15:22:39.149 [JavaFX Application Thread] INFO  org.wms.adminController - Images initialized successfully.
15:22:39.151 [JavaFX Application Thread] INFO  org.wms.adminController - Retrieved pending orders count: 3
15:22:39.153 [JavaFX Application Thread] INFO  org.wms.adminController - Warehouse data loaded successfully.
15:22:39.153 [JavaFX Application Thread] INFO  org.wms.adminController - Dropdowns initialized successfully.
15:22:39.161 [JavaFX Application Thread] INFO  org.wms.adminController - Retrieved not delivered orders from the database.
15:22:39.162 [JavaFX Application Thread] INFO  org.wms.adminController - Loaded not delivered orders into the table.
15:22:39.197 [JavaFX Application Thread] INFO  org.wms.loginController - Switched to admin view
15:22:39.198 [JavaFX Application Thread] INFO  org.wms.loginController - Admin logged in
15:22:50.534 [JavaFX Application Thread] INFO  org.wms.adminController - Add Commodity button clicked. Add commodity section displayed.
15:22:53.052 [JavaFX Application Thread] INFO  org.wms.adminController - Orders button clicked. Orders section displayed.
15:23:00.172 [JavaFX Application Thread] INFO  org.wms.adminController - Warehouse data loaded successfully.
15:23:04.321 [JavaFX Application Thread] INFO  org.wms.adminController - Retrieved not delivered orders from the database.
15:23:04.321 [JavaFX Application Thread] INFO  org.wms.adminController - Loaded not delivered orders into the table.
15:23:04.323 [JavaFX Application Thread] INFO  org.wms.adminController - Retrieved pending orders count: 2
15:23:04.327 [JavaFX Application Thread] INFO  org.wms.adminController - Warehouse data loaded successfully.
15:23:08.134 [JavaFX Application Thread] INFO  org.wms.adminController - Home button clicked. Dashboard section displayed.
15:23:20.082 [JavaFX Application Thread] INFO  org.wms.adminController - Orders button clicked. Orders section displayed.
15:23:32.047 [JavaFX Application Thread] INFO  org.wms.loginController - Loading Login Page
15:23:35.096 [JavaFX Application Thread] INFO  org.wms.loginController - Application closed
