21:25:07.395 [JavaFX Application Thread] INFO  org.wms.main - Starting the application...
21:25:08.045 [JavaFX Application Thread] INFO  org.wms.loginController - Loading Login Page
21:25:08.312 [JavaFX Application Thread] INFO  org.wms.main - Application started successfully.
21:25:15.726 [JavaFX Application Thread] INFO  org.wms.adminController - Images initialized successfully.
21:25:15.740 [JavaFX Application Thread] INFO  org.wms.adminController - Retrieved pending orders count: 1
21:25:15.744 [JavaFX Application Thread] INFO  org.wms.adminController - Warehouse data loaded successfully.
21:25:15.744 [JavaFX Application Thread] INFO  org.wms.adminController - Dropdowns initialized successfully.
21:25:15.749 [JavaFX Application Thread] INFO  org.wms.adminController - Retrieved not delivered orders from the database.
21:25:15.750 [JavaFX Application Thread] INFO  org.wms.adminController - Loaded not delivered orders into the table.
21:25:15.794 [JavaFX Application Thread] INFO  org.wms.loginController - Switched to admin view
21:25:15.794 [JavaFX Application Thread] INFO  org.wms.loginController - Admin logged in
21:25:40.296 [JavaFX Application Thread] INFO  org.wms.adminController - History button clicked. Log table displayed.
21:25:42.315 [JavaFX Application Thread] INFO  org.wms.adminController - History button clicked. Graph displayed.
21:25:45.189 [JavaFX Application Thread] INFO  org.wms.adminController - Orders button clicked. Orders section displayed.
21:25:48.993 [JavaFX Application Thread] INFO  org.wms.adminController - Warehouse data loaded successfully.
21:25:51.424 [JavaFX Application Thread] INFO  org.wms.adminController - Retrieved not delivered orders from the database.
21:25:51.424 [JavaFX Application Thread] INFO  org.wms.adminController - Loaded not delivered orders into the table.
21:25:51.425 [JavaFX Application Thread] INFO  org.wms.adminController - Retrieved pending orders count: 0
21:25:51.430 [JavaFX Application Thread] INFO  org.wms.adminController - Warehouse data loaded successfully.
21:25:53.675 [JavaFX Application Thread] INFO  org.wms.adminController - Home button clicked. Dashboard section displayed.
21:25:55.717 [JavaFX Application Thread] INFO  org.wms.adminController - History button clicked. Log table displayed.
21:26:00.426 [JavaFX Application Thread] INFO  org.wms.adminController - Add Commodity button clicked. Add commodity section displayed.
21:26:23.758 [JavaFX Application Thread] INFO  org.wms.adminController - Warehouse data loaded successfully.
21:26:27.967 [JavaFX Application Thread] INFO  org.wms.adminController - Home button clicked. Dashboard section displayed.
21:26:47.504 [JavaFX Application Thread] INFO  org.wms.adminController - Orders button clicked. Orders section displayed.
21:26:48.587 [JavaFX Application Thread] INFO  org.wms.adminController - Add Commodity button clicked. Add commodity section displayed.
21:26:49.521 [JavaFX Application Thread] INFO  org.wms.adminController - Home button clicked. Dashboard section displayed.
21:26:51.111 [JavaFX Application Thread] INFO  org.wms.adminController - History button clicked. Graph displayed.
21:26:52.308 [JavaFX Application Thread] INFO  org.wms.adminController - History button clicked. Log table displayed.
21:26:52.878 [JavaFX Application Thread] INFO  org.wms.adminController - History button clicked. Graph displayed.
21:27:02.384 [JavaFX Application Thread] INFO  org.wms.adminController - Orders button clicked. Orders section displayed.
21:27:03.690 [JavaFX Application Thread] INFO  org.wms.adminController - Home button clicked. Dashboard section displayed.
21:27:05.330 [JavaFX Application Thread] INFO  org.wms.loginController - Loading Login Page
21:27:15.355 [JavaFX Application Thread] INFO  org.wms.userController - User controller initialized successfully
21:27:15.358 [JavaFX Application Thread] INFO  org.wms.loginController - Switched to user view
21:27:15.358 [JavaFX Application Thread] INFO  org.wms.loginController - User logged in
21:27:34.456 [JavaFX Application Thread] INFO  org.wms.thankyouController - Thank you page initialized successfully
21:27:36.325 [JavaFX Application Thread] INFO  org.wms.userController - User controller initialized successfully
21:27:36.362 [JavaFX Application Thread] INFO  org.wms.thankyouController - Redirecting to user view
21:27:37.598 [JavaFX Application Thread] INFO  org.wms.loginController - Loading Login Page
21:27:45.272 [JavaFX Application Thread] INFO  org.wms.adminController - Images initialized successfully.
21:27:45.274 [JavaFX Application Thread] INFO  org.wms.adminController - Retrieved pending orders count: 1
21:27:45.276 [JavaFX Application Thread] INFO  org.wms.adminController - Warehouse data loaded successfully.
21:27:45.276 [JavaFX Application Thread] INFO  org.wms.adminController - Dropdowns initialized successfully.
21:27:45.279 [JavaFX Application Thread] INFO  org.wms.adminController - Retrieved not delivered orders from the database.
21:27:45.279 [JavaFX Application Thread] INFO  org.wms.adminController - Loaded not delivered orders into the table.
21:27:45.291 [JavaFX Application Thread] INFO  org.wms.loginController - Switched to admin view
21:27:45.291 [JavaFX Application Thread] INFO  org.wms.loginController - Admin logged in
21:27:50.550 [JavaFX Application Thread] INFO  org.wms.adminController - History button clicked. Log table displayed.
21:27:52.143 [JavaFX Application Thread] INFO  org.wms.adminController - History button clicked. Graph displayed.
21:28:01.212 [JavaFX Application Thread] INFO  org.wms.adminController - Orders button clicked. Orders section displayed.
21:28:04.025 [JavaFX Application Thread] INFO  org.wms.adminController - Add Commodity button clicked. Add commodity section displayed.
21:28:05.748 [JavaFX Application Thread] INFO  org.wms.adminController - Home button clicked. Dashboard section displayed.
