16:07:42.035 [JavaFX Application Thread] INFO  org.wms.main - Starting the application...
16:07:42.919 [JavaFX Application Thread] INFO  org.wms.loginController - Loading Login Page
16:07:43.247 [JavaFX Application Thread] INFO  org.wms.main - Application started successfully.
16:07:51.081 [JavaFX Application Thread] INFO  org.wms.userController - User controller initialized successfully
16:07:51.090 [JavaFX Application Thread] INFO  org.wms.loginController - Switched to user view
16:07:51.090 [JavaFX Application Thread] INFO  org.wms.loginController - User logged in
16:08:05.568 [JavaFX Application Thread] INFO  org.wms.thankyouController - Thank you page initialized successfully
16:08:07.942 [JavaFX Application Thread] INFO  org.wms.loginController - Loading Login Page
16:08:07.955 [JavaFX Application Thread] INFO  org.wms.thankyouController - Closing the window and returning to login view
16:08:16.359 [JavaFX Application Thread] INFO  org.wms.adminController - Images initialized successfully.
16:08:16.362 [JavaFX Application Thread] INFO  org.wms.adminController - Retrieved pending orders count: 5
16:08:16.364 [JavaFX Application Thread] INFO  org.wms.adminController - Warehouse data loaded successfully.
16:08:16.364 [JavaFX Application Thread] INFO  org.wms.adminController - Dropdowns initialized successfully.
16:08:16.367 [JavaFX Application Thread] INFO  org.wms.adminController - Truck time loaded successfully.
16:08:16.373 [JavaFX Application Thread] INFO  org.wms.adminController - Retrieved not delivered orders from the database.
16:08:16.373 [JavaFX Application Thread] INFO  org.wms.adminController - Loaded not delivered orders into the table.
16:08:16.400 [JavaFX Application Thread] INFO  org.wms.loginController - Switched to admin view
16:08:16.400 [JavaFX Application Thread] INFO  org.wms.loginController - Admin logged in
16:08:18.613 [JavaFX Application Thread] INFO  org.wms.adminController - Orders button clicked. Orders section displayed.
16:08:21.986 [JavaFX Application Thread] INFO  org.wms.adminController - Warehouse data loaded successfully.
16:08:24.936 [JavaFX Application Thread] ERROR org.wms.adminController - Error updating truck status or reloading data
java.sql.BatchUpdateException: Unknown column 'name' in 'where clause'
	at com.mysql.cj.jdbc.exceptions.SQLError.createBatchUpdateException(SQLError.java:224) ~[mysql-connector-j-8.0.33.jar:?]
	at com.mysql.cj.jdbc.ClientPreparedStatement.executeBatchSerially(ClientPreparedStatement.java:816) ~[mysql-connector-j-8.0.33.jar:?]
	at com.mysql.cj.jdbc.ClientPreparedStatement.executeBatchInternal(ClientPreparedStatement.java:418) ~[mysql-connector-j-8.0.33.jar:?]
	at com.mysql.cj.jdbc.StatementImpl.executeBatch(StatementImpl.java:795) ~[mysql-connector-j-8.0.33.jar:?]
	at org.wms.adminController.placeOrder(adminController.java:773) ~[classes/:?]
	at jdk.internal.reflect.DirectMethodHandleAccessor.invoke(DirectMethodHandleAccessor.java:104) ~[?:?]
	at java.lang.reflect.Method.invoke(Method.java:577) ~[?:?]
	at com.sun.javafx.reflect.Trampoline.invoke(MethodUtil.java:77) ~[javafx-base-18.0.2-win.jar:?]
	at jdk.internal.reflect.DirectMethodHandleAccessor.invoke(DirectMethodHandleAccessor.java:104) ~[?:?]
	at java.lang.reflect.Method.invoke(Method.java:577) ~[?:?]
	at com.sun.javafx.reflect.MethodUtil.invoke(MethodUtil.java:275) ~[javafx-base-18.0.2-win.jar:?]
	at com.sun.javafx.fxml.MethodHelper.invoke(MethodHelper.java:84) ~[javafx-fxml-18.0.2-win.jar:?]
	at javafx.fxml.FXMLLoader$MethodHandler.invoke(FXMLLoader.java:1854) ~[javafx-fxml-18.0.2-win.jar:?]
	at javafx.fxml.FXMLLoader$ControllerMethodEventHandler.handle(FXMLLoader.java:1724) ~[javafx-fxml-18.0.2-win.jar:?]
	at com.sun.javafx.event.CompositeEventHandler.dispatchBubblingEvent(CompositeEventHandler.java:86) ~[javafx-base-18.0.2-win.jar:?]
	at com.sun.javafx.event.EventHandlerManager.dispatchBubblingEvent(EventHandlerManager.java:234) ~[javafx-base-18.0.2-win.jar:?]
	at com.sun.javafx.event.EventHandlerManager.dispatchBubblingEvent(EventHandlerManager.java:191) ~[javafx-base-18.0.2-win.jar:?]
	at com.sun.javafx.event.CompositeEventDispatcher.dispatchBubblingEvent(CompositeEventDispatcher.java:59) ~[javafx-base-18.0.2-win.jar:?]
	at com.sun.javafx.event.BasicEventDispatcher.dispatchEvent(BasicEventDispatcher.java:58) ~[javafx-base-18.0.2-win.jar:?]
	at com.sun.javafx.event.EventDispatchChainImpl.dispatchEvent(EventDispatchChainImpl.java:114) ~[javafx-base-18.0.2-win.jar:?]
	at com.sun.javafx.event.BasicEventDispatcher.dispatchEvent(BasicEventDispatcher.java:56) ~[javafx-base-18.0.2-win.jar:?]
	at com.sun.javafx.event.EventDispatchChainImpl.dispatchEvent(EventDispatchChainImpl.java:114) ~[javafx-base-18.0.2-win.jar:?]
	at com.sun.javafx.event.BasicEventDispatcher.dispatchEvent(BasicEventDispatcher.java:56) ~[javafx-base-18.0.2-win.jar:?]
	at com.sun.javafx.event.EventDispatchChainImpl.dispatchEvent(EventDispatchChainImpl.java:114) ~[javafx-base-18.0.2-win.jar:?]
	at com.sun.javafx.event.EventUtil.fireEventImpl(EventUtil.java:74) ~[javafx-base-18.0.2-win.jar:?]
	at com.sun.javafx.event.EventUtil.fireEvent(EventUtil.java:49) ~[javafx-base-18.0.2-win.jar:?]
	at javafx.event.Event.fireEvent(Event.java:198) ~[javafx-base-18.0.2-win.jar:?]
	at javafx.scene.Node.fireEvent(Node.java:8797) ~[javafx-graphics-18.0.2-win.jar:?]
	at javafx.scene.control.Button.fire(Button.java:203) ~[javafx-controls-18.0.2-win.jar:?]
	at com.sun.javafx.scene.control.behavior.ButtonBehavior.mouseReleased(ButtonBehavior.java:208) ~[javafx-controls-18.0.2-win.jar:?]
	at com.sun.javafx.scene.control.inputmap.InputMap.handle(InputMap.java:274) ~[javafx-controls-18.0.2-win.jar:?]
	at com.sun.javafx.event.CompositeEventHandler$NormalEventHandlerRecord.handleBubblingEvent(CompositeEventHandler.java:247) ~[javafx-base-18.0.2-win.jar:?]
	at com.sun.javafx.event.CompositeEventHandler.dispatchBubblingEvent(CompositeEventHandler.java:80) ~[javafx-base-18.0.2-win.jar:?]
	at com.sun.javafx.event.EventHandlerManager.dispatchBubblingEvent(EventHandlerManager.java:234) ~[javafx-base-18.0.2-win.jar:?]
	at com.sun.javafx.event.EventHandlerManager.dispatchBubblingEvent(EventHandlerManager.java:191) ~[javafx-base-18.0.2-win.jar:?]
	at com.sun.javafx.event.CompositeEventDispatcher.dispatchBubblingEvent(CompositeEventDispatcher.java:59) ~[javafx-base-18.0.2-win.jar:?]
	at com.sun.javafx.event.BasicEventDispatcher.dispatchEvent(BasicEventDispatcher.java:58) ~[javafx-base-18.0.2-win.jar:?]
	at com.sun.javafx.event.EventDispatchChainImpl.dispatchEvent(EventDispatchChainImpl.java:114) ~[javafx-base-18.0.2-win.jar:?]
	at com.sun.javafx.event.BasicEventDispatcher.dispatchEvent(BasicEventDispatcher.java:56) ~[javafx-base-18.0.2-win.jar:?]
	at com.sun.javafx.event.EventDispatchChainImpl.dispatchEvent(EventDispatchChainImpl.java:114) ~[javafx-base-18.0.2-win.jar:?]
	at com.sun.javafx.event.BasicEventDispatcher.dispatchEvent(BasicEventDispatcher.java:56) ~[javafx-base-18.0.2-win.jar:?]
	at com.sun.javafx.event.EventDispatchChainImpl.dispatchEvent(EventDispatchChainImpl.java:114) ~[javafx-base-18.0.2-win.jar:?]
	at com.sun.javafx.event.EventUtil.fireEventImpl(EventUtil.java:74) ~[javafx-base-18.0.2-win.jar:?]
	at com.sun.javafx.event.EventUtil.fireEvent(EventUtil.java:54) ~[javafx-base-18.0.2-win.jar:?]
	at javafx.event.Event.fireEvent(Event.java:198) ~[javafx-base-18.0.2-win.jar:?]
	at javafx.scene.Scene$MouseHandler.process(Scene.java:3881) ~[javafx-graphics-18.0.2-win.jar:?]
	at javafx.scene.Scene.processMouseEvent(Scene.java:1874) ~[javafx-graphics-18.0.2-win.jar:?]
	at javafx.scene.Scene$ScenePeerListener.mouseEvent(Scene.java:2607) ~[javafx-graphics-18.0.2-win.jar:?]
	at com.sun.javafx.tk.quantum.GlassViewEventHandler$MouseEventNotification.run(GlassViewEventHandler.java:411) ~[javafx-graphics-18.0.2-win.jar:?]
	at com.sun.javafx.tk.quantum.GlassViewEventHandler$MouseEventNotification.run(GlassViewEventHandler.java:301) ~[javafx-graphics-18.0.2-win.jar:?]
	at java.security.AccessController.doPrivileged(AccessController.java:399) ~[?:?]
	at com.sun.javafx.tk.quantum.GlassViewEventHandler.lambda$handleMouseEvent$2(GlassViewEventHandler.java:450) ~[javafx-graphics-18.0.2-win.jar:?]
	at com.sun.javafx.tk.quantum.QuantumToolkit.runWithoutRenderLock(QuantumToolkit.java:424) ~[javafx-graphics-18.0.2-win.jar:?]
	at com.sun.javafx.tk.quantum.GlassViewEventHandler.handleMouseEvent(GlassViewEventHandler.java:449) ~[javafx-graphics-18.0.2-win.jar:?]
	at com.sun.glass.ui.View.handleMouseEvent(View.java:551) ~[javafx-graphics-18.0.2-win.jar:?]
	at com.sun.glass.ui.View.notifyMouse(View.java:937) ~[javafx-graphics-18.0.2-win.jar:?]
	at com.sun.glass.ui.win.WinApplication._runLoop(Native Method) ~[javafx-graphics-18.0.2-win.jar:?]
	at com.sun.glass.ui.win.WinApplication.lambda$runLoop$3(WinApplication.java:184) ~[javafx-graphics-18.0.2-win.jar:?]
	at java.lang.Thread.run(Thread.java:833) [?:?]
Caused by: java.sql.SQLSyntaxErrorException: Unknown column 'name' in 'where clause'
	at com.mysql.cj.jdbc.exceptions.SQLError.createSQLException(SQLError.java:121) ~[mysql-connector-j-8.0.33.jar:?]
	at com.mysql.cj.jdbc.exceptions.SQLExceptionsMapping.translateException(SQLExceptionsMapping.java:122) ~[mysql-connector-j-8.0.33.jar:?]
	at com.mysql.cj.jdbc.ClientPreparedStatement.executeInternal(ClientPreparedStatement.java:916) ~[mysql-connector-j-8.0.33.jar:?]
	at com.mysql.cj.jdbc.ClientPreparedStatement.executeUpdateInternal(ClientPreparedStatement.java:1061) ~[mysql-connector-j-8.0.33.jar:?]
	at com.mysql.cj.jdbc.ClientPreparedStatement.executeBatchSerially(ClientPreparedStatement.java:795) ~[mysql-connector-j-8.0.33.jar:?]
	... 57 more
