10:34:42.991 [JavaFX Application Thread] INFO  org.wms.main - Starting the application...
10:34:43.890 [JavaFX Application Thread] INFO  org.wms.loginController - Loading Login Page
10:34:44.207 [JavaFX Application Thread] INFO  org.wms.main - Application started successfully.
10:35:00.912 [JavaFX Application Thread] INFO  org.wms.adminController - Images initialized successfully.
10:35:00.917 [JavaFX Application Thread] INFO  org.wms.adminController - Retrieved pending orders count: 2
10:35:00.920 [JavaFX Application Thread] INFO  org.wms.adminController - Warehouse data loaded successfully.
10:35:00.921 [JavaFX Application Thread] INFO  org.wms.adminController - Dropdowns initialized successfully.
10:35:00.924 [JavaFX Application Thread] INFO  org.wms.adminController - Truck time loaded successfully.
10:35:00.929 [JavaFX Application Thread] INFO  org.wms.adminController - Retrieved not delivered orders from the database.
10:35:00.930 [JavaFX Application Thread] INFO  org.wms.adminController - Loaded not delivered orders into the table.
10:35:00.969 [JavaFX Application Thread] INFO  org.wms.loginController - Switched to admin view
10:35:00.969 [JavaFX Application Thread] INFO  org.wms.loginController - Admin logged in
10:35:43.893 [JavaFX Application Thread] INFO  org.wms.adminController - Add Commodity button clicked. Add commodity section displayed.
10:35:51.098 [JavaFX Application Thread] INFO  org.wms.adminController - Orders button clicked. Orders section displayed.
10:35:56.160 [JavaFX Application Thread] INFO  org.wms.adminController - Add Commodity button clicked. Add commodity section displayed.
10:35:57.635 [JavaFX Application Thread] INFO  org.wms.adminController - Home button clicked. Dashboard section displayed.
10:36:26.158 [JavaFX Application Thread] INFO  org.wms.adminController - Add Commodity button clicked. Add commodity section displayed.
10:36:28.886 [JavaFX Application Thread] INFO  org.wms.adminController - Orders button clicked. Orders section displayed.
10:36:30.237 [JavaFX Application Thread] INFO  org.wms.adminController - Add Commodity button clicked. Add commodity section displayed.
10:36:31.462 [JavaFX Application Thread] INFO  org.wms.adminController - Home button clicked. Dashboard section displayed.
10:37:10.921 [JavaFX Application Thread] INFO  org.wms.adminController - Add Commodity button clicked. Add commodity section displayed.
10:37:12.603 [JavaFX Application Thread] INFO  org.wms.adminController - Orders button clicked. Orders section displayed.
10:37:13.804 [JavaFX Application Thread] INFO  org.wms.adminController - Add Commodity button clicked. Add commodity section displayed.
10:37:15.190 [JavaFX Application Thread] INFO  org.wms.adminController - Home button clicked. Dashboard section displayed.
