17:18:07.818 [JavaFX Application Thread] INFO  org.wms.main - Starting the application...
17:18:09.148 [JavaFX Application Thread] INFO  org.wms.main - Application started successfully.
17:18:12.241 [JavaFX Application Thread] INFO  org.wms.loginController - Loading Login Page
17:18:19.929 [JavaFX Application Thread] ERROR org.wms.loginController - Error while Switching to admin
javafx.fxml.LoadException: 
/E:/IntelijFiles/WMS/target/classes/org/wms/adminView.fxml:421

	at javafx.fxml.FXMLLoader.constructLoadException(FXMLLoader.java:2707) ~[javafx-fxml-18.0.2-win.jar:?]
	at javafx.fxml.FXMLLoader.loadImpl(FXMLLoader.java:2685) ~[javafx-fxml-18.0.2-win.jar:?]
	at javafx.fxml.FXMLLoader.loadImpl(FXMLLoader.java:2548) ~[javafx-fxml-18.0.2-win.jar:?]
	at javafx.fxml.FXMLLoader.load(FXMLLoader.java:2516) ~[javafx-fxml-18.0.2-win.jar:?]
	at org.wms.loginController.adminSwitchLoad(loginController.java:216) ~[classes/:?]
	at org.wms.loginController.validateLogin(loginController.java:146) ~[classes/:?]
	at org.wms.loginController.loginButtonOnAction(loginController.java:105) ~[classes/:?]
	at jdk.internal.reflect.DirectMethodHandleAccessor.invoke(DirectMethodHandleAccessor.java:104) ~[?:?]
	at java.lang.reflect.Method.invoke(Method.java:577) ~[?:?]
	at com.sun.javafx.reflect.Trampoline.invoke(MethodUtil.java:77) ~[javafx-base-18.0.2-win.jar:?]
	at jdk.internal.reflect.DirectMethodHandleAccessor.invoke(DirectMethodHandleAccessor.java:104) ~[?:?]
	at java.lang.reflect.Method.invoke(Method.java:577) ~[?:?]
	at com.sun.javafx.reflect.MethodUtil.invoke(MethodUtil.java:275) ~[javafx-base-18.0.2-win.jar:?]
	at com.sun.javafx.fxml.MethodHelper.invoke(MethodHelper.java:84) ~[javafx-fxml-18.0.2-win.jar:?]
	at javafx.fxml.FXMLLoader$MethodHandler.invoke(FXMLLoader.java:1852) ~[javafx-fxml-18.0.2-win.jar:?]
	at javafx.fxml.FXMLLoader$ControllerMethodEventHandler.handle(FXMLLoader.java:1724) ~[javafx-fxml-18.0.2-win.jar:?]
	at com.sun.javafx.event.CompositeEventHandler.dispatchBubblingEvent(CompositeEventHandler.java:86) ~[javafx-base-18.0.2-win.jar:?]
	at com.sun.javafx.event.EventHandlerManager.dispatchBubblingEvent(EventHandlerManager.java:234) ~[javafx-base-18.0.2-win.jar:?]
	at com.sun.javafx.event.EventHandlerManager.dispatchBubblingEvent(EventHandlerManager.java:191) ~[javafx-base-18.0.2-win.jar:?]
	at com.sun.javafx.event.CompositeEventDispatcher.dispatchBubblingEvent(CompositeEventDispatcher.java:59) ~[javafx-base-18.0.2-win.jar:?]
	at com.sun.javafx.event.BasicEventDispatcher.dispatchEvent(BasicEventDispatcher.java:58) ~[javafx-base-18.0.2-win.jar:?]
	at com.sun.javafx.event.EventDispatchChainImpl.dispatchEvent(EventDispatchChainImpl.java:114) ~[javafx-base-18.0.2-win.jar:?]
	at com.sun.javafx.event.BasicEventDispatcher.dispatchEvent(BasicEventDispatcher.java:56) ~[javafx-base-18.0.2-win.jar:?]
	at com.sun.javafx.event.EventDispatchChainImpl.dispatchEvent(EventDispatchChainImpl.java:114) ~[javafx-base-18.0.2-win.jar:?]
	at com.sun.javafx.event.BasicEventDispatcher.dispatchEvent(BasicEventDispatcher.java:56) ~[javafx-base-18.0.2-win.jar:?]
	at com.sun.javafx.event.EventDispatchChainImpl.dispatchEvent(EventDispatchChainImpl.java:114) ~[javafx-base-18.0.2-win.jar:?]
	at com.sun.javafx.event.EventUtil.fireEventImpl(EventUtil.java:74) ~[javafx-base-18.0.2-win.jar:?]
	at com.sun.javafx.event.EventUtil.fireEvent(EventUtil.java:49) ~[javafx-base-18.0.2-win.jar:?]
	at javafx.event.Event.fireEvent(Event.java:198) ~[javafx-base-18.0.2-win.jar:?]
	at javafx.scene.Node.fireEvent(Node.java:8797) ~[javafx-graphics-18.0.2-win.jar:?]
	at javafx.scene.control.Button.fire(Button.java:203) ~[javafx-controls-18.0.2-win.jar:?]
	at com.sun.javafx.scene.control.behavior.ButtonBehavior.mouseReleased(ButtonBehavior.java:208) ~[javafx-controls-18.0.2-win.jar:?]
	at com.sun.javafx.scene.control.inputmap.InputMap.handle(InputMap.java:274) ~[javafx-controls-18.0.2-win.jar:?]
	at com.sun.javafx.event.CompositeEventHandler$NormalEventHandlerRecord.handleBubblingEvent(CompositeEventHandler.java:247) ~[javafx-base-18.0.2-win.jar:?]
	at com.sun.javafx.event.CompositeEventHandler.dispatchBubblingEvent(CompositeEventHandler.java:80) ~[javafx-base-18.0.2-win.jar:?]
	at com.sun.javafx.event.EventHandlerManager.dispatchBubblingEvent(EventHandlerManager.java:234) ~[javafx-base-18.0.2-win.jar:?]
	at com.sun.javafx.event.EventHandlerManager.dispatchBubblingEvent(EventHandlerManager.java:191) ~[javafx-base-18.0.2-win.jar:?]
	at com.sun.javafx.event.CompositeEventDispatcher.dispatchBubblingEvent(CompositeEventDispatcher.java:59) ~[javafx-base-18.0.2-win.jar:?]
	at com.sun.javafx.event.BasicEventDispatcher.dispatchEvent(BasicEventDispatcher.java:58) ~[javafx-base-18.0.2-win.jar:?]
	at com.sun.javafx.event.EventDispatchChainImpl.dispatchEvent(EventDispatchChainImpl.java:114) ~[javafx-base-18.0.2-win.jar:?]
	at com.sun.javafx.event.BasicEventDispatcher.dispatchEvent(BasicEventDispatcher.java:56) ~[javafx-base-18.0.2-win.jar:?]
	at com.sun.javafx.event.EventDispatchChainImpl.dispatchEvent(EventDispatchChainImpl.java:114) ~[javafx-base-18.0.2-win.jar:?]
	at com.sun.javafx.event.BasicEventDispatcher.dispatchEvent(BasicEventDispatcher.java:56) ~[javafx-base-18.0.2-win.jar:?]
	at com.sun.javafx.event.EventDispatchChainImpl.dispatchEvent(EventDispatchChainImpl.java:114) ~[javafx-base-18.0.2-win.jar:?]
	at com.sun.javafx.event.EventUtil.fireEventImpl(EventUtil.java:74) ~[javafx-base-18.0.2-win.jar:?]
	at com.sun.javafx.event.EventUtil.fireEvent(EventUtil.java:54) ~[javafx-base-18.0.2-win.jar:?]
	at javafx.event.Event.fireEvent(Event.java:198) ~[javafx-base-18.0.2-win.jar:?]
	at javafx.scene.Scene$MouseHandler.process(Scene.java:3881) ~[javafx-graphics-18.0.2-win.jar:?]
	at javafx.scene.Scene.processMouseEvent(Scene.java:1874) ~[javafx-graphics-18.0.2-win.jar:?]
	at javafx.scene.Scene$ScenePeerListener.mouseEvent(Scene.java:2607) ~[javafx-graphics-18.0.2-win.jar:?]
	at com.sun.javafx.tk.quantum.GlassViewEventHandler$MouseEventNotification.run(GlassViewEventHandler.java:411) ~[javafx-graphics-18.0.2-win.jar:?]
	at com.sun.javafx.tk.quantum.GlassViewEventHandler$MouseEventNotification.run(GlassViewEventHandler.java:301) ~[javafx-graphics-18.0.2-win.jar:?]
	at java.security.AccessController.doPrivileged(AccessController.java:399) ~[?:?]
	at com.sun.javafx.tk.quantum.GlassViewEventHandler.lambda$handleMouseEvent$2(GlassViewEventHandler.java:450) ~[javafx-graphics-18.0.2-win.jar:?]
	at com.sun.javafx.tk.quantum.QuantumToolkit.runWithoutRenderLock(QuantumToolkit.java:424) ~[javafx-graphics-18.0.2-win.jar:?]
	at com.sun.javafx.tk.quantum.GlassViewEventHandler.handleMouseEvent(GlassViewEventHandler.java:449) ~[javafx-graphics-18.0.2-win.jar:?]
	at com.sun.glass.ui.View.handleMouseEvent(View.java:551) ~[javafx-graphics-18.0.2-win.jar:?]
	at com.sun.glass.ui.View.notifyMouse(View.java:937) ~[javafx-graphics-18.0.2-win.jar:?]
	at com.sun.glass.ui.win.WinApplication._runLoop(Native Method) ~[javafx-graphics-18.0.2-win.jar:?]
	at com.sun.glass.ui.win.WinApplication.lambda$runLoop$3(WinApplication.java:184) ~[javafx-graphics-18.0.2-win.jar:?]
	at java.lang.Thread.run(Thread.java:833) [?:?]
Caused by: java.lang.IllegalArgumentException: Can not set javafx.scene.chart.AreaChart field org.wms.adminController.areaChart to javafx.scene.chart.BarChart
	at jdk.internal.reflect.FieldAccessorImpl.throwSetIllegalArgumentException(FieldAccessorImpl.java:228) ~[?:?]
	at jdk.internal.reflect.FieldAccessorImpl.throwSetIllegalArgumentException(FieldAccessorImpl.java:232) ~[?:?]
	at jdk.internal.reflect.MethodHandleObjectFieldAccessorImpl.set(MethodHandleObjectFieldAccessorImpl.java:115) ~[?:?]
	at java.lang.reflect.Field.set(Field.java:820) ~[?:?]
	at javafx.fxml.FXMLLoader.injectFields(FXMLLoader.java:1173) ~[javafx-fxml-18.0.2-win.jar:?]
	at javafx.fxml.FXMLLoader$ValueElement.processValue(FXMLLoader.java:868) ~[javafx-fxml-18.0.2-win.jar:?]
	at javafx.fxml.FXMLLoader$ValueElement.processEndElement(FXMLLoader.java:776) ~[javafx-fxml-18.0.2-win.jar:?]
	at javafx.fxml.FXMLLoader.processEndElement(FXMLLoader.java:2924) ~[javafx-fxml-18.0.2-win.jar:?]
	at javafx.fxml.FXMLLoader.loadImpl(FXMLLoader.java:2639) ~[javafx-fxml-18.0.2-win.jar:?]
	... 59 more
17:18:19.939 [JavaFX Application Thread] ERROR org.wms.loginController - Error occurs while validating user
org.wms.loginController$ViewLoadException: Error loading admin view
	at org.wms.loginController.adminSwitchLoad(loginController.java:220) ~[classes/:?]
	at org.wms.loginController.validateLogin(loginController.java:146) ~[classes/:?]
	at org.wms.loginController.loginButtonOnAction(loginController.java:105) ~[classes/:?]
	at jdk.internal.reflect.DirectMethodHandleAccessor.invoke(DirectMethodHandleAccessor.java:104) ~[?:?]
	at java.lang.reflect.Method.invoke(Method.java:577) ~[?:?]
	at com.sun.javafx.reflect.Trampoline.invoke(MethodUtil.java:77) ~[javafx-base-18.0.2-win.jar:?]
	at jdk.internal.reflect.DirectMethodHandleAccessor.invoke(DirectMethodHandleAccessor.java:104) ~[?:?]
	at java.lang.reflect.Method.invoke(Method.java:577) ~[?:?]
	at com.sun.javafx.reflect.MethodUtil.invoke(MethodUtil.java:275) ~[javafx-base-18.0.2-win.jar:?]
	at com.sun.javafx.fxml.MethodHelper.invoke(MethodHelper.java:84) ~[javafx-fxml-18.0.2-win.jar:?]
	at javafx.fxml.FXMLLoader$MethodHandler.invoke(FXMLLoader.java:1852) ~[javafx-fxml-18.0.2-win.jar:?]
	at javafx.fxml.FXMLLoader$ControllerMethodEventHandler.handle(FXMLLoader.java:1724) ~[javafx-fxml-18.0.2-win.jar:?]
	at com.sun.javafx.event.CompositeEventHandler.dispatchBubblingEvent(CompositeEventHandler.java:86) ~[javafx-base-18.0.2-win.jar:?]
	at com.sun.javafx.event.EventHandlerManager.dispatchBubblingEvent(EventHandlerManager.java:234) ~[javafx-base-18.0.2-win.jar:?]
	at com.sun.javafx.event.EventHandlerManager.dispatchBubblingEvent(EventHandlerManager.java:191) ~[javafx-base-18.0.2-win.jar:?]
	at com.sun.javafx.event.CompositeEventDispatcher.dispatchBubblingEvent(CompositeEventDispatcher.java:59) ~[javafx-base-18.0.2-win.jar:?]
	at com.sun.javafx.event.BasicEventDispatcher.dispatchEvent(BasicEventDispatcher.java:58) ~[javafx-base-18.0.2-win.jar:?]
	at com.sun.javafx.event.EventDispatchChainImpl.dispatchEvent(EventDispatchChainImpl.java:114) ~[javafx-base-18.0.2-win.jar:?]
	at com.sun.javafx.event.BasicEventDispatcher.dispatchEvent(BasicEventDispatcher.java:56) ~[javafx-base-18.0.2-win.jar:?]
	at com.sun.javafx.event.EventDispatchChainImpl.dispatchEvent(EventDispatchChainImpl.java:114) ~[javafx-base-18.0.2-win.jar:?]
	at com.sun.javafx.event.BasicEventDispatcher.dispatchEvent(BasicEventDispatcher.java:56) ~[javafx-base-18.0.2-win.jar:?]
	at com.sun.javafx.event.EventDispatchChainImpl.dispatchEvent(EventDispatchChainImpl.java:114) ~[javafx-base-18.0.2-win.jar:?]
	at com.sun.javafx.event.EventUtil.fireEventImpl(EventUtil.java:74) ~[javafx-base-18.0.2-win.jar:?]
	at com.sun.javafx.event.EventUtil.fireEvent(EventUtil.java:49) ~[javafx-base-18.0.2-win.jar:?]
	at javafx.event.Event.fireEvent(Event.java:198) ~[javafx-base-18.0.2-win.jar:?]
	at javafx.scene.Node.fireEvent(Node.java:8797) ~[javafx-graphics-18.0.2-win.jar:?]
	at javafx.scene.control.Button.fire(Button.java:203) ~[javafx-controls-18.0.2-win.jar:?]
	at com.sun.javafx.scene.control.behavior.ButtonBehavior.mouseReleased(ButtonBehavior.java:208) ~[javafx-controls-18.0.2-win.jar:?]
	at com.sun.javafx.scene.control.inputmap.InputMap.handle(InputMap.java:274) ~[javafx-controls-18.0.2-win.jar:?]
	at com.sun.javafx.event.CompositeEventHandler$NormalEventHandlerRecord.handleBubblingEvent(CompositeEventHandler.java:247) ~[javafx-base-18.0.2-win.jar:?]
	at com.sun.javafx.event.CompositeEventHandler.dispatchBubblingEvent(CompositeEventHandler.java:80) ~[javafx-base-18.0.2-win.jar:?]
	at com.sun.javafx.event.EventHandlerManager.dispatchBubblingEvent(EventHandlerManager.java:234) ~[javafx-base-18.0.2-win.jar:?]
	at com.sun.javafx.event.EventHandlerManager.dispatchBubblingEvent(EventHandlerManager.java:191) ~[javafx-base-18.0.2-win.jar:?]
	at com.sun.javafx.event.CompositeEventDispatcher.dispatchBubblingEvent(CompositeEventDispatcher.java:59) ~[javafx-base-18.0.2-win.jar:?]
	at com.sun.javafx.event.BasicEventDispatcher.dispatchEvent(BasicEventDispatcher.java:58) ~[javafx-base-18.0.2-win.jar:?]
	at com.sun.javafx.event.EventDispatchChainImpl.dispatchEvent(EventDispatchChainImpl.java:114) ~[javafx-base-18.0.2-win.jar:?]
	at com.sun.javafx.event.BasicEventDispatcher.dispatchEvent(BasicEventDispatcher.java:56) ~[javafx-base-18.0.2-win.jar:?]
	at com.sun.javafx.event.EventDispatchChainImpl.dispatchEvent(EventDispatchChainImpl.java:114) ~[javafx-base-18.0.2-win.jar:?]
	at com.sun.javafx.event.BasicEventDispatcher.dispatchEvent(BasicEventDispatcher.java:56) ~[javafx-base-18.0.2-win.jar:?]
	at com.sun.javafx.event.EventDispatchChainImpl.dispatchEvent(EventDispatchChainImpl.java:114) ~[javafx-base-18.0.2-win.jar:?]
	at com.sun.javafx.event.EventUtil.fireEventImpl(EventUtil.java:74) ~[javafx-base-18.0.2-win.jar:?]
	at com.sun.javafx.event.EventUtil.fireEvent(EventUtil.java:54) ~[javafx-base-18.0.2-win.jar:?]
	at javafx.event.Event.fireEvent(Event.java:198) ~[javafx-base-18.0.2-win.jar:?]
	at javafx.scene.Scene$MouseHandler.process(Scene.java:3881) ~[javafx-graphics-18.0.2-win.jar:?]
	at javafx.scene.Scene.processMouseEvent(Scene.java:1874) ~[javafx-graphics-18.0.2-win.jar:?]
	at javafx.scene.Scene$ScenePeerListener.mouseEvent(Scene.java:2607) ~[javafx-graphics-18.0.2-win.jar:?]
	at com.sun.javafx.tk.quantum.GlassViewEventHandler$MouseEventNotification.run(GlassViewEventHandler.java:411) ~[javafx-graphics-18.0.2-win.jar:?]
	at com.sun.javafx.tk.quantum.GlassViewEventHandler$MouseEventNotification.run(GlassViewEventHandler.java:301) ~[javafx-graphics-18.0.2-win.jar:?]
	at java.security.AccessController.doPrivileged(AccessController.java:399) ~[?:?]
	at com.sun.javafx.tk.quantum.GlassViewEventHandler.lambda$handleMouseEvent$2(GlassViewEventHandler.java:450) ~[javafx-graphics-18.0.2-win.jar:?]
	at com.sun.javafx.tk.quantum.QuantumToolkit.runWithoutRenderLock(QuantumToolkit.java:424) ~[javafx-graphics-18.0.2-win.jar:?]
	at com.sun.javafx.tk.quantum.GlassViewEventHandler.handleMouseEvent(GlassViewEventHandler.java:449) ~[javafx-graphics-18.0.2-win.jar:?]
	at com.sun.glass.ui.View.handleMouseEvent(View.java:551) ~[javafx-graphics-18.0.2-win.jar:?]
	at com.sun.glass.ui.View.notifyMouse(View.java:937) ~[javafx-graphics-18.0.2-win.jar:?]
	at com.sun.glass.ui.win.WinApplication._runLoop(Native Method) ~[javafx-graphics-18.0.2-win.jar:?]
	at com.sun.glass.ui.win.WinApplication.lambda$runLoop$3(WinApplication.java:184) ~[javafx-graphics-18.0.2-win.jar:?]
	at java.lang.Thread.run(Thread.java:833) [?:?]
Caused by: javafx.fxml.LoadException: 
/E:/IntelijFiles/WMS/target/classes/org/wms/adminView.fxml:421

	at javafx.fxml.FXMLLoader.constructLoadException(FXMLLoader.java:2707) ~[javafx-fxml-18.0.2-win.jar:?]
	at javafx.fxml.FXMLLoader.loadImpl(FXMLLoader.java:2685) ~[javafx-fxml-18.0.2-win.jar:?]
	at javafx.fxml.FXMLLoader.loadImpl(FXMLLoader.java:2548) ~[javafx-fxml-18.0.2-win.jar:?]
	at javafx.fxml.FXMLLoader.load(FXMLLoader.java:2516) ~[javafx-fxml-18.0.2-win.jar:?]
	at org.wms.loginController.adminSwitchLoad(loginController.java:216) ~[classes/:?]
	... 56 more
Caused by: java.lang.IllegalArgumentException: Can not set javafx.scene.chart.AreaChart field org.wms.adminController.areaChart to javafx.scene.chart.BarChart
	at jdk.internal.reflect.FieldAccessorImpl.throwSetIllegalArgumentException(FieldAccessorImpl.java:228) ~[?:?]
	at jdk.internal.reflect.FieldAccessorImpl.throwSetIllegalArgumentException(FieldAccessorImpl.java:232) ~[?:?]
	at jdk.internal.reflect.MethodHandleObjectFieldAccessorImpl.set(MethodHandleObjectFieldAccessorImpl.java:115) ~[?:?]
	at java.lang.reflect.Field.set(Field.java:820) ~[?:?]
	at javafx.fxml.FXMLLoader.injectFields(FXMLLoader.java:1173) ~[javafx-fxml-18.0.2-win.jar:?]
	at javafx.fxml.FXMLLoader$ValueElement.processValue(FXMLLoader.java:868) ~[javafx-fxml-18.0.2-win.jar:?]
	at javafx.fxml.FXMLLoader$ValueElement.processEndElement(FXMLLoader.java:776) ~[javafx-fxml-18.0.2-win.jar:?]
	at javafx.fxml.FXMLLoader.processEndElement(FXMLLoader.java:2924) ~[javafx-fxml-18.0.2-win.jar:?]
	at javafx.fxml.FXMLLoader.loadImpl(FXMLLoader.java:2639) ~[javafx-fxml-18.0.2-win.jar:?]
	at javafx.fxml.FXMLLoader.loadImpl(FXMLLoader.java:2548) ~[javafx-fxml-18.0.2-win.jar:?]
	at javafx.fxml.FXMLLoader.load(FXMLLoader.java:2516) ~[javafx-fxml-18.0.2-win.jar:?]
	at org.wms.loginController.adminSwitchLoad(loginController.java:216) ~[classes/:?]
	... 56 more
