09:50:16.939 [JavaFX Application Thread] INFO  org.wms.main - Starting the application...
09:50:17.971 [JavaFX Application Thread] INFO  org.wms.loginController - Loading Login Page
09:50:18.377 [JavaFX Application Thread] INFO  org.wms.main - Application started successfully.
09:50:30.010 [JavaFX Application Thread] INFO  org.wms.userController - User controller initialized successfully
09:50:30.026 [JavaFX Application Thread] INFO  org.wms.loginController - Switched to user view
09:50:30.026 [JavaFX Application Thread] INFO  org.wms.loginController - User logged in
09:50:42.258 [JavaFX Application Thread] INFO  org.wms.userController - Printing the Placed items 
09:50:42.259 [JavaFX Application Thread] INFO  org.wms.userController - Sofa bed and table 
09:50:46.383 [JavaFX Application Thread] INFO  org.wms.userController - Printing the Placed items 
09:50:46.383 [JavaFX Application Thread] INFO  org.wms.userController - Sofa bed and table 
09:50:52.623 [JavaFX Application Thread] INFO  org.wms.userController - Printing the Placed items 
09:50:52.624 [JavaFX Application Thread] INFO  org.wms.userController - Sofa bed and table 
09:50:53.409 [JavaFX Application Thread] INFO  org.wms.thankyouController - Thank you page initialized successfully
09:50:55.322 [JavaFX Application Thread] INFO  org.wms.loginController - Loading Login Page
09:50:55.337 [JavaFX Application Thread] INFO  org.wms.thankyouController - Closing the window and returning to login view
09:51:08.284 [JavaFX Application Thread] INFO  org.wms.adminController - Images initialized successfully.
09:51:08.304 [JavaFX Application Thread] INFO  org.wms.adminController - Retrieved pending orders count: 0
09:51:08.307 [JavaFX Application Thread] INFO  org.wms.adminController - Warehouse data loaded successfully.
09:51:08.307 [JavaFX Application Thread] INFO  org.wms.adminController - Dropdowns initialized successfully.
09:51:08.310 [JavaFX Application Thread] INFO  org.wms.adminController - Truck time loaded successfully.
09:51:08.311 [JavaFX Application Thread] INFO  org.wms.adminController - Retrieved not delivered orders from the database.
09:51:08.312 [JavaFX Application Thread] INFO  org.wms.adminController - Loaded not delivered orders into the table.
09:51:08.345 [JavaFX Application Thread] INFO  org.wms.loginController - Switched to admin view
09:51:08.346 [JavaFX Application Thread] INFO  org.wms.loginController - Admin logged in
09:51:18.912 [JavaFX Application Thread] INFO  org.wms.adminController - Orders button clicked. Orders section displayed.
