20:59:48.341 [JavaFX Application Thread] INFO  org.wms.main - Starting the application...
20:59:49.857 [JavaFX Application Thread] INFO  org.wms.main - Application started successfully.
20:59:53.870 [JavaFX Application Thread] INFO  org.wms.loginController - Loading Login Page
21:00:03.018 [JavaFX Application Thread] INFO  org.wms.adminController - Images initialized successfully.
21:00:03.021 [JavaFX Application Thread] INFO  org.wms.adminController - Retrieved pending orders count: 2
21:00:03.021 [JavaFX Application Thread] INFO  org.wms.adminController - Dropdowns initialized successfully.
21:00:03.026 [JavaFX Application Thread] INFO  org.wms.adminController - Retrieved not delivered orders from the database.
21:00:03.027 [JavaFX Application Thread] INFO  org.wms.adminController - Loaded not delivered orders into the table.
21:00:03.073 [JavaFX Application Thread] INFO  org.wms.loginController - Switched to admin view
21:00:03.073 [JavaFX Application Thread] INFO  org.wms.loginController - Admin logged in
21:00:17.660 [JavaFX Application Thread] INFO  org.wms.adminController - Pending button clicked. Orders section displayed.
21:00:20.581 [JavaFX Application Thread] INFO  org.wms.adminController - Add Commodity button clicked. Add commodity section displayed.
21:00:25.070 [JavaFX Application Thread] INFO  org.wms.adminController - Orders button clicked. Orders section displayed.
21:00:35.250 [JavaFX Application Thread] INFO  org.wms.adminController - Retrieved not delivered orders from the database.
21:00:35.250 [JavaFX Application Thread] INFO  org.wms.adminController - Loaded not delivered orders into the table.
21:00:35.251 [JavaFX Application Thread] INFO  org.wms.adminController - Retrieved pending orders count: 0
21:00:39.377 [JavaFX Application Thread] INFO  org.wms.adminController - Home button clicked. Dashboard section displayed.
21:00:50.578 [JavaFX Application Thread] INFO  org.wms.adminController - Orders button clicked. Orders section displayed.
21:00:52.089 [JavaFX Application Thread] INFO  org.wms.adminController - Add Commodity button clicked. Add commodity section displayed.
21:01:11.347 [JavaFX Application Thread] INFO  org.wms.adminController - Home button clicked. Dashboard section displayed.
21:01:14.194 [JavaFX Application Thread] INFO  org.wms.adminController - Orders button clicked. Orders section displayed.
21:01:16.120 [JavaFX Application Thread] INFO  org.wms.adminController - Add Commodity button clicked. Add commodity section displayed.
21:01:22.389 [JavaFX Application Thread] INFO  org.wms.adminController - Home button clicked. Dashboard section displayed.
21:01:23.529 [JavaFX Application Thread] INFO  org.wms.adminController - Orders button clicked. Orders section displayed.
21:01:26.774 [JavaFX Application Thread] INFO  org.wms.adminController - Add Commodity button clicked. Add commodity section displayed.
21:01:40.922 [JavaFX Application Thread] INFO  org.wms.adminController - Home button clicked. Dashboard section displayed.
21:01:44.625 [JavaFX Application Thread] INFO  org.wms.adminController - Orders button clicked. Orders section displayed.
21:01:47.585 [JavaFX Application Thread] INFO  org.wms.adminController - Add Commodity button clicked. Add commodity section displayed.
21:01:49.206 [JavaFX Application Thread] INFO  org.wms.adminController - Orders button clicked. Orders section displayed.
21:02:05.193 [JavaFX Application Thread] INFO  org.wms.adminController - Orders button clicked. Orders section displayed.
21:02:06.927 [JavaFX Application Thread] INFO  org.wms.adminController - Home button clicked. Dashboard section displayed.
21:02:17.048 [JavaFX Application Thread] INFO  org.wms.adminController - History button clicked. Log table displayed.
21:02:47.253 [JavaFX Application Thread] INFO  org.wms.adminController - History button clicked. Graph displayed.
21:02:51.844 [JavaFX Application Thread] INFO  org.wms.adminController - Orders button clicked. Orders section displayed.
21:02:53.042 [JavaFX Application Thread] INFO  org.wms.adminController - Add Commodity button clicked. Add commodity section displayed.
21:02:59.814 [JavaFX Application Thread] INFO  org.wms.adminController - Home button clicked. Dashboard section displayed.
