11:59:23.997 [JavaFX Application Thread] INFO  org.wms.main - Starting the application...
11:59:24.064 [JavaFX Application Thread] ERROR org.wms.main - Error loading loginView.fxml
javafx.fxml.LoadException: 
/E:/IntelijFiles/WMS/target/classes/org/wms/loginView.fxml:13

	at javafx.fxml.FXMLLoader.constructLoadException(FXMLLoader.java:2707) ~[javafx-fxml-18.0.2-win.jar:?]
	at javafx.fxml.FXMLLoader$ValueElement.processAttribute(FXMLLoader.java:933) ~[javafx-fxml-18.0.2-win.jar:?]
	at javafx.fxml.FXMLLoader$InstanceDeclarationElement.processAttribute(FXMLLoader.java:981) ~[javafx-fxml-18.0.2-win.jar:?]
	at javafx.fxml.FXMLLoader$Element.processStartElement(FXMLLoader.java:230) ~[javafx-fxml-18.0.2-win.jar:?]
	at javafx.fxml.FXMLLoader$ValueElement.processStartElement(FXMLLoader.java:755) ~[javafx-fxml-18.0.2-win.jar:?]
	at javafx.fxml.FXMLLoader.processStartElement(FXMLLoader.java:2808) ~[javafx-fxml-18.0.2-win.jar:?]
	at javafx.fxml.FXMLLoader.loadImpl(FXMLLoader.java:2634) ~[javafx-fxml-18.0.2-win.jar:?]
	at javafx.fxml.FXMLLoader.loadImpl(FXMLLoader.java:2548) ~[javafx-fxml-18.0.2-win.jar:?]
	at javafx.fxml.FXMLLoader.load(FXMLLoader.java:2516) ~[javafx-fxml-18.0.2-win.jar:?]
	at org.wms.main.start(main.java:22) ~[classes/:?]
	at com.sun.javafx.application.LauncherImpl.lambda$launchApplication1$9(LauncherImpl.java:847) ~[javafx-graphics-18.0.2-win.jar:?]
	at com.sun.javafx.application.PlatformImpl.lambda$runAndWait$12(PlatformImpl.java:484) ~[javafx-graphics-18.0.2-win.jar:?]
	at com.sun.javafx.application.PlatformImpl.lambda$runLater$10(PlatformImpl.java:457) ~[javafx-graphics-18.0.2-win.jar:?]
	at java.security.AccessController.doPrivileged(AccessController.java:399) ~[?:?]
	at com.sun.javafx.application.PlatformImpl.lambda$runLater$11(PlatformImpl.java:456) ~[javafx-graphics-18.0.2-win.jar:?]
	at com.sun.glass.ui.InvokeLaterDispatcher$Future.run(InvokeLaterDispatcher.java:96) ~[javafx-graphics-18.0.2-win.jar:?]
	at com.sun.glass.ui.win.WinApplication._runLoop(Native Method) ~[javafx-graphics-18.0.2-win.jar:?]
	at com.sun.glass.ui.win.WinApplication.lambda$runLoop$3(WinApplication.java:184) ~[javafx-graphics-18.0.2-win.jar:?]
	at java.lang.Thread.run(Thread.java:833) [?:?]
Caused by: java.lang.ClassNotFoundException: org.wms.loginController
	at jdk.internal.loader.BuiltinClassLoader.loadClass(BuiltinClassLoader.java:641) ~[?:?]
	at jdk.internal.loader.ClassLoaders$AppClassLoader.loadClass(ClassLoaders.java:188) ~[?:?]
	at java.lang.ClassLoader.loadClass(ClassLoader.java:521) ~[?:?]
	at javafx.fxml.FXMLLoader$ValueElement.processAttribute(FXMLLoader.java:931) ~[javafx-fxml-18.0.2-win.jar:?]
	... 17 more
