09:27:05.307 [JavaFX Application Thread] INFO  org.wms.main - Starting the application...
09:27:06.166 [JavaFX Application Thread] INFO  org.wms.loginController - Loading Login Page
09:27:06.477 [JavaFX Application Thread] INFO  org.wms.main - Application started successfully.
09:27:21.397 [JavaFX Application Thread] INFO  org.wms.adminController - Images initialized successfully.
09:27:21.405 [JavaFX Application Thread] INFO  org.wms.adminController - Retrieved pending orders count: 1
09:27:21.409 [JavaFX Application Thread] INFO  org.wms.adminController - Warehouse data loaded successfully.
09:27:21.409 [JavaFX Application Thread] INFO  org.wms.adminController - Dropdowns initialized successfully.
09:27:21.413 [JavaFX Application Thread] INFO  org.wms.adminController - Retrieved not delivered orders from the database.
09:27:21.414 [JavaFX Application Thread] INFO  org.wms.adminController - Loaded not delivered orders into the table.
09:27:21.463 [JavaFX Application Thread] INFO  org.wms.loginController - Switched to admin view
09:27:21.463 [JavaFX Application Thread] INFO  org.wms.loginController - Admin logged in
09:27:35.372 [JavaFX Application Thread] INFO  org.wms.adminController - Add Commodity button clicked. Add commodity section displayed.
09:27:37.687 [JavaFX Application Thread] INFO  org.wms.adminController - Orders button clicked. Orders section displayed.
09:27:43.450 [JavaFX Application Thread] INFO  org.wms.adminController - Add Commodity button clicked. Add commodity section displayed.
09:27:51.758 [JavaFX Application Thread] INFO  org.wms.adminController - Home button clicked. Dashboard section displayed.
09:27:55.450 [JavaFX Application Thread] INFO  org.wms.adminController - History button clicked. Log table displayed.
09:27:58.576 [JavaFX Application Thread] INFO  org.wms.adminController - History button clicked. Graph displayed.
09:28:00.166 [JavaFX Application Thread] INFO  org.wms.adminController - Add Commodity button clicked. Add commodity section displayed.
09:28:01.081 [JavaFX Application Thread] INFO  org.wms.adminController - Orders button clicked. Orders section displayed.
09:28:06.233 [JavaFX Application Thread] INFO  org.wms.adminController - Add Commodity button clicked. Add commodity section displayed.
