11:04:35.806 [JavaFX Application Thread] INFO  org.wms.main - Starting the application...
11:04:36.596 [JavaFX Application Thread] INFO  org.wms.loginController - Loading Login Page
11:04:36.887 [JavaFX Application Thread] INFO  org.wms.main - Application started successfully.
11:04:43.792 [JavaFX Application Thread] INFO  org.wms.loginController - Switched to Gatekeeper View
11:04:43.792 [JavaFX Application Thread] INFO  org.wms.loginController - gatekeeper Logged in
11:04:48.432 [JavaFX Application Thread] INFO  org.wms.loginController - Loading Login Page
11:05:12.022 [JavaFX Application Thread] INFO  org.wms.adminController - Images initialized successfully.
11:05:12.027 [JavaFX Application Thread] INFO  org.wms.adminController - Retrieved pending orders count: 8
11:05:12.028 [JavaFX Application Thread] INFO  org.wms.adminController - Dropdowns initialized successfully.
11:05:12.038 [JavaFX Application Thread] INFO  org.wms.adminController - Retrieved not delivered orders from the database.
11:05:12.039 [JavaFX Application Thread] INFO  org.wms.adminController - Loaded not delivered orders into the table.
11:05:12.122 [JavaFX Application Thread] INFO  org.wms.loginController - Switched to admin view
11:05:12.122 [JavaFX Application Thread] INFO  org.wms.loginController - Admin logged in
11:05:19.154 [JavaFX Application Thread] INFO  org.wms.adminController - History button clicked. Log table displayed.
11:05:30.849 [JavaFX Application Thread] INFO  org.wms.adminController - Orders button clicked. Orders section displayed.
11:05:34.967 [JavaFX Application Thread] INFO  org.wms.adminController - Add Commodity button clicked. Add commodity section displayed.
11:05:56.553 [JavaFX Application Thread] INFO  org.wms.adminController - Home button clicked. Dashboard section displayed.
11:07:17.462 [JavaFX Application Thread] INFO  org.wms.adminController - Orders button clicked. Orders section displayed.
11:07:20.409 [JavaFX Application Thread] INFO  org.wms.adminController - Home button clicked. Dashboard section displayed.
11:07:22.836 [JavaFX Application Thread] INFO  org.wms.adminController - Pending button clicked. Orders section displayed.
11:07:25.405 [JavaFX Application Thread] INFO  org.wms.adminController - Orders button clicked. Orders section displayed.
11:07:26.310 [JavaFX Application Thread] INFO  org.wms.adminController - Add Commodity button clicked. Add commodity section displayed.
11:07:27.447 [JavaFX Application Thread] INFO  org.wms.adminController - Home button clicked. Dashboard section displayed.
