16:09:33.224 [JavaFX Application Thread] INFO  org.wms.main - Starting the application...
16:09:33.995 [JavaFX Application Thread] INFO  org.wms.loginController - Loading Login Page
16:09:34.294 [JavaFX Application Thread] INFO  org.wms.main - Application started successfully.
16:09:42.097 [JavaFX Application Thread] INFO  org.wms.adminController - Images initialized successfully.
16:09:42.099 [JavaFX Application Thread] INFO  org.wms.adminController - Retrieved pending orders count: 5
16:09:42.102 [JavaFX Application Thread] INFO  org.wms.adminController - Warehouse data loaded successfully.
16:09:42.102 [JavaFX Application Thread] INFO  org.wms.adminController - Dropdowns initialized successfully.
16:09:42.105 [JavaFX Application Thread] INFO  org.wms.adminController - Truck time loaded successfully.
16:09:42.112 [JavaFX Application Thread] INFO  org.wms.adminController - Retrieved not delivered orders from the database.
16:09:42.113 [JavaFX Application Thread] INFO  org.wms.adminController - Loaded not delivered orders into the table.
16:09:42.149 [JavaFX Application Thread] INFO  org.wms.loginController - Switched to admin view
16:09:42.149 [JavaFX Application Thread] INFO  org.wms.loginController - Admin logged in
16:09:44.540 [JavaFX Application Thread] INFO  org.wms.adminController - Orders button clicked. Orders section displayed.
16:09:50.073 [JavaFX Application Thread] INFO  org.wms.adminController - Warehouse data loaded successfully.
16:09:53.082 [JavaFX Application Thread] INFO  org.wms.adminController - Retrieved not delivered orders from the database.
16:09:53.083 [JavaFX Application Thread] INFO  org.wms.adminController - Loaded not delivered orders into the table.
16:09:53.084 [JavaFX Application Thread] INFO  org.wms.adminController - Truck time loaded successfully.
16:09:53.085 [JavaFX Application Thread] INFO  org.wms.adminController - Retrieved pending orders count: 4
16:09:53.090 [JavaFX Application Thread] INFO  org.wms.adminController - Warehouse data loaded successfully.
16:09:58.738 [JavaFX Application Thread] INFO  org.wms.adminController - Add Commodity button clicked. Add commodity section displayed.
16:10:00.608 [JavaFX Application Thread] INFO  org.wms.adminController - Home button clicked. Dashboard section displayed.
16:10:03.356 [JavaFX Application Thread] INFO  org.wms.adminController - Orders button clicked. Orders section displayed.
16:10:09.047 [JavaFX Application Thread] ERROR org.wms.adminController - Truck is out for Delivery
16:10:10.193 [JavaFX Application Thread] INFO  org.wms.adminController - Home button clicked. Dashboard section displayed.
