10:04:56.171 [JavaFX Application Thread] INFO  org.wms.main - Starting the application...
10:04:56.994 [JavaFX Application Thread] INFO  org.wms.loginController - Loading Login Page
10:04:57.311 [JavaFX Application Thread] INFO  org.wms.main - Application started successfully.
10:05:05.486 [JavaFX Application Thread] INFO  org.wms.adminController - Images initialized successfully.
10:05:05.489 [JavaFX Application Thread] INFO  org.wms.adminController - Retrieved pending orders count: 1
10:05:05.492 [JavaFX Application Thread] INFO  org.wms.adminController - Warehouse data loaded successfully.
10:05:05.492 [JavaFX Application Thread] INFO  org.wms.adminController - Dropdowns initialized successfully.
10:05:05.496 [JavaFX Application Thread] INFO  org.wms.adminController - Retrieved not delivered orders from the database.
10:05:05.496 [JavaFX Application Thread] INFO  org.wms.adminController - Loaded not delivered orders into the table.
10:05:05.540 [JavaFX Application Thread] INFO  org.wms.loginController - Switched to admin view
10:05:05.540 [JavaFX Application Thread] INFO  org.wms.loginController - Admin logged in
10:05:13.574 [JavaFX Application Thread] INFO  org.wms.adminController - Add Commodity button clicked. Add commodity section displayed.
10:05:18.332 [JavaFX Application Thread] INFO  org.wms.adminController - Orders button clicked. Orders section displayed.
10:05:22.321 [JavaFX Application Thread] INFO  org.wms.adminController - Add Commodity button clicked. Add commodity section displayed.
10:05:29.852 [JavaFX Application Thread] INFO  org.wms.adminController - Home button clicked. Dashboard section displayed.
10:05:48.978 [JavaFX Application Thread] INFO  org.wms.adminController - Add Commodity button clicked. Add commodity section displayed.
10:10:46.716 [JavaFX Application Thread] INFO  org.wms.adminController - Home button clicked. Dashboard section displayed.
10:12:26.906 [JavaFX Application Thread] INFO  org.wms.adminController - History button clicked. Log table displayed.
10:13:19.566 [JavaFX Application Thread] INFO  org.wms.adminController - History button clicked. Graph displayed.
10:13:21.490 [JavaFX Application Thread] INFO  org.wms.adminController - Add Commodity button clicked. Add commodity section displayed.
10:13:23.475 [JavaFX Application Thread] INFO  org.wms.adminController - Orders button clicked. Orders section displayed.
10:17:32.215 [JavaFX Application Thread] INFO  org.wms.adminController - Add Commodity button clicked. Add commodity section displayed.
