21:32:16.151 [JavaFX Application Thread] INFO  org.wms.main - Starting the application...
21:32:16.847 [JavaFX Application Thread] INFO  org.wms.loginController - Loading Login Page
21:32:17.136 [JavaFX Application Thread] INFO  org.wms.main - Application started successfully.
21:32:27.052 [JavaFX Application Thread] INFO  org.wms.adminController - Images initialized successfully.
21:32:27.054 [JavaFX Application Thread] INFO  org.wms.adminController - Retrieved pending orders count: 0
21:32:27.054 [JavaFX Application Thread] INFO  org.wms.adminController - Dropdowns initialized successfully.
21:32:27.055 [JavaFX Application Thread] INFO  org.wms.adminController - Retrieved not delivered orders from the database.
21:32:27.058 [JavaFX Application Thread] INFO  org.wms.adminController - Loaded not delivered orders into the table.
21:32:27.108 [JavaFX Application Thread] INFO  org.wms.loginController - Switched to admin view
21:32:27.108 [JavaFX Application Thread] INFO  org.wms.loginController - Admin logged in
21:32:30.623 [JavaFX Application Thread] INFO  org.wms.adminController - History button clicked. Log table displayed.
21:33:01.929 [JavaFX Application Thread] INFO  org.wms.loginController - Loading Login Page
21:33:09.653 [JavaFX Application Thread] INFO  org.wms.loginController - Switched to Gatekeeper View
21:33:09.653 [JavaFX Application Thread] INFO  org.wms.loginController - gatekeeper Logged in
21:33:27.886 [JavaFX Application Thread] INFO  org.wms.loginController - Loading Login Page
21:33:35.704 [JavaFX Application Thread] INFO  org.wms.adminController - Images initialized successfully.
21:33:35.708 [JavaFX Application Thread] INFO  org.wms.adminController - Retrieved pending orders count: 0
21:33:35.708 [JavaFX Application Thread] INFO  org.wms.adminController - Dropdowns initialized successfully.
21:33:35.709 [JavaFX Application Thread] INFO  org.wms.adminController - Retrieved not delivered orders from the database.
21:33:35.709 [JavaFX Application Thread] INFO  org.wms.adminController - Loaded not delivered orders into the table.
21:33:35.729 [JavaFX Application Thread] INFO  org.wms.loginController - Switched to admin view
21:33:35.730 [JavaFX Application Thread] INFO  org.wms.loginController - Admin logged in
21:33:42.715 [JavaFX Application Thread] INFO  org.wms.adminController - History button clicked. Log table displayed.
21:34:01.451 [JavaFX Application Thread] INFO  org.wms.adminController - Orders button clicked. Orders section displayed.
21:34:02.912 [JavaFX Application Thread] INFO  org.wms.adminController - Add Commodity button clicked. Add commodity section displayed.
21:34:09.476 [JavaFX Application Thread] INFO  org.wms.adminController - Home button clicked. Dashboard section displayed.
