16:14:21.300 [JavaFX Application Thread] INFO  org.wms.main - Starting the application...
16:14:22.259 [JavaFX Application Thread] INFO  org.wms.loginController - Loading Login Page
16:14:22.616 [JavaFX Application Thread] INFO  org.wms.main - Application started successfully.
16:14:33.268 [JavaFX Application Thread] INFO  org.wms.adminController - Images initialized successfully.
16:14:33.271 [JavaFX Application Thread] INFO  org.wms.adminController - Retrieved pending orders count: 1
16:14:33.274 [JavaFX Application Thread] INFO  org.wms.adminController - Warehouse data loaded successfully.
16:14:33.274 [JavaFX Application Thread] INFO  org.wms.adminController - Dropdowns initialized successfully.
16:14:33.279 [JavaFX Application Thread] INFO  org.wms.adminController - Retrieved not delivered orders from the database.
16:14:33.281 [JavaFX Application Thread] INFO  org.wms.adminController - Loaded not delivered orders into the table.
16:14:33.319 [JavaFX Application Thread] INFO  org.wms.loginController - Switched to admin view
16:14:33.319 [JavaFX Application Thread] INFO  org.wms.loginController - Admin logged in
16:14:38.912 [JavaFX Application Thread] INFO  org.wms.adminController - History button clicked. Log table displayed.
16:14:39.936 [JavaFX Application Thread] INFO  org.wms.adminController - History button clicked. Graph displayed.
16:14:40.919 [JavaFX Application Thread] INFO  org.wms.adminController - History button clicked. Log table displayed.
16:14:42.164 [JavaFX Application Thread] INFO  org.wms.adminController - History button clicked. Graph displayed.
16:14:42.817 [JavaFX Application Thread] INFO  org.wms.adminController - History button clicked. Log table displayed.
16:17:01.412 [JavaFX Application Thread] INFO  org.wms.adminController - History button clicked. Graph displayed.
16:17:04.288 [JavaFX Application Thread] INFO  org.wms.adminController - History button clicked. Log table displayed.
16:17:05.068 [JavaFX Application Thread] INFO  org.wms.adminController - History button clicked. Graph displayed.
16:17:05.682 [JavaFX Application Thread] INFO  org.wms.adminController - History button clicked. Log table displayed.
