13:31:32.651 [JavaFX Application Thread] INFO  org.wms.main - Starting the application...
13:31:33.861 [JavaFX Application Thread] INFO  org.wms.main - Application started successfully.
13:31:45.465 [JavaFX Application Thread] INFO  org.wms.loginController - Loading Login Page
13:31:53.791 [JavaFX Application Thread] INFO  org.wms.adminController - Images initialized successfully.
13:31:53.792 [JavaFX Application Thread] INFO  org.wms.adminController - Retrieved pending orders count: 1
13:31:53.799 [JavaFX Application Thread] INFO  org.wms.adminController - Warehouse data loaded successfully.
13:31:53.800 [JavaFX Application Thread] INFO  org.wms.adminController - Dropdowns initialized successfully.
13:31:53.805 [JavaFX Application Thread] INFO  org.wms.adminController - Retrieved not delivered orders from the database.
13:31:53.806 [JavaFX Application Thread] INFO  org.wms.adminController - Loaded not delivered orders into the table.
13:31:53.850 [JavaFX Application Thread] INFO  org.wms.loginController - Switched to admin view
13:31:53.850 [JavaFX Application Thread] INFO  org.wms.loginController - Admin logged in
13:32:24.644 [JavaFX Application Thread] INFO  org.wms.adminController - History button clicked. Log table displayed.
13:32:27.463 [JavaFX Application Thread] INFO  org.wms.adminController - History button clicked. Graph displayed.
13:32:33.841 [JavaFX Application Thread] INFO  org.wms.adminController - Add Commodity button clicked. Add commodity section displayed.
13:32:42.159 [JavaFX Application Thread] INFO  org.wms.adminController - Warehouse data loaded successfully.
13:32:45.452 [JavaFX Application Thread] INFO  org.wms.adminController - Home button clicked. Dashboard section displayed.
13:33:08.254 [JavaFX Application Thread] INFO  org.wms.adminController - Add Commodity button clicked. Add commodity section displayed.
13:33:11.114 [JavaFX Application Thread] INFO  org.wms.adminController - Orders button clicked. Orders section displayed.
13:33:14.069 [JavaFX Application Thread] INFO  org.wms.adminController - Home button clicked. Dashboard section displayed.
13:33:20.506 [JavaFX Application Thread] INFO  org.wms.adminController - Add Commodity button clicked. Add commodity section displayed.
13:33:21.517 [JavaFX Application Thread] INFO  org.wms.adminController - Orders button clicked. Orders section displayed.
13:33:22.587 [JavaFX Application Thread] INFO  org.wms.adminController - Home button clicked. Dashboard section displayed.
13:33:28.003 [JavaFX Application Thread] INFO  org.wms.adminController - Add Commodity button clicked. Add commodity section displayed.
13:33:32.944 [JavaFX Application Thread] ERROR org.wms.adminController - Truck is Empty
