09:46:29.869 [JavaFX Application Thread] INFO  org.wms.main - Starting the application...
09:46:30.879 [JavaFX Application Thread] INFO  org.wms.loginController - Loading Login Page
09:46:31.290 [JavaFX Application Thread] INFO  org.wms.main - Application started successfully.
09:46:40.484 [JavaFX Application Thread] INFO  org.wms.userController - User controller initialized successfully
09:46:40.498 [JavaFX Application Thread] INFO  org.wms.loginController - Switched to user view
09:46:40.499 [JavaFX Application Thread] INFO  org.wms.loginController - User logged in
09:46:52.865 [JavaFX Application Thread] INFO  org.wms.userController - Printing the Placed items 
09:46:52.866 [JavaFX Application Thread] INFO  org.wms.userController - Sofa bed and table 
09:47:02.711 [JavaFX Application Thread] INFO  org.wms.thankyouController - Thank you page initialized successfully
09:47:04.163 [JavaFX Application Thread] INFO  org.wms.userController - User controller initialized successfully
09:47:04.285 [JavaFX Application Thread] INFO  org.wms.thankyouController - Redirecting to user view
09:47:17.312 [JavaFX Application Thread] INFO  org.wms.userController - Printing the Placed items 
09:47:17.312 [JavaFX Application Thread] INFO  org.wms.userController - Sofa bed and table 
09:47:18.483 [JavaFX Application Thread] ERROR org.wms.userController - Error closing place order
javafx.fxml.LoadException: No controller specified.
/C:/Users/CT-D-011/Desktop/WMS%20Latest/WMS-Debut-Project/target/classes/org/wms/userView.fxml:115

	at javafx.fxml.FXMLLoader.constructLoadException(FXMLLoader.java:2703) ~[javafx-fxml-18.0.2-win.jar:?]
	at javafx.fxml.FXMLLoader$Element.getControllerMethodHandle(FXMLLoader.java:568) ~[javafx-fxml-18.0.2-win.jar:?]
	at javafx.fxml.FXMLLoader$Element.processEventHandlerAttributes(FXMLLoader.java:610) ~[javafx-fxml-18.0.2-win.jar:?]
	at javafx.fxml.FXMLLoader$ValueElement.processEndElement(FXMLLoader.java:781) ~[javafx-fxml-18.0.2-win.jar:?]
	at javafx.fxml.FXMLLoader.processEndElement(FXMLLoader.java:2924) ~[javafx-fxml-18.0.2-win.jar:?]
	at javafx.fxml.FXMLLoader.loadImpl(FXMLLoader.java:2639) ~[javafx-fxml-18.0.2-win.jar:?]
	at javafx.fxml.FXMLLoader.loadImpl(FXMLLoader.java:2548) ~[javafx-fxml-18.0.2-win.jar:?]
	at javafx.fxml.FXMLLoader.load(FXMLLoader.java:2516) ~[javafx-fxml-18.0.2-win.jar:?]
	at org.wms.userController.cancelHandler(userController.java:201) ~[classes/:?]
	at jdk.internal.reflect.DirectMethodHandleAccessor.invoke(DirectMethodHandleAccessor.java:103) ~[?:?]
	at java.lang.reflect.Method.invoke(Method.java:580) ~[?:?]
	at com.sun.javafx.reflect.Trampoline.invoke(MethodUtil.java:77) ~[javafx-base-18.0.2-win.jar:?]
	at jdk.internal.reflect.DirectMethodHandleAccessor.invoke(DirectMethodHandleAccessor.java:103) ~[?:?]
	at java.lang.reflect.Method.invoke(Method.java:580) ~[?:?]
	at com.sun.javafx.reflect.MethodUtil.invoke(MethodUtil.java:275) ~[javafx-base-18.0.2-win.jar:?]
	at com.sun.javafx.fxml.MethodHelper.invoke(MethodHelper.java:84) ~[javafx-fxml-18.0.2-win.jar:?]
	at javafx.fxml.FXMLLoader$MethodHandler.invoke(FXMLLoader.java:1852) ~[javafx-fxml-18.0.2-win.jar:?]
	at javafx.fxml.FXMLLoader$ControllerMethodEventHandler.handle(FXMLLoader.java:1724) ~[javafx-fxml-18.0.2-win.jar:?]
	at com.sun.javafx.event.CompositeEventHandler.dispatchBubblingEvent(CompositeEventHandler.java:86) ~[javafx-base-18.0.2-win.jar:?]
	at com.sun.javafx.event.EventHandlerManager.dispatchBubblingEvent(EventHandlerManager.java:234) ~[javafx-base-18.0.2-win.jar:?]
	at com.sun.javafx.event.EventHandlerManager.dispatchBubblingEvent(EventHandlerManager.java:191) ~[javafx-base-18.0.2-win.jar:?]
	at com.sun.javafx.event.CompositeEventDispatcher.dispatchBubblingEvent(CompositeEventDispatcher.java:59) ~[javafx-base-18.0.2-win.jar:?]
	at com.sun.javafx.event.BasicEventDispatcher.dispatchEvent(BasicEventDispatcher.java:58) ~[javafx-base-18.0.2-win.jar:?]
	at com.sun.javafx.event.EventDispatchChainImpl.dispatchEvent(EventDispatchChainImpl.java:114) ~[javafx-base-18.0.2-win.jar:?]
	at com.sun.javafx.event.BasicEventDispatcher.dispatchEvent(BasicEventDispatcher.java:56) ~[javafx-base-18.0.2-win.jar:?]
	at com.sun.javafx.event.EventDispatchChainImpl.dispatchEvent(EventDispatchChainImpl.java:114) ~[javafx-base-18.0.2-win.jar:?]
	at com.sun.javafx.event.BasicEventDispatcher.dispatchEvent(BasicEventDispatcher.java:56) ~[javafx-base-18.0.2-win.jar:?]
	at com.sun.javafx.event.EventDispatchChainImpl.dispatchEvent(EventDispatchChainImpl.java:114) ~[javafx-base-18.0.2-win.jar:?]
	at com.sun.javafx.event.EventUtil.fireEventImpl(EventUtil.java:74) ~[javafx-base-18.0.2-win.jar:?]
	at com.sun.javafx.event.EventUtil.fireEvent(EventUtil.java:49) ~[javafx-base-18.0.2-win.jar:?]
	at javafx.event.Event.fireEvent(Event.java:198) ~[javafx-base-18.0.2-win.jar:?]
	at javafx.scene.Node.fireEvent(Node.java:8797) ~[javafx-graphics-18.0.2-win.jar:?]
	at javafx.scene.control.Button.fire(Button.java:203) ~[javafx-controls-18.0.2-win.jar:?]
	at com.sun.javafx.scene.control.behavior.ButtonBehavior.mouseReleased(ButtonBehavior.java:208) ~[javafx-controls-18.0.2-win.jar:?]
	at com.sun.javafx.scene.control.inputmap.InputMap.handle(InputMap.java:274) ~[javafx-controls-18.0.2-win.jar:?]
	at com.sun.javafx.event.CompositeEventHandler$NormalEventHandlerRecord.handleBubblingEvent(CompositeEventHandler.java:247) ~[javafx-base-18.0.2-win.jar:?]
	at com.sun.javafx.event.CompositeEventHandler.dispatchBubblingEvent(CompositeEventHandler.java:80) ~[javafx-base-18.0.2-win.jar:?]
	at com.sun.javafx.event.EventHandlerManager.dispatchBubblingEvent(EventHandlerManager.java:234) ~[javafx-base-18.0.2-win.jar:?]
	at com.sun.javafx.event.EventHandlerManager.dispatchBubblingEvent(EventHandlerManager.java:191) ~[javafx-base-18.0.2-win.jar:?]
	at com.sun.javafx.event.CompositeEventDispatcher.dispatchBubblingEvent(CompositeEventDispatcher.java:59) ~[javafx-base-18.0.2-win.jar:?]
	at com.sun.javafx.event.BasicEventDispatcher.dispatchEvent(BasicEventDispatcher.java:58) ~[javafx-base-18.0.2-win.jar:?]
	at com.sun.javafx.event.EventDispatchChainImpl.dispatchEvent(EventDispatchChainImpl.java:114) ~[javafx-base-18.0.2-win.jar:?]
	at com.sun.javafx.event.BasicEventDispatcher.dispatchEvent(BasicEventDispatcher.java:56) ~[javafx-base-18.0.2-win.jar:?]
	at com.sun.javafx.event.EventDispatchChainImpl.dispatchEvent(EventDispatchChainImpl.java:114) ~[javafx-base-18.0.2-win.jar:?]
	at com.sun.javafx.event.BasicEventDispatcher.dispatchEvent(BasicEventDispatcher.java:56) ~[javafx-base-18.0.2-win.jar:?]
	at com.sun.javafx.event.EventDispatchChainImpl.dispatchEvent(EventDispatchChainImpl.java:114) ~[javafx-base-18.0.2-win.jar:?]
	at com.sun.javafx.event.EventUtil.fireEventImpl(EventUtil.java:74) ~[javafx-base-18.0.2-win.jar:?]
	at com.sun.javafx.event.EventUtil.fireEvent(EventUtil.java:54) ~[javafx-base-18.0.2-win.jar:?]
	at javafx.event.Event.fireEvent(Event.java:198) ~[javafx-base-18.0.2-win.jar:?]
	at javafx.scene.Scene$MouseHandler.process(Scene.java:3881) ~[javafx-graphics-18.0.2-win.jar:?]
	at javafx.scene.Scene.processMouseEvent(Scene.java:1874) ~[javafx-graphics-18.0.2-win.jar:?]
	at javafx.scene.Scene$ScenePeerListener.mouseEvent(Scene.java:2607) ~[javafx-graphics-18.0.2-win.jar:?]
	at com.sun.javafx.tk.quantum.GlassViewEventHandler$MouseEventNotification.run(GlassViewEventHandler.java:411) ~[javafx-graphics-18.0.2-win.jar:?]
	at com.sun.javafx.tk.quantum.GlassViewEventHandler$MouseEventNotification.run(GlassViewEventHandler.java:301) ~[javafx-graphics-18.0.2-win.jar:?]
	at java.security.AccessController.doPrivileged(AccessController.java:400) ~[?:?]
	at com.sun.javafx.tk.quantum.GlassViewEventHandler.lambda$handleMouseEvent$2(GlassViewEventHandler.java:450) ~[javafx-graphics-18.0.2-win.jar:?]
	at com.sun.javafx.tk.quantum.QuantumToolkit.runWithoutRenderLock(QuantumToolkit.java:424) ~[javafx-graphics-18.0.2-win.jar:?]
	at com.sun.javafx.tk.quantum.GlassViewEventHandler.handleMouseEvent(GlassViewEventHandler.java:449) ~[javafx-graphics-18.0.2-win.jar:?]
	at com.sun.glass.ui.View.handleMouseEvent(View.java:551) ~[javafx-graphics-18.0.2-win.jar:?]
	at com.sun.glass.ui.View.notifyMouse(View.java:937) ~[javafx-graphics-18.0.2-win.jar:?]
	at com.sun.glass.ui.win.WinApplication._runLoop(Native Method) ~[javafx-graphics-18.0.2-win.jar:?]
	at com.sun.glass.ui.win.WinApplication.lambda$runLoop$3(WinApplication.java:184) ~[javafx-graphics-18.0.2-win.jar:?]
	at java.lang.Thread.run(Thread.java:1583) [?:?]
