16:25:00.638 [JavaFX Application Thread] INFO  org.wms.main - Starting the application...
16:25:01.281 [JavaFX Application Thread] INFO  org.wms.loginController - Loading Login Page
16:25:01.556 [JavaFX Application Thread] INFO  org.wms.main - Application started successfully.
16:25:11.824 [JavaFX Application Thread] INFO  org.wms.adminController - Images initialized successfully.
16:25:11.826 [JavaFX Application Thread] INFO  org.wms.adminController - Retrieved pending orders count: 1
16:25:11.828 [JavaFX Application Thread] INFO  org.wms.adminController - Warehouse data loaded successfully.
16:25:11.829 [JavaFX Application Thread] INFO  org.wms.adminController - Dropdowns initialized successfully.
16:25:11.833 [JavaFX Application Thread] INFO  org.wms.adminController - Retrieved not delivered orders from the database.
16:25:11.833 [JavaFX Application Thread] INFO  org.wms.adminController - Loaded not delivered orders into the table.
16:25:11.875 [JavaFX Application Thread] INFO  org.wms.loginController - Switched to admin view
16:25:11.875 [JavaFX Application Thread] INFO  org.wms.loginController - Admin logged in
16:25:17.178 [JavaFX Application Thread] INFO  org.wms.adminController - History button clicked. Log table displayed.
16:25:19.092 [JavaFX Application Thread] INFO  org.wms.adminController - History button clicked. Graph displayed.
16:25:21.418 [JavaFX Application Thread] INFO  org.wms.adminController - History button clicked. Log table displayed.
16:45:07.508 [JavaFX Application Thread] INFO  org.wms.adminController - Add Commodity button clicked. Add commodity section displayed.
16:45:08.779 [JavaFX Application Thread] INFO  org.wms.adminController - Home button clicked. Dashboard section displayed.
16:45:10.002 [JavaFX Application Thread] INFO  org.wms.adminController - History button clicked. Graph displayed.
16:46:13.695 [JavaFX Application Thread] INFO  org.wms.adminController - Add Commodity button clicked. Add commodity section displayed.
16:48:18.042 [JavaFX Application Thread] ERROR org.wms.adminController - Truck is Empty
16:48:19.263 [JavaFX Application Thread] INFO  org.wms.adminController - Orders button clicked. Orders section displayed.
16:48:22.112 [JavaFX Application Thread] WARN  org.wms.adminController - No order selected.
16:48:27.409 [JavaFX Application Thread] INFO  org.wms.adminController - Add Commodity button clicked. Add commodity section displayed.
